2025-10-08 16:32:57 PM INFO: Loaded environment variables from .env.development for NODE_ENV=development 
2025-10-08 16:33:00 PM INFO: Connected to Redis successfully 
2025-10-08 16:41:00 PM INFO: Loaded environment variables from .env.development for NODE_ENV=development 
2025-10-08 16:41:01 PM INFO: Connected to Redis successfully 
2025-10-08 16:55:12 PM INFO: Loaded environment variables from .env.development for NODE_ENV=development 
2025-10-08 16:55:15 PM INFO: Connected to Redis successfully 
2025-10-08 16:55:24 PM INFO: Loaded environment variables from .env.development for NODE_ENV=development 
2025-10-08 16:55:26 PM INFO: Connected to Redis successfully 
2025-10-08 16:55:32 PM INFO: Loaded environment variables from .env.development for NODE_ENV=development 
2025-10-08 16:55:34 PM INFO: Connected to Redis successfully 
2025-10-08 16:55:43 PM INFO: Loaded environment variables from .env.development for NODE_ENV=development 
2025-10-08 16:55:46 PM INFO: Connected to Redis successfully 
2025-10-08 16:55:49 PM INFO: Loaded environment variables from .env.development for NODE_ENV=development 
2025-10-08 16:55:51 PM INFO: Connected to Redis successfully 
2025-10-08 16:56:22 PM INFO: Loaded environment variables from .env.development for NODE_ENV=development 
2025-10-08 16:56:24 PM INFO: Connected to Redis successfully 
2025-10-08 16:56:26 PM INFO: Loaded environment variables from .env.development for NODE_ENV=development 
2025-10-08 16:56:28 PM INFO: Connected to Redis successfully 
2025-10-08 16:57:01 PM INFO: Loaded environment variables from .env.development for NODE_ENV=development 
2025-10-08 16:57:03 PM INFO: Connected to Redis successfully 
2025-10-08 16:57:05 PM INFO: Loaded environment variables from .env.development for NODE_ENV=development 
2025-10-08 16:57:07 PM INFO: Connected to Redis successfully 
2025-10-08 16:57:31 PM INFO: Loaded environment variables from .env.development for NODE_ENV=development 
2025-10-08 16:57:33 PM INFO: Connected to Redis successfully 
2025-10-08 16:57:35 PM INFO: Loaded environment variables from .env.development for NODE_ENV=development 
2025-10-08 16:57:38 PM INFO: Connected to Redis successfully 
2025-10-08 16:57:49 PM INFO: Loaded environment variables from .env.development for NODE_ENV=development 
2025-10-08 16:57:51 PM INFO: Connected to Redis successfully 
2025-10-08 16:57:52 PM INFO: Loaded environment variables from .env.development for NODE_ENV=development 
2025-10-08 16:57:55 PM INFO: Connected to Redis successfully 
2025-10-08 16:58:00 PM INFO: Loaded environment variables from .env.development for NODE_ENV=development 
2025-10-08 16:58:03 PM INFO: Connected to Redis successfully 
2025-10-08 16:58:04 PM INFO: Loaded environment variables from .env.development for NODE_ENV=development 
2025-10-08 16:58:06 PM INFO: Connected to Redis successfully 
2025-10-08 16:58:11 PM INFO: Loaded environment variables from .env.development for NODE_ENV=development 
2025-10-08 16:58:13 PM INFO: Connected to Redis successfully 
2025-10-08 16:58:15 PM INFO: Loaded environment variables from .env.development for NODE_ENV=development 
2025-10-08 16:58:18 PM INFO: Connected to Redis successfully 
2025-10-08 16:58:38 PM INFO: Loaded environment variables from .env.development for NODE_ENV=development 
2025-10-08 16:58:43 PM INFO: Loaded environment variables from .env.development for NODE_ENV=development 
2025-10-08 16:58:45 PM INFO: Connected to Redis successfully 
2025-10-08 16:58:52 PM INFO: Loaded environment variables from .env.development for NODE_ENV=development 
2025-10-08 16:58:54 PM INFO: Connected to Redis successfully 
2025-10-08 16:59:22 PM INFO: Loaded environment variables from .env.development for NODE_ENV=development 
2025-10-08 16:59:24 PM INFO: Connected to Redis successfully 
2025-10-08 16:59:51 PM INFO: Loaded environment variables from .env.development for NODE_ENV=development 
2025-10-08 16:59:53 PM INFO: Connected to Redis successfully 
2025-10-08 17:00:00 PM INFO: Loaded environment variables from .env.development for NODE_ENV=development 
2025-10-08 17:00:02 PM INFO: Connected to Redis successfully 
2025-10-08 17:00:05 PM INFO: Loaded environment variables from .env.development for NODE_ENV=development 
2025-10-08 17:00:07 PM INFO: Connected to Redis successfully 
2025-10-08 17:00:12 PM INFO: Loaded environment variables from .env.development for NODE_ENV=development 
2025-10-08 17:00:14 PM INFO: Connected to Redis successfully 
2025-10-08 17:00:17 PM INFO: Loaded environment variables from .env.development for NODE_ENV=development 
2025-10-08 17:00:19 PM INFO: Connected to Redis successfully 
2025-10-08 17:00:24 PM INFO: Loaded environment variables from .env.development for NODE_ENV=development 
2025-10-08 17:00:26 PM INFO: Connected to Redis successfully 
2025-10-08 17:00:29 PM INFO: Loaded environment variables from .env.development for NODE_ENV=development 
2025-10-08 17:00:31 PM INFO: Connected to Redis successfully 
2025-10-08 17:00:41 PM INFO: Loaded environment variables from .env.development for NODE_ENV=development 
2025-10-08 17:00:44 PM INFO: Connected to Redis successfully 
2025-10-08 17:00:49 PM INFO: Loaded environment variables from .env.development for NODE_ENV=development 
2025-10-08 17:00:51 PM INFO: Connected to Redis successfully 
2025-10-08 17:00:53 PM INFO: Loaded environment variables from .env.development for NODE_ENV=development 
2025-10-08 17:00:55 PM INFO: Connected to Redis successfully 
2025-10-08 17:02:23 PM INFO: Loaded environment variables from .env.development for NODE_ENV=development 
2025-10-08 17:02:25 PM INFO: Connected to Redis successfully 
2025-10-08 17:02:29 PM INFO: Loaded environment variables from .env.development for NODE_ENV=development 
2025-10-08 17:02:31 PM INFO: Connected to Redis successfully 
2025-10-08 17:02:35 PM INFO: Loaded environment variables from .env.development for NODE_ENV=development 
2025-10-08 17:02:37 PM INFO: Connected to Redis successfully 
2025-10-08 17:02:41 PM INFO: Loaded environment variables from .env.development for NODE_ENV=development 
2025-10-08 17:02:43 PM INFO: Connected to Redis successfully 
2025-10-08 17:02:47 PM INFO: Loaded environment variables from .env.development for NODE_ENV=development 
2025-10-08 17:02:49 PM INFO: Connected to Redis successfully 
2025-10-08 17:02:55 PM INFO: Loaded environment variables from .env.development for NODE_ENV=development 
2025-10-08 17:02:57 PM INFO: Connected to Redis successfully 
2025-10-08 17:03:27 PM INFO: Loaded environment variables from .env.development for NODE_ENV=development 
2025-10-08 17:03:29 PM INFO: Connected to Redis successfully 
2025-10-08 17:04:38 PM INFO: Loaded environment variables from .env.development for NODE_ENV=development 
2025-10-08 17:04:40 PM INFO: Connected to Redis successfully 
2025-10-08 17:04:41 PM INFO: Loaded environment variables from .env.development for NODE_ENV=development 
2025-10-08 17:04:43 PM INFO: Connected to Redis successfully 
2025-10-08 17:04:49 PM INFO: Loaded environment variables from .env.development for NODE_ENV=development 
2025-10-08 17:04:51 PM INFO: Connected to Redis successfully 
2025-10-08 17:05:03 PM INFO: Loaded environment variables from .env.development for NODE_ENV=development 
2025-10-08 17:05:05 PM INFO: Connected to Redis successfully 
2025-10-08 17:05:07 PM INFO: Loaded environment variables from .env.development for NODE_ENV=development 
2025-10-08 17:05:10 PM INFO: Connected to Redis successfully 
2025-10-08 17:05:18 PM INFO: Loaded environment variables from .env.development for NODE_ENV=development 
2025-10-08 17:05:20 PM INFO: Connected to Redis successfully 
2025-10-08 17:05:24 PM INFO: Loaded environment variables from .env.development for NODE_ENV=development 
2025-10-08 17:05:28 PM INFO: Connected to Redis successfully 
2025-10-08 17:05:52 PM INFO: Loaded environment variables from .env.development for NODE_ENV=development 
2025-10-08 17:05:54 PM INFO: Connected to Redis successfully 
2025-10-08 17:05:56 PM ERROR: Failed to connect to MongoDB: connect ECONNREFUSED 127.0.0.1:27017 
2025-10-08 17:10:44 PM INFO: Loaded environment variables from .env.development for NODE_ENV=development 
2025-10-08 17:10:46 PM INFO: MongoDB connected 
2025-10-08 17:11:03 PM INFO: Loaded environment variables from .env.development for NODE_ENV=development 
2025-10-08 17:13:02 PM INFO: Loaded environment variables from .env.development for NODE_ENV=development 
2025-10-08 17:13:04 PM INFO: MongoDB connected 
2025-10-08 17:30:04 PM INFO: Loaded environment variables from .env.development for NODE_ENV=development 
2025-10-08 17:30:06 PM INFO: MongoDB connected 
2025-10-08 17:30:38 PM INFO: Loaded environment variables from .env.development for NODE_ENV=development 
2025-10-08 17:30:40 PM INFO: MongoDB connected 
2025-10-08 17:34:28 PM INFO: Loaded environment variables from .env.development for NODE_ENV=development 
2025-10-08 17:34:31 PM INFO: MongoDB connected 
2025-10-08 17:34:31 PM INFO: MongoDB connected 
2025-10-08 17:34:31 PM INFO: Redis connected 
2025-10-08 17:34:31 PM INFO: Redis connected 
2025-10-08 17:34:31 PM INFO: Server is running on port 3000 
2025-10-08 17:34:34 PM INFO: Loaded environment variables from .env.development for NODE_ENV=development 
2025-10-08 17:34:36 PM INFO: MongoDB connected 
2025-10-08 17:34:36 PM INFO: MongoDB connected 
2025-10-08 17:34:36 PM INFO: Redis connected 
2025-10-08 17:34:36 PM INFO: Redis connected 
2025-10-08 17:34:36 PM INFO: Server is running on port 3000 
2025-10-08 17:37:44 PM INFO: Loaded environment variables from .env.development for NODE_ENV=development 
2025-10-08 17:37:47 PM INFO: MongoDB connected 
2025-10-08 17:37:47 PM INFO: Redis connected 
2025-10-08 17:37:47 PM INFO: Redis connected 
2025-10-08 17:37:47 PM INFO: Server is running on port 3000 
2025-10-08 17:37:57 PM INFO: Loaded environment variables from .env.development for NODE_ENV=development 
2025-10-08 17:37:59 PM INFO: MongoDB connected 
2025-10-08 17:37:59 PM INFO: Redis connected 
2025-10-08 17:37:59 PM INFO: Server is running on port 3000 
2025-10-08 17:38:07 PM INFO: Loaded environment variables from .env.development for NODE_ENV=development 
2025-10-08 17:38:10 PM INFO: MongoDB connected 
2025-10-08 17:38:10 PM INFO: Redis connected 
2025-10-08 17:38:10 PM INFO: Server is running on port 3000 
2025-10-08 17:38:15 PM INFO: Loaded environment variables from .env.development for NODE_ENV=development 
2025-10-08 17:38:17 PM INFO: MongoDB connected 
2025-10-08 17:38:17 PM INFO: Redis connected 
2025-10-08 17:38:17 PM INFO: Server is running on port 3000 
2025-10-08 17:38:19 PM INFO: Loaded environment variables from .env.development for NODE_ENV=development 
2025-10-08 17:38:21 PM INFO: MongoDB connected 
2025-10-08 17:38:21 PM INFO: Redis connected 
2025-10-08 17:38:21 PM INFO: Server is running on port 3000 
2025-10-08 17:38:31 PM WARN: GET / 404 6ms 
{
  "req": {
    "url": "/",
    "headers": {
      "host": "localhost:3000",
      "connection": "keep-alive",
      "sec-ch-ua": "\"Brave\";v=\"141\", \"Not?A_Brand\";v=\"8\", \"Chromium\";v=\"141\"",
      "sec-ch-ua-mobile": "?0",
      "sec-ch-ua-platform": "\"Windows\"",
      "upgrade-insecure-requests": "1",
      "user-agent": "Mozilla/5.0 (Windows NT 10.0; Win64; x64) AppleWebKit/537.36 (KHTML, like Gecko) Chrome/141.0.0.0 Safari/537.36",
      "accept": "text/html,application/xhtml+xml,application/xml;q=0.9,image/avif,image/webp,image/apng,*/*;q=0.8",
      "sec-gpc": "1",
      "accept-language": "en-GB,en;q=0.8",
      "sec-fetch-site": "none",
      "sec-fetch-mode": "navigate",
      "sec-fetch-user": "?1",
      "sec-fetch-dest": "document",
      "accept-encoding": "gzip, deflate, br, zstd"
    },
    "method": "GET",
    "httpVersion": "1.1",
    "originalUrl": "/",
    "query": {}
  },
  "res": {
    "statusCode": 404
  },
  "responseTime": 6
}
2025-10-08 17:40:33 PM INFO: Loaded environment variables from .env.development for NODE_ENV=development 
2025-10-08 18:44:31 PM INFO: Loaded environment variables from .env.development for NODE_ENV=development 
2025-10-08 18:44:32 PM INFO: MongoDB connected 
2025-10-08 18:44:33 PM INFO: Redis connected 
2025-10-08 18:44:33 PM INFO: Server is running on port 3000 
2025-10-08 18:44:37 PM WARN: GET / 404 3ms 
{
  "req": {
    "url": "/",
    "headers": {
      "host": "localhost:3000",
      "connection": "keep-alive",
      "sec-ch-ua": "\"Brave\";v=\"141\", \"Not?A_Brand\";v=\"8\", \"Chromium\";v=\"141\"",
      "sec-ch-ua-mobile": "?0",
      "sec-ch-ua-platform": "\"Windows\"",
      "upgrade-insecure-requests": "1",
      "user-agent": "Mozilla/5.0 (Windows NT 10.0; Win64; x64) AppleWebKit/537.36 (KHTML, like Gecko) Chrome/141.0.0.0 Safari/537.36",
      "accept": "text/html,application/xhtml+xml,application/xml;q=0.9,image/avif,image/webp,image/apng,*/*;q=0.8",
      "sec-gpc": "1",
      "accept-language": "en-GB,en;q=0.8",
      "sec-fetch-site": "none",
      "sec-fetch-mode": "navigate",
      "sec-fetch-user": "?1",
      "sec-fetch-dest": "document",
      "accept-encoding": "gzip, deflate, br, zstd"
    },
    "method": "GET",
    "httpVersion": "1.1",
    "originalUrl": "/",
    "query": {}
  },
  "res": {
    "statusCode": 404
  },
  "responseTime": 3
}
2025-10-08 19:01:02 PM INFO: Received SIGINT. Initiating graceful shutdown... 
2025-10-08 19:01:02 PM INFO: MongoDB disconnected 
2025-10-08 19:01:02 PM INFO: MongoDB disconnected 
2025-10-08 19:01:02 PM INFO: Redis disconnected 
2025-10-08 19:08:23 PM INFO: Loaded environment variables from .env.development for NODE_ENV=development 
2025-10-08 19:08:26 PM INFO: MongoDB connected 
2025-10-08 19:08:26 PM INFO: Redis connected 
2025-10-08 19:08:26 PM INFO: Server is running on port 3000 
2025-10-08 19:28:32 PM INFO: Received SIGINT. Initiating graceful shutdown... 
2025-10-08 19:28:32 PM INFO: MongoDB disconnected 
2025-10-08 19:28:32 PM INFO: MongoDB disconnected 
2025-10-08 21:02:18 PM INFO: Loaded environment variables from .env.development for NODE_ENV=development 
2025-10-08 21:02:20 PM INFO: MongoDB connected 
2025-10-08 21:02:20 PM INFO: Redis connected 
2025-10-08 21:02:20 PM INFO: Server is running on port 3000 
2025-10-08 21:02:24 PM INFO: Received SIGINT. Initiating graceful shutdown... 
2025-10-08 21:02:24 PM INFO: MongoDB disconnected 
2025-10-08 21:02:24 PM INFO: MongoDB disconnected 
2025-10-08 21:02:24 PM INFO: Redis disconnected 
