2025-04-03 13:31:42 PM INFO: ✅Database is ready for atomicity. 
2025-04-03 13:31:42 PM INFO: ✅ Cart cleanup scheduler started 
2025-04-03 13:31:42 PM INFO: 🚀 Sylessentials ecommerce Server is running on port 3000 in development mode 
2025-04-03 13:32:17 PM INFO: POST /api/v1/products 201 101ms 
{
  "req": {
    "url": "/api/v1/products",
    "headers": {
      "content-type": "application/json",
      "user-agent": "PostmanRuntime/7.43.3",
      "accept": "*/*",
      "cache-control": "no-cache",
      "postman-token": "1955f390-9bbb-4914-b66c-ca2673fdbd6c",
      "host": "localhost:3000",
      "accept-encoding": "gzip, deflate, br",
      "connection": "keep-alive",
      "content-length": "287"
    },
    "method": "POST",
    "httpVersion": "1.1",
    "originalUrl": "/api/v1/products",
    "query": {}
  },
  "res": {
    "statusCode": 201
  },
  "responseTime": 101
}
2025-04-03 13:32:44 PM INFO: GET /api/v1/products 200 158ms 
{
  "req": {
    "url": "/api/v1/products",
    "headers": {
      "content-type": "application/json",
      "user-agent": "PostmanRuntime/7.43.3",
      "accept": "*/*",
      "cache-control": "no-cache",
      "postman-token": "3747c2eb-fc73-4ece-ae76-7c39047ca3aa",
      "host": "localhost:3000",
      "accept-encoding": "gzip, deflate, br",
      "connection": "keep-alive",
      "content-length": "287"
    },
    "method": "GET",
    "httpVersion": "1.1",
    "originalUrl": "/api/v1/products",
    "query": {}
  },
  "res": {
    "statusCode": 200
  },
  "responseTime": 158
}
2025-04-03 13:34:22 PM INFO: GET /api-docs 301 5ms 
{
  "req": {
    "url": "/api-docs",
    "headers": {
      "host": "localhost:3000",
      "connection": "keep-alive",
      "sec-ch-ua": "\"Brave\";v=\"135\", \"Not-A.Brand\";v=\"8\", \"Chromium\";v=\"135\"",
      "sec-ch-ua-mobile": "?0",
      "sec-ch-ua-platform": "\"Windows\"",
      "upgrade-insecure-requests": "1",
      "user-agent": "Mozilla/5.0 (Windows NT 10.0; Win64; x64) AppleWebKit/537.36 (KHTML, like Gecko) Chrome/135.0.0.0 Safari/537.36",
      "accept": "text/html,application/xhtml+xml,application/xml;q=0.9,image/avif,image/webp,image/apng,*/*;q=0.8",
      "sec-gpc": "1",
      "accept-language": "en-US,en;q=0.8",
      "sec-fetch-site": "none",
      "sec-fetch-mode": "navigate",
      "sec-fetch-user": "?1",
      "sec-fetch-dest": "document",
      "accept-encoding": "gzip, deflate, br, zstd"
    },
    "method": "GET",
    "httpVersion": "1.1",
    "originalUrl": "/api-docs",
    "query": {}
  },
  "res": {
    "statusCode": 301
  },
  "responseTime": 5
}
2025-04-03 13:34:22 PM INFO: GET /api-docs/ 304 5ms 
{
  "req": {
    "url": "/api-docs/",
    "headers": {
      "host": "localhost:3000",
      "connection": "keep-alive",
      "upgrade-insecure-requests": "1",
      "user-agent": "Mozilla/5.0 (Windows NT 10.0; Win64; x64) AppleWebKit/537.36 (KHTML, like Gecko) Chrome/135.0.0.0 Safari/537.36",
      "accept": "text/html,application/xhtml+xml,application/xml;q=0.9,image/avif,image/webp,image/apng,*/*;q=0.8",
      "sec-gpc": "1",
      "accept-language": "en-US,en;q=0.8",
      "sec-fetch-site": "none",
      "sec-fetch-mode": "navigate",
      "sec-fetch-user": "?1",
      "sec-fetch-dest": "document",
      "sec-ch-ua": "\"Brave\";v=\"135\", \"Not-A.Brand\";v=\"8\", \"Chromium\";v=\"135\"",
      "sec-ch-ua-mobile": "?0",
      "sec-ch-ua-platform": "\"Windows\"",
      "accept-encoding": "gzip, deflate, br, zstd",
      "if-none-match": "W/\"c22-H8FH9nKD8DeX/nvIRrte6ZjP2a4\""
    },
    "method": "GET",
    "httpVersion": "1.1",
    "originalUrl": "/api-docs/",
    "query": {}
  },
  "res": {
    "statusCode": 304
  },
  "responseTime": 5
}
2025-04-03 13:34:22 PM INFO: GET /api-docs/swagger-ui.css 304 4ms 
{
  "req": {
    "url": "/api-docs/swagger-ui.css",
    "headers": {
      "host": "localhost:3000",
      "connection": "keep-alive",
      "sec-ch-ua-platform": "\"Windows\"",
      "user-agent": "Mozilla/5.0 (Windows NT 10.0; Win64; x64) AppleWebKit/537.36 (KHTML, like Gecko) Chrome/135.0.0.0 Safari/537.36",
      "sec-ch-ua": "\"Brave\";v=\"135\", \"Not-A.Brand\";v=\"8\", \"Chromium\";v=\"135\"",
      "sec-ch-ua-mobile": "?0",
      "accept": "text/css,*/*;q=0.1",
      "sec-gpc": "1",
      "accept-language": "en-US,en;q=0.8",
      "sec-fetch-site": "same-origin",
      "sec-fetch-mode": "no-cors",
      "sec-fetch-dest": "style",
      "referer": "http://localhost:3000/api-docs/",
      "accept-encoding": "gzip, deflate, br, zstd",
      "if-none-match": "W/\"25d69-19594a28c8d\"",
      "if-modified-since": "Fri, 14 Mar 2025 12:30:35 GMT"
    },
    "method": "GET",
    "httpVersion": "1.1",
    "originalUrl": "/api-docs/swagger-ui.css",
    "query": {}
  },
  "res": {
    "statusCode": 304
  },
  "responseTime": 4
}
2025-04-03 13:34:22 PM INFO: GET /api-docs/swagger-ui-standalone-preset.js 304 2ms 
{
  "req": {
    "url": "/api-docs/swagger-ui-standalone-preset.js",
    "headers": {
      "host": "localhost:3000",
      "connection": "keep-alive",
      "sec-ch-ua-platform": "\"Windows\"",
      "user-agent": "Mozilla/5.0 (Windows NT 10.0; Win64; x64) AppleWebKit/537.36 (KHTML, like Gecko) Chrome/135.0.0.0 Safari/537.36",
      "sec-ch-ua": "\"Brave\";v=\"135\", \"Not-A.Brand\";v=\"8\", \"Chromium\";v=\"135\"",
      "sec-ch-ua-mobile": "?0",
      "accept": "*/*",
      "sec-gpc": "1",
      "accept-language": "en-US,en;q=0.8",
      "sec-fetch-site": "same-origin",
      "sec-fetch-mode": "no-cors",
      "sec-fetch-dest": "script",
      "referer": "http://localhost:3000/api-docs/",
      "accept-encoding": "gzip, deflate, br, zstd",
      "if-none-match": "W/\"37f67-19594a29043\"",
      "if-modified-since": "Fri, 14 Mar 2025 12:30:36 GMT"
    },
    "method": "GET",
    "httpVersion": "1.1",
    "originalUrl": "/api-docs/swagger-ui-standalone-preset.js",
    "query": {}
  },
  "res": {
    "statusCode": 304
  },
  "responseTime": 2
}
2025-04-03 13:34:22 PM INFO: GET /api-docs/swagger-ui-init.js 304 0ms 
{
  "req": {
    "url": "/api-docs/swagger-ui-init.js",
    "headers": {
      "host": "localhost:3000",
      "connection": "keep-alive",
      "sec-ch-ua-platform": "\"Windows\"",
      "user-agent": "Mozilla/5.0 (Windows NT 10.0; Win64; x64) AppleWebKit/537.36 (KHTML, like Gecko) Chrome/135.0.0.0 Safari/537.36",
      "sec-ch-ua": "\"Brave\";v=\"135\", \"Not-A.Brand\";v=\"8\", \"Chromium\";v=\"135\"",
      "sec-ch-ua-mobile": "?0",
      "accept": "*/*",
      "sec-gpc": "1",
      "accept-language": "en-US,en;q=0.8",
      "sec-fetch-site": "same-origin",
      "sec-fetch-mode": "no-cors",
      "sec-fetch-dest": "script",
      "referer": "http://localhost:3000/api-docs/",
      "accept-encoding": "gzip, deflate, br, zstd",
      "if-none-match": "W/\"ddc5-b6Pxdksf6mw4nSTc0ocFhphq+uc\""
    },
    "method": "GET",
    "httpVersion": "1.1",
    "originalUrl": "/api-docs/swagger-ui-init.js",
    "query": {}
  },
  "res": {
    "statusCode": 304
  },
  "responseTime": 0
}
2025-04-03 13:34:22 PM INFO: GET /api-docs/swagger-ui-bundle.js 304 0ms 
{
  "req": {
    "url": "/api-docs/swagger-ui-bundle.js",
    "headers": {
      "host": "localhost:3000",
      "connection": "keep-alive",
      "sec-ch-ua-platform": "\"Windows\"",
      "user-agent": "Mozilla/5.0 (Windows NT 10.0; Win64; x64) AppleWebKit/537.36 (KHTML, like Gecko) Chrome/135.0.0.0 Safari/537.36",
      "sec-ch-ua": "\"Brave\";v=\"135\", \"Not-A.Brand\";v=\"8\", \"Chromium\";v=\"135\"",
      "sec-ch-ua-mobile": "?0",
      "accept": "*/*",
      "sec-gpc": "1",
      "accept-language": "en-US,en;q=0.8",
      "sec-fetch-site": "same-origin",
      "sec-fetch-mode": "no-cors",
      "sec-fetch-dest": "script",
      "referer": "http://localhost:3000/api-docs/",
      "accept-encoding": "gzip, deflate, br, zstd",
      "if-none-match": "W/\"165fd4-19594a28ee5\"",
      "if-modified-since": "Fri, 14 Mar 2025 12:30:36 GMT"
    },
    "method": "GET",
    "httpVersion": "1.1",
    "originalUrl": "/api-docs/swagger-ui-bundle.js",
    "query": {}
  },
  "res": {
    "statusCode": 304
  },
  "responseTime": 0
}
2025-04-03 13:37:53 PM INFO: POST /api/v1/products 201 84ms 
{
  "req": {
    "url": "/api/v1/products",
    "headers": {
      "content-type": "application/json",
      "user-agent": "PostmanRuntime/7.43.3",
      "accept": "*/*",
      "cache-control": "no-cache",
      "postman-token": "c18c7e99-de92-45ae-ad9d-774ed5d86179",
      "host": "localhost:3000",
      "accept-encoding": "gzip, deflate, br",
      "connection": "keep-alive",
      "content-length": "269"
    },
    "method": "POST",
    "httpVersion": "1.1",
    "originalUrl": "/api/v1/products",
    "query": {}
  },
  "res": {
    "statusCode": 201
  },
  "responseTime": 84
}
2025-04-03 13:38:00 PM INFO: GET /api/v1/products 200 21ms 
{
  "req": {
    "url": "/api/v1/products",
    "headers": {
      "content-type": "application/json",
      "user-agent": "PostmanRuntime/7.43.3",
      "accept": "*/*",
      "cache-control": "no-cache",
      "postman-token": "2bb01fa6-adda-476d-a8e4-02473e778e34",
      "host": "localhost:3000",
      "accept-encoding": "gzip, deflate, br",
      "connection": "keep-alive",
      "content-length": "269"
    },
    "method": "GET",
    "httpVersion": "1.1",
    "originalUrl": "/api/v1/products",
    "query": {}
  },
  "res": {
    "statusCode": 200
  },
  "responseTime": 21
}
2025-04-03 13:43:49 PM INFO: GET /api/v1/products/search?q=flower 200 233ms 
{
  "req": {
    "url": "/api/v1/products/search?q=flower",
    "headers": {
      "content-type": "application/json",
      "user-agent": "PostmanRuntime/7.43.3",
      "accept": "*/*",
      "cache-control": "no-cache",
      "postman-token": "975db0bd-281b-4093-9901-fd46c801d36c",
      "host": "localhost:3000",
      "accept-encoding": "gzip, deflate, br",
      "connection": "keep-alive",
      "content-length": "269"
    },
    "method": "GET",
    "httpVersion": "1.1",
    "originalUrl": "/api/v1/products/search?q=flower",
    "query": {
      "q": "flower"
    }
  },
  "res": {
    "statusCode": 200
  },
  "responseTime": 233
}
2025-04-03 13:46:32 PM INFO: GET /api/v1/products/67ee81211bd1f362acaaec09 200 35ms 
{
  "req": {
    "url": "/api/v1/products/67ee81211bd1f362acaaec09",
    "headers": {
      "content-type": "application/json",
      "user-agent": "PostmanRuntime/7.43.3",
      "accept": "*/*",
      "cache-control": "no-cache",
      "postman-token": "17dcb242-5b79-4d5a-aca7-4733f9344739",
      "host": "localhost:3000",
      "accept-encoding": "gzip, deflate, br",
      "connection": "keep-alive",
      "content-length": "269"
    },
    "method": "GET",
    "httpVersion": "1.1",
    "originalUrl": "/api/v1/products/67ee81211bd1f362acaaec09",
    "query": {}
  },
  "res": {
    "statusCode": 200
  },
  "responseTime": 35
}
2025-04-03 13:51:50 PM INFO: POST /api/v1/products 201 63ms 
{
  "req": {
    "url": "/api/v1/products",
    "headers": {
      "content-type": "application/json",
      "user-agent": "PostmanRuntime/7.43.3",
      "accept": "*/*",
      "cache-control": "no-cache",
      "postman-token": "1b44f4f1-517e-485e-a40b-165a87e9c806",
      "host": "localhost:3000",
      "accept-encoding": "gzip, deflate, br",
      "connection": "keep-alive",
      "content-length": "221"
    },
    "method": "POST",
    "httpVersion": "1.1",
    "originalUrl": "/api/v1/products",
    "query": {}
  },
  "res": {
    "statusCode": 201
  },
  "responseTime": 63
}
2025-04-03 13:53:24 PM INFO: PUT /api/v1/products/67ee84661bd1f362acaaec10 200 119ms 
{
  "req": {
    "url": "/api/v1/products/67ee84661bd1f362acaaec10",
    "headers": {
      "content-type": "application/json",
      "user-agent": "PostmanRuntime/7.43.3",
      "accept": "*/*",
      "cache-control": "no-cache",
      "postman-token": "31c01a9b-273e-4914-a1bc-0945a7aa8d71",
      "host": "localhost:3000",
      "accept-encoding": "gzip, deflate, br",
      "connection": "keep-alive",
      "content-length": "228"
    },
    "method": "PUT",
    "httpVersion": "1.1",
    "originalUrl": "/api/v1/products/67ee84661bd1f362acaaec10",
    "query": {}
  },
  "res": {
    "statusCode": 200
  },
  "responseTime": 119
}
2025-04-03 13:54:08 PM INFO: DELETE /api/v1/products/67ee84661bd1f362acaaec10 200 46ms 
{
  "req": {
    "url": "/api/v1/products/67ee84661bd1f362acaaec10",
    "headers": {
      "content-type": "application/json",
      "user-agent": "PostmanRuntime/7.43.3",
      "accept": "*/*",
      "cache-control": "no-cache",
      "postman-token": "96216a25-3b14-40a6-b6d6-10ded1d1c794",
      "host": "localhost:3000",
      "accept-encoding": "gzip, deflate, br",
      "connection": "keep-alive",
      "content-length": "228"
    },
    "method": "DELETE",
    "httpVersion": "1.1",
    "originalUrl": "/api/v1/products/67ee84661bd1f362acaaec10",
    "query": {}
  },
  "res": {
    "statusCode": 200
  },
  "responseTime": 46
}
2025-04-03 13:54:17 PM INFO: GET /api/v1/products 200 9ms 
{
  "req": {
    "url": "/api/v1/products",
    "headers": {
      "content-type": "application/json",
      "user-agent": "PostmanRuntime/7.43.3",
      "accept": "*/*",
      "cache-control": "no-cache",
      "postman-token": "810cc748-621d-4b16-8ee3-cb950bac59b1",
      "host": "localhost:3000",
      "accept-encoding": "gzip, deflate, br",
      "connection": "keep-alive",
      "content-length": "228"
    },
    "method": "GET",
    "httpVersion": "1.1",
    "originalUrl": "/api/v1/products",
    "query": {}
  },
  "res": {
    "statusCode": 200
  },
  "responseTime": 9
}
2025-04-03 13:59:17 PM INFO: POST /api/v1/carts 201 57ms 
{
  "req": {
    "url": "/api/v1/carts",
    "headers": {
      "content-type": "application/json",
      "user-agent": "PostmanRuntime/7.43.3",
      "accept": "*/*",
      "cache-control": "no-cache",
      "postman-token": "c7de56b5-b8f8-455e-8ed0-0b043080fb39",
      "host": "localhost:3000",
      "accept-encoding": "gzip, deflate, br",
      "connection": "keep-alive",
      "content-length": "109"
    },
    "method": "POST",
    "httpVersion": "1.1",
    "originalUrl": "/api/v1/carts",
    "query": {}
  },
  "res": {
    "statusCode": 201
  },
  "responseTime": 57
}
2025-04-03 14:04:09 PM INFO: GET /api/v1/carts/67ee86251bd1f362acaaec1a 200 18ms 
{
  "req": {
    "url": "/api/v1/carts/67ee86251bd1f362acaaec1a",
    "headers": {
      "content-type": "application/json",
      "user-agent": "PostmanRuntime/7.43.3",
      "accept": "*/*",
      "cache-control": "no-cache",
      "postman-token": "d430b97e-bda9-453d-8d3a-17b42c47f8fe",
      "host": "localhost:3000",
      "accept-encoding": "gzip, deflate, br",
      "connection": "keep-alive",
      "content-length": "109"
    },
    "method": "GET",
    "httpVersion": "1.1",
    "originalUrl": "/api/v1/carts/67ee86251bd1f362acaaec1a",
    "query": {}
  },
  "res": {
    "statusCode": 200
  },
  "responseTime": 18
}
2025-04-03 14:07:33 PM WARN: POST /api/v1/carts/remove 400 20ms 
{
  "req": {
    "url": "/api/v1/carts/remove",
    "headers": {
      "content-type": "application/json",
      "user-agent": "PostmanRuntime/7.43.3",
      "accept": "*/*",
      "cache-control": "no-cache",
      "postman-token": "79a72307-c020-45bb-aef8-4ceae2f85f62",
      "host": "localhost:3000",
      "accept-encoding": "gzip, deflate, br",
      "connection": "keep-alive",
      "content-length": "109"
    },
    "method": "POST",
    "httpVersion": "1.1",
    "originalUrl": "/api/v1/carts/remove",
    "query": {}
  },
  "res": {
    "statusCode": 400
  },
  "responseTime": 20
}
2025-04-03 14:07:47 PM WARN: POST /api/v1/carts/remove 400 16ms 
{
  "req": {
    "url": "/api/v1/carts/remove",
    "headers": {
      "content-type": "application/json",
      "user-agent": "PostmanRuntime/7.43.3",
      "accept": "*/*",
      "cache-control": "no-cache",
      "postman-token": "ebc8bf43-67d5-43f4-b768-a5f2c6bc6492",
      "host": "localhost:3000",
      "accept-encoding": "gzip, deflate, br",
      "connection": "keep-alive",
      "content-length": "87"
    },
    "method": "POST",
    "httpVersion": "1.1",
    "originalUrl": "/api/v1/carts/remove",
    "query": {}
  },
  "res": {
    "statusCode": 400
  },
  "responseTime": 16
}
2025-04-03 14:09:52 PM WARN: POST /api/v1/carts/remove 400 4ms 
{
  "req": {
    "url": "/api/v1/carts/remove",
    "headers": {
      "content-type": "application/json",
      "user-agent": "PostmanRuntime/7.43.3",
      "accept": "*/*",
      "cache-control": "no-cache",
      "postman-token": "be999191-0f1d-4995-9182-96d1e6510cf2",
      "host": "localhost:3000",
      "accept-encoding": "gzip, deflate, br",
      "connection": "keep-alive",
      "content-length": "87"
    },
    "method": "POST",
    "httpVersion": "1.1",
    "originalUrl": "/api/v1/carts/remove",
    "query": {}
  },
  "res": {
    "statusCode": 400
  },
  "responseTime": 4
}
2025-04-03 14:11:07 PM INFO: GET /api/v1/carts 200 19ms 
{
  "req": {
    "url": "/api/v1/carts",
    "headers": {
      "content-type": "application/json",
      "user-agent": "PostmanRuntime/7.43.3",
      "accept": "*/*",
      "cache-control": "no-cache",
      "postman-token": "cae66fe3-4ca7-473e-b40b-6f01685979ea",
      "host": "localhost:3000",
      "accept-encoding": "gzip, deflate, br",
      "connection": "keep-alive",
      "content-length": "87"
    },
    "method": "GET",
    "httpVersion": "1.1",
    "originalUrl": "/api/v1/carts",
    "query": {}
  },
  "res": {
    "statusCode": 200
  },
  "responseTime": 19
}
2025-04-03 14:12:31 PM INFO: POST /api/v1/carts/remove 200 39ms 
{
  "req": {
    "url": "/api/v1/carts/remove",
    "headers": {
      "content-type": "application/json",
      "user-agent": "PostmanRuntime/7.43.3",
      "accept": "*/*",
      "cache-control": "no-cache",
      "postman-token": "65bff874-b37d-4321-ad7e-1cd4a25fb359",
      "host": "localhost:3000",
      "accept-encoding": "gzip, deflate, br",
      "connection": "keep-alive",
      "content-length": "47"
    },
    "method": "POST",
    "httpVersion": "1.1",
    "originalUrl": "/api/v1/carts/remove",
    "query": {}
  },
  "res": {
    "statusCode": 200
  },
  "responseTime": 39
}
2025-04-03 14:12:49 PM INFO: GET /api/v1/carts 200 12ms 
{
  "req": {
    "url": "/api/v1/carts",
    "headers": {
      "content-type": "application/json",
      "user-agent": "PostmanRuntime/7.43.3",
      "accept": "*/*",
      "cache-control": "no-cache",
      "postman-token": "df6fbb1f-1c7b-4b4b-b830-583ae58cf210",
      "host": "localhost:3000",
      "accept-encoding": "gzip, deflate, br",
      "connection": "keep-alive",
      "content-length": "47"
    },
    "method": "GET",
    "httpVersion": "1.1",
    "originalUrl": "/api/v1/carts",
    "query": {}
  },
  "res": {
    "statusCode": 200
  },
  "responseTime": 12
}
2025-04-03 14:21:22 PM INFO: ✅Database is ready for atomicity. 
2025-04-03 14:21:23 PM INFO: ✅ Cart cleanup scheduler started 
2025-04-03 14:21:23 PM INFO: 🚀 Sylessentials ecommerce Server is running on port 3000 in development mode 
2025-04-03 14:21:29 PM INFO: GET /api/v1/carts 200 12ms 
{
  "req": {
    "url": "/api/v1/carts",
    "headers": {
      "content-type": "application/json",
      "user-agent": "PostmanRuntime/7.43.3",
      "accept": "*/*",
      "cache-control": "no-cache",
      "postman-token": "7b251d14-d1c3-471d-b298-9876c2712cf1",
      "host": "localhost:3000",
      "accept-encoding": "gzip, deflate, br",
      "connection": "keep-alive",
      "content-length": "47"
    },
    "method": "GET",
    "httpVersion": "1.1",
    "originalUrl": "/api/v1/carts",
    "query": {}
  },
  "res": {
    "statusCode": 200
  },
  "responseTime": 12
}
2025-04-03 14:21:48 PM INFO: GET /api/v1/carts 200 14ms 
{
  "req": {
    "url": "/api/v1/carts",
    "headers": {
      "content-type": "application/json",
      "user-agent": "PostmanRuntime/7.43.3",
      "accept": "*/*",
      "cache-control": "no-cache",
      "postman-token": "c03d7339-2a86-4af9-94cd-d7cc0744ab20",
      "host": "localhost:3000",
      "accept-encoding": "gzip, deflate, br",
      "connection": "keep-alive",
      "content-length": "47"
    },
    "method": "GET",
    "httpVersion": "1.1",
    "originalUrl": "/api/v1/carts",
    "query": {}
  },
  "res": {
    "statusCode": 200
  },
  "responseTime": 14
}
2025-04-03 14:21:56 PM INFO: GET /api/v1/carts 200 8ms 
{
  "req": {
    "url": "/api/v1/carts",
    "headers": {
      "content-type": "application/json",
      "user-agent": "PostmanRuntime/7.43.3",
      "accept": "*/*",
      "cache-control": "no-cache",
      "postman-token": "fa35c8fb-7103-4e5c-a74c-846a5916e76b",
      "host": "localhost:3000",
      "accept-encoding": "gzip, deflate, br",
      "connection": "keep-alive",
      "content-length": "47"
    },
    "method": "GET",
    "httpVersion": "1.1",
    "originalUrl": "/api/v1/carts",
    "query": {}
  },
  "res": {
    "statusCode": 200
  },
  "responseTime": 8
}
2025-04-03 14:22:49 PM INFO: GET /api/v1/carts 200 20ms 
{
  "req": {
    "url": "/api/v1/carts",
    "headers": {
      "content-type": "application/json",
      "user-agent": "PostmanRuntime/7.43.3",
      "accept": "*/*",
      "cache-control": "no-cache",
      "postman-token": "d9b9ffa7-a20d-4a52-96d3-6e84df4d2f5d",
      "host": "localhost:3000",
      "accept-encoding": "gzip, deflate, br",
      "connection": "keep-alive",
      "content-length": "47"
    },
    "method": "GET",
    "httpVersion": "1.1",
    "originalUrl": "/api/v1/carts",
    "query": {}
  },
  "res": {
    "statusCode": 200
  },
  "responseTime": 20
}
2025-04-03 14:26:43 PM INFO: ✅Database is ready for atomicity. 
2025-04-03 14:26:43 PM INFO: ✅ Cart cleanup scheduler started 
2025-04-03 14:26:43 PM INFO: 🚀 Sylessentials ecommerce Server is running on port 3000 in development mode 
2025-04-03 14:27:19 PM INFO: GET /api/v1/products 200 12ms 
{
  "req": {
    "url": "/api/v1/products",
    "headers": {
      "content-type": "application/json",
      "user-agent": "PostmanRuntime/7.43.3",
      "accept": "*/*",
      "cache-control": "no-cache",
      "postman-token": "ac4191b3-0d4f-4aa3-b66c-dd358d42c989",
      "host": "localhost:3000",
      "accept-encoding": "gzip, deflate, br",
      "connection": "keep-alive",
      "content-length": "47"
    },
    "method": "GET",
    "httpVersion": "1.1",
    "originalUrl": "/api/v1/products",
    "query": {}
  },
  "res": {
    "statusCode": 200
  },
  "responseTime": 12
}
2025-04-03 14:29:13 PM INFO: POST /api/v1/carts/add 200 113ms 
{
  "req": {
    "url": "/api/v1/carts/add",
    "headers": {
      "content-type": "application/json",
      "user-agent": "PostmanRuntime/7.43.3",
      "accept": "*/*",
      "cache-control": "no-cache",
      "postman-token": "aa1f6f76-a2c0-406e-9ff3-a0019f334f08",
      "host": "localhost:3000",
      "accept-encoding": "gzip, deflate, br",
      "connection": "keep-alive",
      "content-length": "65"
    },
    "method": "POST",
    "httpVersion": "1.1",
    "originalUrl": "/api/v1/carts/add",
    "query": {}
  },
  "res": {
    "statusCode": 200
  },
  "responseTime": 113
}
2025-04-03 14:44:26 PM INFO: POST /api/v1/carts/clear 200 50ms 
{
  "req": {
    "url": "/api/v1/carts/clear",
    "headers": {
      "content-type": "application/json",
      "user-agent": "PostmanRuntime/7.43.3",
      "accept": "*/*",
      "cache-control": "no-cache",
      "postman-token": "fc463485-a165-4e57-8ffb-c1459a9e6d26",
      "host": "localhost:3000",
      "accept-encoding": "gzip, deflate, br",
      "connection": "keep-alive",
      "content-length": "65"
    },
    "method": "POST",
    "httpVersion": "1.1",
    "originalUrl": "/api/v1/carts/clear",
    "query": {}
  },
  "res": {
    "statusCode": 200
  },
  "responseTime": 50
}
2025-04-03 14:44:39 PM INFO: GET /api/v1/carts 200 14ms 
{
  "req": {
    "url": "/api/v1/carts",
    "headers": {
      "content-type": "application/json",
      "user-agent": "PostmanRuntime/7.43.3",
      "accept": "*/*",
      "cache-control": "no-cache",
      "postman-token": "72008796-9e47-4fc6-9067-68047a8b5453",
      "host": "localhost:3000",
      "accept-encoding": "gzip, deflate, br",
      "connection": "keep-alive",
      "content-length": "65"
    },
    "method": "GET",
    "httpVersion": "1.1",
    "originalUrl": "/api/v1/carts",
    "query": {}
  },
  "res": {
    "statusCode": 200
  },
  "responseTime": 14
}
2025-04-03 14:54:39 PM INFO: POST /api/v1/carts/add 200 55ms 
{
  "req": {
    "url": "/api/v1/carts/add",
    "headers": {
      "content-type": "application/json",
      "user-agent": "PostmanRuntime/7.43.3",
      "accept": "*/*",
      "cache-control": "no-cache",
      "postman-token": "6b38f4c0-9ac9-4028-a7b1-3ea8a7855b82",
      "host": "localhost:3000",
      "accept-encoding": "gzip, deflate, br",
      "connection": "keep-alive",
      "content-length": "65"
    },
    "method": "POST",
    "httpVersion": "1.1",
    "originalUrl": "/api/v1/carts/add",
    "query": {}
  },
  "res": {
    "statusCode": 200
  },
  "responseTime": 55
}
2025-04-03 14:55:30 PM INFO: GET /api-docs/ 304 6ms 
{
  "req": {
    "url": "/api-docs/",
    "headers": {
      "host": "localhost:3000",
      "connection": "keep-alive",
      "cache-control": "max-age=0",
      "sec-ch-ua": "\"Brave\";v=\"135\", \"Not-A.Brand\";v=\"8\", \"Chromium\";v=\"135\"",
      "sec-ch-ua-mobile": "?0",
      "sec-ch-ua-platform": "\"Windows\"",
      "upgrade-insecure-requests": "1",
      "user-agent": "Mozilla/5.0 (Windows NT 10.0; Win64; x64) AppleWebKit/537.36 (KHTML, like Gecko) Chrome/135.0.0.0 Safari/537.36",
      "accept": "text/html,application/xhtml+xml,application/xml;q=0.9,image/avif,image/webp,image/apng,*/*;q=0.8",
      "sec-gpc": "1",
      "accept-language": "en-US,en;q=0.8",
      "sec-fetch-site": "same-origin",
      "sec-fetch-mode": "navigate",
      "sec-fetch-user": "?1",
      "sec-fetch-dest": "document",
      "accept-encoding": "gzip, deflate, br, zstd",
      "if-none-match": "W/\"c22-H8FH9nKD8DeX/nvIRrte6ZjP2a4\""
    },
    "method": "GET",
    "httpVersion": "1.1",
    "originalUrl": "/api-docs/",
    "query": {}
  },
  "res": {
    "statusCode": 304
  },
  "responseTime": 6
}
2025-04-03 14:55:30 PM INFO: GET /api-docs/swagger-ui.css 304 5ms 
{
  "req": {
    "url": "/api-docs/swagger-ui.css",
    "headers": {
      "host": "localhost:3000",
      "connection": "keep-alive",
      "sec-ch-ua-platform": "\"Windows\"",
      "user-agent": "Mozilla/5.0 (Windows NT 10.0; Win64; x64) AppleWebKit/537.36 (KHTML, like Gecko) Chrome/135.0.0.0 Safari/537.36",
      "sec-ch-ua": "\"Brave\";v=\"135\", \"Not-A.Brand\";v=\"8\", \"Chromium\";v=\"135\"",
      "sec-ch-ua-mobile": "?0",
      "accept": "text/css,*/*;q=0.1",
      "sec-gpc": "1",
      "accept-language": "en-US,en;q=0.8",
      "sec-fetch-site": "same-origin",
      "sec-fetch-mode": "no-cors",
      "sec-fetch-dest": "style",
      "referer": "http://localhost:3000/api-docs/",
      "accept-encoding": "gzip, deflate, br, zstd",
      "if-none-match": "W/\"25d69-19594a28c8d\"",
      "if-modified-since": "Fri, 14 Mar 2025 12:30:35 GMT"
    },
    "method": "GET",
    "httpVersion": "1.1",
    "originalUrl": "/api-docs/swagger-ui.css",
    "query": {}
  },
  "res": {
    "statusCode": 304
  },
  "responseTime": 5
}
2025-04-03 14:55:30 PM INFO: GET /api-docs/swagger-ui-standalone-preset.js 304 2ms 
{
  "req": {
    "url": "/api-docs/swagger-ui-standalone-preset.js",
    "headers": {
      "host": "localhost:3000",
      "connection": "keep-alive",
      "sec-ch-ua-platform": "\"Windows\"",
      "user-agent": "Mozilla/5.0 (Windows NT 10.0; Win64; x64) AppleWebKit/537.36 (KHTML, like Gecko) Chrome/135.0.0.0 Safari/537.36",
      "sec-ch-ua": "\"Brave\";v=\"135\", \"Not-A.Brand\";v=\"8\", \"Chromium\";v=\"135\"",
      "sec-ch-ua-mobile": "?0",
      "accept": "*/*",
      "sec-gpc": "1",
      "accept-language": "en-US,en;q=0.8",
      "sec-fetch-site": "same-origin",
      "sec-fetch-mode": "no-cors",
      "sec-fetch-dest": "script",
      "referer": "http://localhost:3000/api-docs/",
      "accept-encoding": "gzip, deflate, br, zstd",
      "if-none-match": "W/\"37f67-19594a29043\"",
      "if-modified-since": "Fri, 14 Mar 2025 12:30:36 GMT"
    },
    "method": "GET",
    "httpVersion": "1.1",
    "originalUrl": "/api-docs/swagger-ui-standalone-preset.js",
    "query": {}
  },
  "res": {
    "statusCode": 304
  },
  "responseTime": 2
}
2025-04-03 14:55:30 PM INFO: GET /api-docs/swagger-ui-bundle.js 304 1ms 
{
  "req": {
    "url": "/api-docs/swagger-ui-bundle.js",
    "headers": {
      "host": "localhost:3000",
      "connection": "keep-alive",
      "sec-ch-ua-platform": "\"Windows\"",
      "user-agent": "Mozilla/5.0 (Windows NT 10.0; Win64; x64) AppleWebKit/537.36 (KHTML, like Gecko) Chrome/135.0.0.0 Safari/537.36",
      "sec-ch-ua": "\"Brave\";v=\"135\", \"Not-A.Brand\";v=\"8\", \"Chromium\";v=\"135\"",
      "sec-ch-ua-mobile": "?0",
      "accept": "*/*",
      "sec-gpc": "1",
      "accept-language": "en-US,en;q=0.8",
      "sec-fetch-site": "same-origin",
      "sec-fetch-mode": "no-cors",
      "sec-fetch-dest": "script",
      "referer": "http://localhost:3000/api-docs/",
      "accept-encoding": "gzip, deflate, br, zstd",
      "if-none-match": "W/\"165fd4-19594a28ee5\"",
      "if-modified-since": "Fri, 14 Mar 2025 12:30:36 GMT"
    },
    "method": "GET",
    "httpVersion": "1.1",
    "originalUrl": "/api-docs/swagger-ui-bundle.js",
    "query": {}
  },
  "res": {
    "statusCode": 304
  },
  "responseTime": 1
}
2025-04-03 14:55:30 PM INFO: GET /api-docs/swagger-ui-init.js 304 0ms 
{
  "req": {
    "url": "/api-docs/swagger-ui-init.js",
    "headers": {
      "host": "localhost:3000",
      "connection": "keep-alive",
      "sec-ch-ua-platform": "\"Windows\"",
      "user-agent": "Mozilla/5.0 (Windows NT 10.0; Win64; x64) AppleWebKit/537.36 (KHTML, like Gecko) Chrome/135.0.0.0 Safari/537.36",
      "sec-ch-ua": "\"Brave\";v=\"135\", \"Not-A.Brand\";v=\"8\", \"Chromium\";v=\"135\"",
      "sec-ch-ua-mobile": "?0",
      "accept": "*/*",
      "sec-gpc": "1",
      "accept-language": "en-US,en;q=0.8",
      "sec-fetch-site": "same-origin",
      "sec-fetch-mode": "no-cors",
      "sec-fetch-dest": "script",
      "referer": "http://localhost:3000/api-docs/",
      "accept-encoding": "gzip, deflate, br, zstd",
      "if-none-match": "W/\"ddc5-b6Pxdksf6mw4nSTc0ocFhphq+uc\""
    },
    "method": "GET",
    "httpVersion": "1.1",
    "originalUrl": "/api-docs/swagger-ui-init.js",
    "query": {}
  },
  "res": {
    "statusCode": 304
  },
  "responseTime": 0
}
2025-04-03 14:55:31 PM INFO: GET /api-docs/favicon-32x32.png 304 3ms 
{
  "req": {
    "url": "/api-docs/favicon-32x32.png",
    "headers": {
      "host": "localhost:3000",
      "connection": "keep-alive",
      "sec-ch-ua-platform": "\"Windows\"",
      "user-agent": "Mozilla/5.0 (Windows NT 10.0; Win64; x64) AppleWebKit/537.36 (KHTML, like Gecko) Chrome/135.0.0.0 Safari/537.36",
      "sec-ch-ua": "\"Brave\";v=\"135\", \"Not-A.Brand\";v=\"8\", \"Chromium\";v=\"135\"",
      "sec-ch-ua-mobile": "?0",
      "accept": "image/avif,image/webp,image/apng,image/svg+xml,image/*,*/*;q=0.8",
      "sec-gpc": "1",
      "accept-language": "en-US,en;q=0.8",
      "sec-fetch-site": "same-origin",
      "sec-fetch-mode": "no-cors",
      "sec-fetch-dest": "image",
      "referer": "http://localhost:3000/api-docs/",
      "accept-encoding": "gzip, deflate, br, zstd",
      "if-none-match": "W/\"274-19594a29561\"",
      "if-modified-since": "Fri, 14 Mar 2025 12:30:37 GMT"
    },
    "method": "GET",
    "httpVersion": "1.1",
    "originalUrl": "/api-docs/favicon-32x32.png",
    "query": {}
  },
  "res": {
    "statusCode": 304
  },
  "responseTime": 3
}
2025-04-03 15:13:49 PM INFO: ✅Database is ready for atomicity. 
2025-04-03 15:13:49 PM INFO: ✅ Cart cleanup scheduler started 
2025-04-03 15:13:49 PM INFO: 🚀 Sylessentials ecommerce Server is running on port 3000 in development mode 
2025-04-03 15:13:59 PM INFO: GET /api-docs/ 304 4ms 
{
  "req": {
    "url": "/api-docs/",
    "headers": {
      "host": "localhost:3000",
      "connection": "keep-alive",
      "cache-control": "max-age=0",
      "sec-ch-ua": "\"Brave\";v=\"135\", \"Not-A.Brand\";v=\"8\", \"Chromium\";v=\"135\"",
      "sec-ch-ua-mobile": "?0",
      "sec-ch-ua-platform": "\"Windows\"",
      "upgrade-insecure-requests": "1",
      "user-agent": "Mozilla/5.0 (Windows NT 10.0; Win64; x64) AppleWebKit/537.36 (KHTML, like Gecko) Chrome/135.0.0.0 Safari/537.36",
      "accept": "text/html,application/xhtml+xml,application/xml;q=0.9,image/avif,image/webp,image/apng,*/*;q=0.8",
      "sec-gpc": "1",
      "accept-language": "en-US,en;q=0.8",
      "sec-fetch-site": "same-origin",
      "sec-fetch-mode": "navigate",
      "sec-fetch-user": "?1",
      "sec-fetch-dest": "document",
      "accept-encoding": "gzip, deflate, br, zstd",
      "if-none-match": "W/\"c22-H8FH9nKD8DeX/nvIRrte6ZjP2a4\""
    },
    "method": "GET",
    "httpVersion": "1.1",
    "originalUrl": "/api-docs/",
    "query": {}
  },
  "res": {
    "statusCode": 304
  },
  "responseTime": 4
}
2025-04-03 15:13:59 PM INFO: GET /api-docs/swagger-ui.css 304 3ms 
{
  "req": {
    "url": "/api-docs/swagger-ui.css",
    "headers": {
      "host": "localhost:3000",
      "connection": "keep-alive",
      "sec-ch-ua-platform": "\"Windows\"",
      "if-none-match": "W/\"25d69-19594a28c8d\"",
      "user-agent": "Mozilla/5.0 (Windows NT 10.0; Win64; x64) AppleWebKit/537.36 (KHTML, like Gecko) Chrome/135.0.0.0 Safari/537.36",
      "sec-ch-ua": "\"Brave\";v=\"135\", \"Not-A.Brand\";v=\"8\", \"Chromium\";v=\"135\"",
      "if-modified-since": "Fri, 14 Mar 2025 12:30:35 GMT",
      "sec-ch-ua-mobile": "?0",
      "accept": "text/css,*/*;q=0.1",
      "sec-gpc": "1",
      "accept-language": "en-US,en;q=0.8",
      "sec-fetch-site": "same-origin",
      "sec-fetch-mode": "no-cors",
      "sec-fetch-dest": "style",
      "referer": "http://localhost:3000/api-docs/",
      "accept-encoding": "gzip, deflate, br, zstd"
    },
    "method": "GET",
    "httpVersion": "1.1",
    "originalUrl": "/api-docs/swagger-ui.css",
    "query": {}
  },
  "res": {
    "statusCode": 304
  },
  "responseTime": 3
}
2025-04-03 15:13:59 PM INFO: GET /api-docs/swagger-ui-init.js 200 1ms 
{
  "req": {
    "url": "/api-docs/swagger-ui-init.js",
    "headers": {
      "host": "localhost:3000",
      "connection": "keep-alive",
      "sec-ch-ua-platform": "\"Windows\"",
      "if-none-match": "W/\"ddc5-b6Pxdksf6mw4nSTc0ocFhphq+uc\"",
      "user-agent": "Mozilla/5.0 (Windows NT 10.0; Win64; x64) AppleWebKit/537.36 (KHTML, like Gecko) Chrome/135.0.0.0 Safari/537.36",
      "sec-ch-ua": "\"Brave\";v=\"135\", \"Not-A.Brand\";v=\"8\", \"Chromium\";v=\"135\"",
      "sec-ch-ua-mobile": "?0",
      "accept": "*/*",
      "sec-gpc": "1",
      "accept-language": "en-US,en;q=0.8",
      "sec-fetch-site": "same-origin",
      "sec-fetch-mode": "no-cors",
      "sec-fetch-dest": "script",
      "referer": "http://localhost:3000/api-docs/",
      "accept-encoding": "gzip, deflate, br, zstd"
    },
    "method": "GET",
    "httpVersion": "1.1",
    "originalUrl": "/api-docs/swagger-ui-init.js",
    "query": {}
  },
  "res": {
    "statusCode": 200
  },
  "responseTime": 1
}
2025-04-03 15:13:59 PM INFO: GET /api-docs/swagger-ui-bundle.js 304 11ms 
{
  "req": {
    "url": "/api-docs/swagger-ui-bundle.js",
    "headers": {
      "host": "localhost:3000",
      "connection": "keep-alive",
      "sec-ch-ua-platform": "\"Windows\"",
      "if-none-match": "W/\"165fd4-19594a28ee5\"",
      "user-agent": "Mozilla/5.0 (Windows NT 10.0; Win64; x64) AppleWebKit/537.36 (KHTML, like Gecko) Chrome/135.0.0.0 Safari/537.36",
      "sec-ch-ua": "\"Brave\";v=\"135\", \"Not-A.Brand\";v=\"8\", \"Chromium\";v=\"135\"",
      "if-modified-since": "Fri, 14 Mar 2025 12:30:36 GMT",
      "sec-ch-ua-mobile": "?0",
      "accept": "*/*",
      "sec-gpc": "1",
      "accept-language": "en-US,en;q=0.8",
      "sec-fetch-site": "same-origin",
      "sec-fetch-mode": "no-cors",
      "sec-fetch-dest": "script",
      "referer": "http://localhost:3000/api-docs/",
      "accept-encoding": "gzip, deflate, br, zstd"
    },
    "method": "GET",
    "httpVersion": "1.1",
    "originalUrl": "/api-docs/swagger-ui-bundle.js",
    "query": {}
  },
  "res": {
    "statusCode": 304
  },
  "responseTime": 11
}
2025-04-03 15:13:59 PM INFO: GET /api-docs/swagger-ui-standalone-preset.js 304 1ms 
{
  "req": {
    "url": "/api-docs/swagger-ui-standalone-preset.js",
    "headers": {
      "host": "localhost:3000",
      "connection": "keep-alive",
      "sec-ch-ua-platform": "\"Windows\"",
      "if-none-match": "W/\"37f67-19594a29043\"",
      "user-agent": "Mozilla/5.0 (Windows NT 10.0; Win64; x64) AppleWebKit/537.36 (KHTML, like Gecko) Chrome/135.0.0.0 Safari/537.36",
      "sec-ch-ua": "\"Brave\";v=\"135\", \"Not-A.Brand\";v=\"8\", \"Chromium\";v=\"135\"",
      "if-modified-since": "Fri, 14 Mar 2025 12:30:36 GMT",
      "sec-ch-ua-mobile": "?0",
      "accept": "*/*",
      "sec-gpc": "1",
      "accept-language": "en-US,en;q=0.8",
      "sec-fetch-site": "same-origin",
      "sec-fetch-mode": "no-cors",
      "sec-fetch-dest": "script",
      "referer": "http://localhost:3000/api-docs/",
      "accept-encoding": "gzip, deflate, br, zstd"
    },
    "method": "GET",
    "httpVersion": "1.1",
    "originalUrl": "/api-docs/swagger-ui-standalone-preset.js",
    "query": {}
  },
  "res": {
    "statusCode": 304
  },
  "responseTime": 1
}
2025-04-03 15:13:59 PM INFO: GET /api-docs/favicon-32x32.png 304 1ms 
{
  "req": {
    "url": "/api-docs/favicon-32x32.png",
    "headers": {
      "host": "localhost:3000",
      "connection": "keep-alive",
      "sec-ch-ua-platform": "\"Windows\"",
      "user-agent": "Mozilla/5.0 (Windows NT 10.0; Win64; x64) AppleWebKit/537.36 (KHTML, like Gecko) Chrome/135.0.0.0 Safari/537.36",
      "sec-ch-ua": "\"Brave\";v=\"135\", \"Not-A.Brand\";v=\"8\", \"Chromium\";v=\"135\"",
      "sec-ch-ua-mobile": "?0",
      "accept": "image/avif,image/webp,image/apng,image/svg+xml,image/*,*/*;q=0.8",
      "sec-gpc": "1",
      "accept-language": "en-US,en;q=0.8",
      "sec-fetch-site": "same-origin",
      "sec-fetch-mode": "no-cors",
      "sec-fetch-dest": "image",
      "referer": "http://localhost:3000/api-docs/",
      "accept-encoding": "gzip, deflate, br, zstd",
      "if-none-match": "W/\"274-19594a29561\"",
      "if-modified-since": "Fri, 14 Mar 2025 12:30:37 GMT"
    },
    "method": "GET",
    "httpVersion": "1.1",
    "originalUrl": "/api-docs/favicon-32x32.png",
    "query": {}
  },
  "res": {
    "statusCode": 304
  },
  "responseTime": 1
}
2025-04-03 15:19:34 PM INFO: POST /api/v1/orders 201 88ms 
{
  "req": {
    "url": "/api/v1/orders",
    "headers": {
      "content-type": "application/json",
      "user-agent": "PostmanRuntime/7.43.3",
      "accept": "*/*",
      "cache-control": "no-cache",
      "postman-token": "954e7d56-e8ca-4f36-bc0a-2866f2ebf5b1",
      "host": "localhost:3000",
      "accept-encoding": "gzip, deflate, br",
      "connection": "keep-alive",
      "content-length": "47"
    },
    "method": "POST",
    "httpVersion": "1.1",
    "originalUrl": "/api/v1/orders",
    "query": {}
  },
  "res": {
    "statusCode": 201
  },
  "responseTime": 88
}
2025-04-03 15:50:30 PM INFO: GET /api/v1/orders 200 101ms 
{
  "req": {
    "url": "/api/v1/orders",
    "headers": {
      "content-type": "application/json",
      "user-agent": "PostmanRuntime/7.43.3",
      "accept": "*/*",
      "cache-control": "no-cache",
      "postman-token": "4a133dd0-2f7d-487e-8c84-8f84a64a0ed9",
      "host": "localhost:3000",
      "accept-encoding": "gzip, deflate, br",
      "connection": "keep-alive",
      "content-length": "47"
    },
    "method": "GET",
    "httpVersion": "1.1",
    "originalUrl": "/api/v1/orders",
    "query": {}
  },
  "res": {
    "statusCode": 200
  },
  "responseTime": 101
}
2025-04-03 15:50:48 PM INFO: GET /api/v1/carts 200 4ms 
{
  "req": {
    "url": "/api/v1/carts",
    "headers": {
      "content-type": "application/json",
      "user-agent": "PostmanRuntime/7.43.3",
      "accept": "*/*",
      "cache-control": "no-cache",
      "postman-token": "6884e69a-a318-4982-a40d-ec7b426eb8da",
      "host": "localhost:3000",
      "accept-encoding": "gzip, deflate, br",
      "connection": "keep-alive",
      "content-length": "47"
    },
    "method": "GET",
    "httpVersion": "1.1",
    "originalUrl": "/api/v1/carts",
    "query": {}
  },
  "res": {
    "statusCode": 200
  },
  "responseTime": 4
}
2025-04-03 16:10:19 PM INFO: ✅Database is ready for atomicity. 
2025-04-03 16:10:19 PM INFO: ✅ Cart cleanup scheduler started 
2025-04-03 16:10:19 PM INFO: 🚀 Sylessentials ecommerce Server is running on port 3000 in development mode 
2025-04-03 16:15:38 PM INFO: GET /api/v1/carts 200 8ms 
{
  "req": {
    "url": "/api/v1/carts",
    "headers": {
      "content-type": "application/json",
      "user-agent": "PostmanRuntime/7.43.3",
      "accept": "*/*",
      "cache-control": "no-cache",
      "postman-token": "55c9bc73-bac2-44c0-b3bc-cf5c97478b13",
      "host": "localhost:3000",
      "accept-encoding": "gzip, deflate, br",
      "connection": "keep-alive",
      "content-length": "37"
    },
    "method": "GET",
    "httpVersion": "1.1",
    "originalUrl": "/api/v1/carts",
    "query": {}
  },
  "res": {
    "statusCode": 200
  },
  "responseTime": 8
}
2025-04-03 16:15:54 PM WARN: POST /api/v1/payments 404 1ms 
{
  "req": {
    "url": "/api/v1/payments",
    "headers": {
      "content-type": "application/json",
      "user-agent": "PostmanRuntime/7.43.3",
      "accept": "*/*",
      "cache-control": "no-cache",
      "postman-token": "f930fc24-6385-4c97-9bdb-d334800400ce",
      "host": "localhost:3000",
      "accept-encoding": "gzip, deflate, br",
      "connection": "keep-alive",
      "content-length": "37"
    },
    "method": "POST",
    "httpVersion": "1.1",
    "originalUrl": "/api/v1/payments",
    "query": {}
  },
  "res": {
    "statusCode": 404
  },
  "responseTime": 1
}
2025-04-03 16:16:12 PM WARN: POST /api/v1/payment 404 0ms 
{
  "req": {
    "url": "/api/v1/payment",
    "headers": {
      "content-type": "application/json",
      "user-agent": "PostmanRuntime/7.43.3",
      "accept": "*/*",
      "cache-control": "no-cache",
      "postman-token": "c95e15fb-5ca6-46c0-be38-b3e26a3e13d3",
      "host": "localhost:3000",
      "accept-encoding": "gzip, deflate, br",
      "connection": "keep-alive",
      "content-length": "37"
    },
    "method": "POST",
    "httpVersion": "1.1",
    "originalUrl": "/api/v1/payment",
    "query": {}
  },
  "res": {
    "statusCode": 404
  },
  "responseTime": 0
}
2025-04-03 16:16:15 PM WARN: POST /api/v1/payment 404 0ms 
{
  "req": {
    "url": "/api/v1/payment",
    "headers": {
      "content-type": "application/json",
      "user-agent": "PostmanRuntime/7.43.3",
      "accept": "*/*",
      "cache-control": "no-cache",
      "postman-token": "ecd36a44-cd45-45bf-a27f-bb49e66b033e",
      "host": "localhost:3000",
      "accept-encoding": "gzip, deflate, br",
      "connection": "keep-alive",
      "content-length": "37"
    },
    "method": "POST",
    "httpVersion": "1.1",
    "originalUrl": "/api/v1/payment",
    "query": {}
  },
  "res": {
    "statusCode": 404
  },
  "responseTime": 0
}
2025-04-03 16:19:46 PM INFO: ✅Database is ready for atomicity. 
2025-04-03 16:19:46 PM INFO: ✅ Cart cleanup scheduler started 
2025-04-03 16:19:46 PM INFO: 🚀 Sylessentials ecommerce Server is running on port 3000 in development mode 
2025-04-03 16:19:52 PM WARN: POST /api/v1/payment 404 3ms 
{
  "req": {
    "url": "/api/v1/payment",
    "headers": {
      "content-type": "application/json",
      "user-agent": "PostmanRuntime/7.43.3",
      "accept": "*/*",
      "cache-control": "no-cache",
      "postman-token": "66252d05-448d-4ab8-af1a-355432597ca2",
      "host": "localhost:3000",
      "accept-encoding": "gzip, deflate, br",
      "connection": "keep-alive",
      "content-length": "37"
    },
    "method": "POST",
    "httpVersion": "1.1",
    "originalUrl": "/api/v1/payment",
    "query": {}
  },
  "res": {
    "statusCode": 404
  },
  "responseTime": 3
}
2025-04-03 16:20:01 PM WARN: POST /api/v1/payment 404 1ms 
{
  "req": {
    "url": "/api/v1/payment",
    "headers": {
      "content-type": "application/json",
      "user-agent": "PostmanRuntime/7.43.3",
      "accept": "*/*",
      "cache-control": "no-cache",
      "postman-token": "c4e20444-05da-4539-b459-4a4b353f2aa0",
      "host": "localhost:3000",
      "accept-encoding": "gzip, deflate, br",
      "connection": "keep-alive",
      "content-length": "37"
    },
    "method": "POST",
    "httpVersion": "1.1",
    "originalUrl": "/api/v1/payment",
    "query": {}
  },
  "res": {
    "statusCode": 404
  },
  "responseTime": 1
}
2025-04-03 16:24:40 PM INFO: ✅Database is ready for atomicity. 
2025-04-03 16:24:41 PM INFO: ✅ Cart cleanup scheduler started 
2025-04-03 16:24:41 PM INFO: 🚀 Sylessentials ecommerce Server is running on port 3000 in development mode 
2025-04-03 16:24:50 PM WARN: POST /api/v1/payment 404 1ms 
{
  "req": {
    "url": "/api/v1/payment",
    "headers": {
      "content-type": "application/json",
      "user-agent": "PostmanRuntime/7.43.3",
      "accept": "*/*",
      "cache-control": "no-cache",
      "postman-token": "f99bb870-5462-43db-88be-0cd0bb4b3ea2",
      "host": "localhost:3000",
      "accept-encoding": "gzip, deflate, br",
      "connection": "keep-alive",
      "content-length": "37"
    },
    "method": "POST",
    "httpVersion": "1.1",
    "originalUrl": "/api/v1/payment",
    "query": {}
  },
  "res": {
    "statusCode": 404
  },
  "responseTime": 1
}
2025-04-03 16:26:45 PM INFO: ✅Database is ready for atomicity. 
2025-04-03 16:26:46 PM INFO: ✅ Cart cleanup scheduler started 
2025-04-03 16:26:46 PM INFO: 🚀 Sylessentials ecommerce Server is running on port 3000 in development mode 
2025-04-03 16:26:51 PM WARN: POST /api/v1/payment 404 1ms 
{
  "req": {
    "url": "/api/v1/payment",
    "headers": {
      "content-type": "application/json",
      "user-agent": "PostmanRuntime/7.43.3",
      "accept": "*/*",
      "cache-control": "no-cache",
      "postman-token": "a6c37b50-0443-4bc4-9f3c-2cd287091802",
      "host": "localhost:3000",
      "accept-encoding": "gzip, deflate, br",
      "connection": "keep-alive",
      "content-length": "37"
    },
    "method": "POST",
    "httpVersion": "1.1",
    "originalUrl": "/api/v1/payment",
    "query": {}
  },
  "res": {
    "statusCode": 404
  },
  "responseTime": 1
}
2025-04-03 16:28:06 PM INFO: ✅Database is ready for atomicity. 
2025-04-03 16:28:06 PM INFO: ✅ Cart cleanup scheduler started 
2025-04-03 16:28:06 PM INFO: 🚀 Sylessentials ecommerce Server is running on port 3000 in development mode 
2025-04-03 16:28:09 PM WARN: POST /api/v1/payment 404 2ms 
{
  "req": {
    "url": "/api/v1/payment",
    "headers": {
      "content-type": "application/json",
      "user-agent": "PostmanRuntime/7.43.3",
      "accept": "*/*",
      "cache-control": "no-cache",
      "postman-token": "8e396361-10c0-4559-9c69-a6bef8aa1e37",
      "host": "localhost:3000",
      "accept-encoding": "gzip, deflate, br",
      "connection": "keep-alive",
      "content-length": "37"
    },
    "method": "POST",
    "httpVersion": "1.1",
    "originalUrl": "/api/v1/payment",
    "query": {}
  },
  "res": {
    "statusCode": 404
  },
  "responseTime": 2
}
2025-04-03 16:28:11 PM WARN: POST /api/v1/payment 404 0ms 
{
  "req": {
    "url": "/api/v1/payment",
    "headers": {
      "content-type": "application/json",
      "user-agent": "PostmanRuntime/7.43.3",
      "accept": "*/*",
      "cache-control": "no-cache",
      "postman-token": "90192ca0-2cfb-4017-a8fe-bc257880e302",
      "host": "localhost:3000",
      "accept-encoding": "gzip, deflate, br",
      "connection": "keep-alive",
      "content-length": "37"
    },
    "method": "POST",
    "httpVersion": "1.1",
    "originalUrl": "/api/v1/payment",
    "query": {}
  },
  "res": {
    "statusCode": 404
  },
  "responseTime": 0
}
2025-04-03 16:30:04 PM INFO: ✅Database is ready for atomicity. 
2025-04-03 16:30:04 PM INFO: ✅ Cart cleanup scheduler started 
2025-04-03 16:30:04 PM INFO: 🚀 Sylessentials ecommerce Server is running on port 3000 in development mode 
2025-04-03 16:30:05 PM WARN: POST /api/v1/payment 404 2ms 
{
  "req": {
    "url": "/api/v1/payment",
    "headers": {
      "content-type": "application/json",
      "user-agent": "PostmanRuntime/7.43.3",
      "accept": "*/*",
      "cache-control": "no-cache",
      "postman-token": "f00f344d-4e4b-42f4-8fea-7092b7edb548",
      "host": "localhost:3000",
      "accept-encoding": "gzip, deflate, br",
      "connection": "keep-alive",
      "content-length": "37"
    },
    "method": "POST",
    "httpVersion": "1.1",
    "originalUrl": "/api/v1/payment",
    "query": {}
  },
  "res": {
    "statusCode": 404
  },
  "responseTime": 2
}
2025-04-03 16:34:54 PM INFO: ✅Database is ready for atomicity. 
2025-04-03 16:34:54 PM INFO: ✅ Cart cleanup scheduler started 
2025-04-03 16:34:54 PM INFO: 🚀 Sylessentials ecommerce Server is running on port 3000 in development mode 
2025-04-03 16:35:16 PM WARN: POST /api/v1/payment 404 2ms 
{
  "req": {
    "url": "/api/v1/payment",
    "headers": {
      "content-type": "application/json",
      "user-agent": "PostmanRuntime/7.43.3",
      "accept": "*/*",
      "cache-control": "no-cache",
      "postman-token": "6cf068bd-f989-4067-8802-4741b7c5e2ba",
      "host": "localhost:3000",
      "accept-encoding": "gzip, deflate, br",
      "connection": "keep-alive",
      "content-length": "37"
    },
    "method": "POST",
    "httpVersion": "1.1",
    "originalUrl": "/api/v1/payment",
    "query": {}
  },
  "res": {
    "statusCode": 404
  },
  "responseTime": 2
}
2025-04-03 16:39:04 PM WARN: POST /api/v1/payments 404 1ms 
{
  "req": {
    "url": "/api/v1/payments",
    "headers": {
      "content-type": "application/json",
      "user-agent": "PostmanRuntime/7.43.3",
      "accept": "*/*",
      "cache-control": "no-cache",
      "postman-token": "f120d6d6-4935-4bc7-8140-18f5316cd3cc",
      "host": "localhost:3000",
      "accept-encoding": "gzip, deflate, br",
      "connection": "keep-alive",
      "content-length": "37"
    },
    "method": "POST",
    "httpVersion": "1.1",
    "originalUrl": "/api/v1/payments",
    "query": {}
  },
  "res": {
    "statusCode": 404
  },
  "responseTime": 1
}
2025-04-03 17:15:04 PM INFO: POST /api/v1/auth/login 200 220ms 
{
  "req": {
    "url": "/api/v1/auth/login",
    "headers": {
      "content-type": "application/json",
      "user-agent": "PostmanRuntime/7.43.3",
      "accept": "*/*",
      "cache-control": "no-cache",
      "postman-token": "cbba0f8b-4421-4e21-8e03-7e8dc9f61b94",
      "host": "localhost:3000",
      "accept-encoding": "gzip, deflate, br",
      "connection": "keep-alive",
      "content-length": "60"
    },
    "method": "POST",
    "httpVersion": "1.1",
    "originalUrl": "/api/v1/auth/login",
    "query": {}
  },
  "res": {
    "statusCode": 200
  },
  "responseTime": 220
}
2025-04-03 17:15:35 PM WARN: POST /api/v1/payment 404 1ms 
{
  "req": {
    "url": "/api/v1/payment",
    "headers": {
      "content-type": "application/json",
      "user-agent": "PostmanRuntime/7.43.3",
      "accept": "*/*",
      "cache-control": "no-cache",
      "postman-token": "dd4eaf4b-ffb6-499e-92c9-821df9f72a81",
      "host": "localhost:3000",
      "accept-encoding": "gzip, deflate, br",
      "connection": "keep-alive",
      "content-length": "37"
    },
    "method": "POST",
    "httpVersion": "1.1",
    "originalUrl": "/api/v1/payment",
    "query": {}
  },
  "res": {
    "statusCode": 404
  },
  "responseTime": 1
}
2025-04-03 17:16:39 PM WARN: POST /api/v1/payments 404 1ms 
{
  "req": {
    "url": "/api/v1/payments",
    "headers": {
      "content-type": "application/json",
      "user-agent": "PostmanRuntime/7.43.3",
      "accept": "*/*",
      "cache-control": "no-cache",
      "postman-token": "474bd118-eb28-4b5e-a3d3-8bafd5703357",
      "host": "localhost:3000",
      "accept-encoding": "gzip, deflate, br",
      "connection": "keep-alive",
      "content-length": "37"
    },
    "method": "POST",
    "httpVersion": "1.1",
    "originalUrl": "/api/v1/payments",
    "query": {}
  },
  "res": {
    "statusCode": 404
  },
  "responseTime": 1
}
2025-04-03 17:17:46 PM INFO: ✅Database is ready for atomicity. 
2025-04-03 17:17:46 PM INFO: ✅ Cart cleanup scheduler started 
2025-04-03 17:17:46 PM INFO: 🚀 Sylessentials ecommerce Server is running on port 3000 in development mode 
2025-04-03 17:21:01 PM INFO: ✅Database is ready for atomicity. 
2025-04-03 17:21:02 PM INFO: ✅ Cart cleanup scheduler started 
2025-04-03 17:21:02 PM INFO: 🚀 Sylessentials ecommerce Server is running on port 3000 in development mode 
2025-04-03 17:21:28 PM WARN: POST /api/v1/payments 404 33ms 
{
  "req": {
    "url": "/api/v1/payments",
    "headers": {
      "content-type": "application/json",
      "user-agent": "PostmanRuntime/7.43.3",
      "accept": "*/*",
      "cache-control": "no-cache",
      "postman-token": "e10a0123-97b2-4679-b3b1-c5b743c133e1",
      "host": "localhost:3000",
      "accept-encoding": "gzip, deflate, br",
      "connection": "keep-alive",
      "content-length": "37"
    },
    "method": "POST",
    "httpVersion": "1.1",
    "originalUrl": "/api/v1/payments",
    "query": {}
  },
  "res": {
    "statusCode": 404
  },
  "responseTime": 33
}
2025-04-03 17:23:21 PM INFO: GET /api/v1/orders 200 8ms 
{
  "req": {
    "url": "/api/v1/orders",
    "headers": {
      "content-type": "application/json",
      "user-agent": "PostmanRuntime/7.43.3",
      "accept": "*/*",
      "cache-control": "no-cache",
      "postman-token": "f13fcc4b-c429-45db-8cd8-14d3104311f7",
      "host": "localhost:3000",
      "accept-encoding": "gzip, deflate, br",
      "connection": "keep-alive",
      "content-length": "37"
    },
    "method": "GET",
    "httpVersion": "1.1",
    "originalUrl": "/api/v1/orders",
    "query": {}
  },
  "res": {
    "statusCode": 200
  },
  "responseTime": 8
}
2025-04-03 17:23:57 PM INFO: GET /api/v1/orders 200 116ms 
{
  "req": {
    "url": "/api/v1/orders",
    "headers": {
      "content-type": "application/json",
      "user-agent": "PostmanRuntime/7.43.3",
      "accept": "*/*",
      "cache-control": "no-cache",
      "postman-token": "8a89d02d-8e0b-4f53-85a6-4115f680ae4f",
      "host": "localhost:3000",
      "accept-encoding": "gzip, deflate, br",
      "connection": "keep-alive",
      "content-length": "37"
    },
    "method": "GET",
    "httpVersion": "1.1",
    "originalUrl": "/api/v1/orders",
    "query": {}
  },
  "res": {
    "statusCode": 200
  },
  "responseTime": 116
}
2025-04-03 17:24:20 PM WARN: POST /api/v1/payments 404 13ms 
{
  "req": {
    "url": "/api/v1/payments",
    "headers": {
      "content-type": "application/json",
      "user-agent": "PostmanRuntime/7.43.3",
      "accept": "*/*",
      "cache-control": "no-cache",
      "postman-token": "d707b13b-443d-4ab9-b2f7-aacdd2b0dc84",
      "host": "localhost:3000",
      "accept-encoding": "gzip, deflate, br",
      "connection": "keep-alive",
      "content-length": "37"
    },
    "method": "POST",
    "httpVersion": "1.1",
    "originalUrl": "/api/v1/payments",
    "query": {}
  },
  "res": {
    "statusCode": 404
  },
  "responseTime": 13
}
2025-04-03 17:27:45 PM INFO: ✅Database is ready for atomicity. 
2025-04-03 17:27:46 PM INFO: ✅ Cart cleanup scheduler started 
2025-04-03 17:27:46 PM INFO: 🚀 Sylessentials ecommerce Server is running on port 3000 in development mode 
2025-04-03 17:27:54 PM WARN: POST /api/v1/payments 404 49ms 
{
  "req": {
    "url": "/api/v1/payments",
    "headers": {
      "content-type": "application/json",
      "user-agent": "PostmanRuntime/7.43.3",
      "accept": "*/*",
      "cache-control": "no-cache",
      "postman-token": "dffdc4d9-05cf-470c-93f7-f3ac0ecc44a4",
      "host": "localhost:3000",
      "accept-encoding": "gzip, deflate, br",
      "connection": "keep-alive",
      "content-length": "37"
    },
    "method": "POST",
    "httpVersion": "1.1",
    "originalUrl": "/api/v1/payments",
    "query": {}
  },
  "res": {
    "statusCode": 404
  },
  "responseTime": 49
}
2025-04-03 17:30:45 PM INFO: GET /api/v1/orders 200 11ms 
{
  "req": {
    "url": "/api/v1/orders",
    "headers": {
      "content-type": "application/json",
      "user-agent": "PostmanRuntime/7.43.3",
      "accept": "*/*",
      "cache-control": "no-cache",
      "postman-token": "11c4a8f9-7e7b-4f57-99b3-08d2c9b65066",
      "host": "localhost:3000",
      "accept-encoding": "gzip, deflate, br",
      "connection": "keep-alive",
      "content-length": "37"
    },
    "method": "GET",
    "httpVersion": "1.1",
    "originalUrl": "/api/v1/orders",
    "query": {}
  },
  "res": {
    "statusCode": 200
  },
  "responseTime": 11
}
2025-04-03 17:34:03 PM INFO: ✅Database is ready for atomicity. 
2025-04-03 17:34:04 PM INFO: ✅ Cart cleanup scheduler started 
2025-04-03 17:34:04 PM INFO: 🚀 Sylessentials ecommerce Server is running on port 3000 in development mode 
2025-04-03 17:34:06 PM INFO: GET /api/v1/orders 200 17ms 
{
  "req": {
    "url": "/api/v1/orders",
    "headers": {
      "content-type": "application/json",
      "user-agent": "PostmanRuntime/7.43.3",
      "accept": "*/*",
      "cache-control": "no-cache",
      "postman-token": "fd2a3b2b-b197-4e0f-8bd7-b54f1c74fc27",
      "host": "localhost:3000",
      "accept-encoding": "gzip, deflate, br",
      "connection": "keep-alive",
      "content-length": "37"
    },
    "method": "GET",
    "httpVersion": "1.1",
    "originalUrl": "/api/v1/orders",
    "query": {}
  },
  "res": {
    "statusCode": 200
  },
  "responseTime": 17
}
2025-04-03 17:34:25 PM WARN: POST /api/v1/payments 404 17ms 
{
  "req": {
    "url": "/api/v1/payments",
    "headers": {
      "content-type": "application/json",
      "user-agent": "PostmanRuntime/7.43.3",
      "accept": "*/*",
      "cache-control": "no-cache",
      "postman-token": "37461d05-6ca0-47fe-ba78-8f018ea384b9",
      "host": "localhost:3000",
      "accept-encoding": "gzip, deflate, br",
      "connection": "keep-alive",
      "content-length": "37"
    },
    "method": "POST",
    "httpVersion": "1.1",
    "originalUrl": "/api/v1/payments",
    "query": {}
  },
  "res": {
    "statusCode": 404
  },
  "responseTime": 17
}
2025-04-03 17:36:19 PM INFO: ✅Database is ready for atomicity. 
2025-04-03 17:36:20 PM INFO: ✅ Cart cleanup scheduler started 
2025-04-03 17:36:20 PM INFO: 🚀 Sylessentials ecommerce Server is running on port 3000 in development mode 
2025-04-03 17:36:27 PM WARN: POST /api/v1/payments 404 17ms 
{
  "req": {
    "url": "/api/v1/payments",
    "headers": {
      "content-type": "application/json",
      "user-agent": "PostmanRuntime/7.43.3",
      "accept": "*/*",
      "cache-control": "no-cache",
      "postman-token": "387684ae-7301-4806-9917-3acacdd3208c",
      "host": "localhost:3000",
      "accept-encoding": "gzip, deflate, br",
      "connection": "keep-alive",
      "content-length": "37"
    },
    "method": "POST",
    "httpVersion": "1.1",
    "originalUrl": "/api/v1/payments",
    "query": {}
  },
  "res": {
    "statusCode": 404
  },
  "responseTime": 17
}
2025-04-03 17:36:31 PM WARN: POST /api/v1/payments 404 17ms 
{
  "req": {
    "url": "/api/v1/payments",
    "headers": {
      "content-type": "application/json",
      "user-agent": "PostmanRuntime/7.43.3",
      "accept": "*/*",
      "cache-control": "no-cache",
      "postman-token": "371847b7-a036-4237-b5c0-e75837d78ebb",
      "host": "localhost:3000",
      "accept-encoding": "gzip, deflate, br",
      "connection": "keep-alive",
      "content-length": "37"
    },
    "method": "POST",
    "httpVersion": "1.1",
    "originalUrl": "/api/v1/payments",
    "query": {}
  },
  "res": {
    "statusCode": 404
  },
  "responseTime": 17
}
2025-04-03 17:37:21 PM INFO: ✅Database is ready for atomicity. 
2025-04-03 17:37:22 PM INFO: ✅ Cart cleanup scheduler started 
2025-04-03 17:37:22 PM INFO: 🚀 Sylessentials ecommerce Server is running on port 3000 in development mode 
2025-04-03 17:37:47 PM WARN: POST /api/v1/payments 404 15ms 
{
  "req": {
    "url": "/api/v1/payments",
    "headers": {
      "content-type": "application/json",
      "user-agent": "PostmanRuntime/7.43.3",
      "accept": "*/*",
      "cache-control": "no-cache",
      "postman-token": "9763f163-f082-422c-b929-2579c9f7d95c",
      "host": "localhost:3000",
      "accept-encoding": "gzip, deflate, br",
      "connection": "keep-alive",
      "content-length": "37"
    },
    "method": "POST",
    "httpVersion": "1.1",
    "originalUrl": "/api/v1/payments",
    "query": {}
  },
  "res": {
    "statusCode": 404
  },
  "responseTime": 15
}
2025-04-03 17:37:49 PM WARN: POST /api/v1/payments 404 12ms 
{
  "req": {
    "url": "/api/v1/payments",
    "headers": {
      "content-type": "application/json",
      "user-agent": "PostmanRuntime/7.43.3",
      "accept": "*/*",
      "cache-control": "no-cache",
      "postman-token": "11ec09ed-add3-41e9-ab5c-dd0904f455be",
      "host": "localhost:3000",
      "accept-encoding": "gzip, deflate, br",
      "connection": "keep-alive",
      "content-length": "37"
    },
    "method": "POST",
    "httpVersion": "1.1",
    "originalUrl": "/api/v1/payments",
    "query": {}
  },
  "res": {
    "statusCode": 404
  },
  "responseTime": 12
}
2025-04-03 17:40:09 PM INFO: ✅Database is ready for atomicity. 
2025-04-03 17:40:09 PM INFO: ✅ Cart cleanup scheduler started 
2025-04-03 17:40:09 PM INFO: 🚀 Sylessentials ecommerce Server is running on port 3000 in development mode 
2025-04-03 17:40:22 PM WARN: POST /api/v1/payments 404 15ms 
{
  "req": {
    "url": "/api/v1/payments",
    "headers": {
      "content-type": "application/json",
      "user-agent": "PostmanRuntime/7.43.3",
      "accept": "*/*",
      "cache-control": "no-cache",
      "postman-token": "a3824d48-b224-4e1c-a389-3578eba4bffa",
      "host": "localhost:3000",
      "accept-encoding": "gzip, deflate, br",
      "connection": "keep-alive",
      "content-length": "37"
    },
    "method": "POST",
    "httpVersion": "1.1",
    "originalUrl": "/api/v1/payments",
    "query": {}
  },
  "res": {
    "statusCode": 404
  },
  "responseTime": 15
}
2025-04-03 17:41:10 PM INFO: GET /api/v1/orders 200 45ms 
{
  "req": {
    "url": "/api/v1/orders",
    "headers": {
      "content-type": "application/json",
      "user-agent": "PostmanRuntime/7.43.3",
      "accept": "*/*",
      "cache-control": "no-cache",
      "postman-token": "ab02ff2b-b3be-4b4b-ac75-dc618c0526cc",
      "host": "localhost:3000",
      "accept-encoding": "gzip, deflate, br",
      "connection": "keep-alive",
      "content-length": "37"
    },
    "method": "GET",
    "httpVersion": "1.1",
    "originalUrl": "/api/v1/orders",
    "query": {}
  },
  "res": {
    "statusCode": 200
  },
  "responseTime": 45
}
2025-04-03 17:44:31 PM INFO: ✅Database is ready for atomicity. 
2025-04-03 17:44:31 PM INFO: ✅ Cart cleanup scheduler started 
2025-04-03 17:44:31 PM INFO: 🚀 Sylessentials ecommerce Server is running on port 3000 in development mode 
2025-04-03 17:44:37 PM INFO: GET /api/v1/orders 200 19ms 
{
  "req": {
    "url": "/api/v1/orders",
    "headers": {
      "content-type": "application/json",
      "user-agent": "PostmanRuntime/7.43.3",
      "accept": "*/*",
      "cache-control": "no-cache",
      "postman-token": "0061235a-47e3-4a42-b5d7-4be13ead0852",
      "host": "localhost:3000",
      "accept-encoding": "gzip, deflate, br",
      "connection": "keep-alive",
      "content-length": "37"
    },
    "method": "GET",
    "httpVersion": "1.1",
    "originalUrl": "/api/v1/orders",
    "query": {}
  },
  "res": {
    "statusCode": 200
  },
  "responseTime": 19
}
2025-04-03 17:45:06 PM WARN: POST /api/v1/payments 404 31ms 
{
  "req": {
    "url": "/api/v1/payments",
    "headers": {
      "content-type": "application/json",
      "user-agent": "PostmanRuntime/7.43.3",
      "accept": "*/*",
      "cache-control": "no-cache",
      "postman-token": "b53f7221-fa06-45a5-a5b7-5401f44d0659",
      "host": "localhost:3000",
      "accept-encoding": "gzip, deflate, br",
      "connection": "keep-alive",
      "content-length": "37"
    },
    "method": "POST",
    "httpVersion": "1.1",
    "originalUrl": "/api/v1/payments",
    "query": {}
  },
  "res": {
    "statusCode": 404
  },
  "responseTime": 31
}
2025-04-03 18:07:52 PM INFO: ✅Database is ready for atomicity. 
2025-04-03 18:07:52 PM INFO: ✅ Cart cleanup scheduler started 
2025-04-03 18:07:52 PM INFO: 🚀 Sylessentials ecommerce Server is running on port 3000 in development mode 
2025-04-03 18:07:59 PM WARN: POST /api/v1/payments 400 13ms 
{
  "req": {
    "url": "/api/v1/payments",
    "headers": {
      "content-type": "application/json",
      "user-agent": "PostmanRuntime/7.43.3",
      "accept": "*/*",
      "cache-control": "no-cache",
      "postman-token": "81e518c5-d162-41ff-b799-5dd663145c8d",
      "host": "localhost:3000",
      "accept-encoding": "gzip, deflate, br",
      "connection": "keep-alive",
      "content-length": "37"
    },
    "method": "POST",
    "httpVersion": "1.1",
    "originalUrl": "/api/v1/payments",
    "query": {}
  },
  "res": {
    "statusCode": 400
  },
  "responseTime": 13
}
2025-04-03 18:15:36 PM INFO: GET /api/v1/orders 200 13ms 
{
  "req": {
    "url": "/api/v1/orders",
    "headers": {
      "content-type": "application/json",
      "user-agent": "PostmanRuntime/7.43.3",
      "accept": "*/*",
      "cache-control": "no-cache",
      "postman-token": "884e45f0-16b5-4865-b961-93929a4ced30",
      "host": "localhost:3000",
      "accept-encoding": "gzip, deflate, br",
      "connection": "keep-alive",
      "content-length": "37"
    },
    "method": "GET",
    "httpVersion": "1.1",
    "originalUrl": "/api/v1/orders",
    "query": {}
  },
  "res": {
    "statusCode": 200
  },
  "responseTime": 13
}
2025-04-03 18:16:29 PM INFO: POST /api/v1/auth/login 200 246ms 
{
  "req": {
    "url": "/api/v1/auth/login",
    "headers": {
      "content-type": "application/json",
      "user-agent": "PostmanRuntime/7.43.3",
      "accept": "*/*",
      "cache-control": "no-cache",
      "postman-token": "bdae5989-358f-451d-8f59-64fa3b10191f",
      "host": "localhost:3000",
      "accept-encoding": "gzip, deflate, br",
      "connection": "keep-alive",
      "content-length": "60"
    },
    "method": "POST",
    "httpVersion": "1.1",
    "originalUrl": "/api/v1/auth/login",
    "query": {}
  },
  "res": {
    "statusCode": 200
  },
  "responseTime": 246
}
2025-04-03 18:16:39 PM INFO: POST /api/v1/auth/login 200 113ms 
{
  "req": {
    "url": "/api/v1/auth/login",
    "headers": {
      "content-type": "application/json",
      "user-agent": "PostmanRuntime/7.43.3",
      "accept": "*/*",
      "cache-control": "no-cache",
      "postman-token": "011c9263-8072-4ae0-85fc-cd217e55ab5e",
      "host": "localhost:3000",
      "accept-encoding": "gzip, deflate, br",
      "connection": "keep-alive",
      "content-length": "60"
    },
    "method": "POST",
    "httpVersion": "1.1",
    "originalUrl": "/api/v1/auth/login",
    "query": {}
  },
  "res": {
    "statusCode": 200
  },
  "responseTime": 113
}
2025-04-03 18:17:15 PM INFO: GET /api/v1/orders 200 8ms 
{
  "req": {
    "url": "/api/v1/orders",
    "headers": {
      "content-type": "application/json",
      "user-agent": "PostmanRuntime/7.43.3",
      "accept": "*/*",
      "cache-control": "no-cache",
      "postman-token": "d132be72-4ffb-4e2b-8816-adc5b01e1265",
      "host": "localhost:3000",
      "accept-encoding": "gzip, deflate, br",
      "connection": "keep-alive",
      "content-length": "37"
    },
    "method": "GET",
    "httpVersion": "1.1",
    "originalUrl": "/api/v1/orders",
    "query": {}
  },
  "res": {
    "statusCode": 200
  },
  "responseTime": 8
}
2025-04-03 18:17:52 PM INFO: GET /api/v1/carts 200 30ms 
{
  "req": {
    "url": "/api/v1/carts",
    "headers": {
      "content-type": "application/json",
      "user-agent": "PostmanRuntime/7.43.3",
      "accept": "*/*",
      "cache-control": "no-cache",
      "postman-token": "dd58cdc4-bc0b-41a2-8022-d7eb98a85031",
      "host": "localhost:3000",
      "accept-encoding": "gzip, deflate, br",
      "connection": "keep-alive",
      "content-length": "37"
    },
    "method": "GET",
    "httpVersion": "1.1",
    "originalUrl": "/api/v1/carts",
    "query": {}
  },
  "res": {
    "statusCode": 200
  },
  "responseTime": 30
}
2025-04-03 18:19:47 PM INFO: ✅Database is ready for atomicity. 
2025-04-03 18:19:47 PM INFO: ✅ Cart cleanup scheduler started 
2025-04-03 18:19:47 PM INFO: 🚀 Sylessentials ecommerce Server is running on port 3000 in development mode 
2025-04-03 18:20:04 PM WARN: POST /api/v1/payments 404 15ms 
{
  "req": {
    "url": "/api/v1/payments",
    "headers": {
      "content-type": "application/json",
      "user-agent": "PostmanRuntime/7.43.3",
      "accept": "*/*",
      "cache-control": "no-cache",
      "postman-token": "2a12346c-ff82-43fe-88e9-1b1d6dc11325",
      "host": "localhost:3000",
      "accept-encoding": "gzip, deflate, br",
      "connection": "keep-alive",
      "content-length": "37"
    },
    "method": "POST",
    "httpVersion": "1.1",
    "originalUrl": "/api/v1/payments",
    "query": {}
  },
  "res": {
    "statusCode": 404
  },
  "responseTime": 15
}
2025-04-03 18:51:40 PM INFO: ✅Database is ready for atomicity. 
2025-04-03 18:51:40 PM INFO: ✅ Cart cleanup scheduler started 
2025-04-03 18:51:40 PM INFO: 🚀 Sylessentials ecommerce Server is running on port 3000 in development mode 
2025-04-03 18:54:10 PM INFO: ✅Database is ready for atomicity. 
2025-04-03 18:54:10 PM INFO: ✅ Cart cleanup scheduler started 
2025-04-03 18:54:10 PM INFO: 🚀 Sylessentials ecommerce Server is running on port 3000 in development mode 
2025-04-03 18:55:18 PM INFO: GET /api/v1/orders 200 13ms 
{
  "req": {
    "url": "/api/v1/orders",
    "headers": {
      "content-type": "application/json",
      "user-agent": "PostmanRuntime/7.43.3",
      "accept": "*/*",
      "cache-control": "no-cache",
      "postman-token": "d8c4bb53-7013-4668-9487-ba2cbf407efa",
      "host": "localhost:3000",
      "accept-encoding": "gzip, deflate, br",
      "connection": "keep-alive",
      "content-length": "37"
    },
    "method": "GET",
    "httpVersion": "1.1",
    "originalUrl": "/api/v1/orders",
    "query": {}
  },
  "res": {
    "statusCode": 200
  },
  "responseTime": 13
}
2025-04-03 18:56:03 PM WARN: POST /api/v1/payments 404 16ms 
{
  "req": {
    "url": "/api/v1/payments",
    "headers": {
      "content-type": "application/json",
      "user-agent": "PostmanRuntime/7.43.3",
      "accept": "*/*",
      "cache-control": "no-cache",
      "postman-token": "bf3d253d-39f3-42b5-a06b-f4d9630dd84a",
      "host": "localhost:3000",
      "accept-encoding": "gzip, deflate, br",
      "connection": "keep-alive",
      "content-length": "79"
    },
    "method": "POST",
    "httpVersion": "1.1",
    "originalUrl": "/api/v1/payments",
    "query": {}
  },
  "res": {
    "statusCode": 404
  },
  "responseTime": 16
}
2025-04-03 18:56:54 PM INFO: ✅Database is ready for atomicity. 
2025-04-03 18:56:54 PM INFO: ✅ Cart cleanup scheduler started 
2025-04-03 18:56:54 PM INFO: 🚀 Sylessentials ecommerce Server is running on port 3000 in development mode 
2025-04-03 18:56:57 PM WARN: POST /api/v1/payments 404 13ms 
{
  "req": {
    "url": "/api/v1/payments",
    "headers": {
      "content-type": "application/json",
      "user-agent": "PostmanRuntime/7.43.3",
      "accept": "*/*",
      "cache-control": "no-cache",
      "postman-token": "cb0c8c3a-a3a0-4630-a9a5-2f35fa21e8fb",
      "host": "localhost:3000",
      "accept-encoding": "gzip, deflate, br",
      "connection": "keep-alive",
      "content-length": "79"
    },
    "method": "POST",
    "httpVersion": "1.1",
    "originalUrl": "/api/v1/payments",
    "query": {}
  },
  "res": {
    "statusCode": 404
  },
  "responseTime": 13
}
2025-04-03 18:57:22 PM INFO: ✅Database is ready for atomicity. 
2025-04-03 18:57:22 PM INFO: ✅ Cart cleanup scheduler started 
2025-04-03 18:57:22 PM INFO: 🚀 Sylessentials ecommerce Server is running on port 3000 in development mode 
2025-04-03 18:57:30 PM WARN: POST /api/v1/payments 404 18ms 
{
  "req": {
    "url": "/api/v1/payments",
    "headers": {
      "content-type": "application/json",
      "user-agent": "PostmanRuntime/7.43.3",
      "accept": "*/*",
      "cache-control": "no-cache",
      "postman-token": "365ba682-d202-418b-8ea7-0b36be630671",
      "host": "localhost:3000",
      "accept-encoding": "gzip, deflate, br",
      "connection": "keep-alive",
      "content-length": "79"
    },
    "method": "POST",
    "httpVersion": "1.1",
    "originalUrl": "/api/v1/payments",
    "query": {}
  },
  "res": {
    "statusCode": 404
  },
  "responseTime": 18
}
2025-04-03 19:29:58 PM WARN: POST /api/v1/payments 400 21ms 
{
  "req": {
    "url": "/api/v1/payments",
    "headers": {
      "content-type": "application/json",
      "user-agent": "PostmanRuntime/7.43.3",
      "accept": "*/*",
      "cache-control": "no-cache",
      "postman-token": "13565857-2056-4472-9f24-4f2a76680cfa",
      "host": "localhost:3000",
      "accept-encoding": "gzip, deflate, br",
      "connection": "keep-alive",
      "content-length": "37"
    },
    "method": "POST",
    "httpVersion": "1.1",
    "originalUrl": "/api/v1/payments",
    "query": {}
  },
  "res": {
    "statusCode": 400
  },
  "responseTime": 21
}
2025-04-03 20:04:14 PM INFO: ✅Database is ready for atomicity. 
2025-04-03 20:04:14 PM INFO: ✅ Cart cleanup scheduler started 
2025-04-03 20:04:14 PM INFO: 🚀 Sylessentials ecommerce Server is running on port 3000 in development mode 
2025-04-03 20:05:09 PM ERROR: POST /api/v1/payments 500 38400ms 
{
  "req": {
    "url": "/api/v1/payments",
    "headers": {
      "content-type": "application/json",
      "user-agent": "PostmanRuntime/7.43.3",
      "accept": "*/*",
      "cache-control": "no-cache",
      "postman-token": "05726b00-f685-4438-8a9f-1a559a3d0aa4",
      "host": "localhost:3000",
      "accept-encoding": "gzip, deflate, br",
      "connection": "keep-alive",
      "content-length": "37"
    },
    "method": "POST",
    "httpVersion": "1.1",
    "originalUrl": "/api/v1/payments",
    "query": {}
  },
  "res": {
    "statusCode": 500
  },
  "responseTime": 38400
}
2025-04-03 20:38:28 PM INFO: GET /api-docs/ 304 6ms 
{
  "req": {
    "url": "/api-docs/",
    "headers": {
      "host": "localhost:3000",
      "connection": "keep-alive",
      "sec-ch-ua": "\"Brave\";v=\"135\", \"Not-A.Brand\";v=\"8\", \"Chromium\";v=\"135\"",
      "sec-ch-ua-mobile": "?0",
      "sec-ch-ua-platform": "\"Windows\"",
      "upgrade-insecure-requests": "1",
      "user-agent": "Mozilla/5.0 (Windows NT 10.0; Win64; x64) AppleWebKit/537.36 (KHTML, like Gecko) Chrome/135.0.0.0 Safari/537.36",
      "accept": "text/html,application/xhtml+xml,application/xml;q=0.9,image/avif,image/webp,image/apng,*/*;q=0.8",
      "sec-gpc": "1",
      "accept-language": "en-US,en;q=0.8",
      "sec-fetch-site": "none",
      "sec-fetch-mode": "navigate",
      "sec-fetch-user": "?1",
      "sec-fetch-dest": "document",
      "accept-encoding": "gzip, deflate, br, zstd",
      "if-none-match": "W/\"c22-H8FH9nKD8DeX/nvIRrte6ZjP2a4\""
    },
    "method": "GET",
    "httpVersion": "1.1",
    "originalUrl": "/api-docs/",
    "query": {}
  },
  "res": {
    "statusCode": 304
  },
  "responseTime": 6
}
2025-04-03 20:38:28 PM INFO: GET /api-docs/swagger-ui-standalone-preset.js 304 9ms 
{
  "req": {
    "url": "/api-docs/swagger-ui-standalone-preset.js",
    "headers": {
      "host": "localhost:3000",
      "connection": "keep-alive",
      "sec-ch-ua-platform": "\"Windows\"",
      "user-agent": "Mozilla/5.0 (Windows NT 10.0; Win64; x64) AppleWebKit/537.36 (KHTML, like Gecko) Chrome/135.0.0.0 Safari/537.36",
      "sec-ch-ua": "\"Brave\";v=\"135\", \"Not-A.Brand\";v=\"8\", \"Chromium\";v=\"135\"",
      "sec-ch-ua-mobile": "?0",
      "accept": "*/*",
      "sec-gpc": "1",
      "accept-language": "en-US,en;q=0.8",
      "sec-fetch-site": "same-origin",
      "sec-fetch-mode": "no-cors",
      "sec-fetch-dest": "script",
      "referer": "http://localhost:3000/api-docs/",
      "accept-encoding": "gzip, deflate, br, zstd",
      "if-none-match": "W/\"37f67-19594a29043\"",
      "if-modified-since": "Fri, 14 Mar 2025 12:30:36 GMT"
    },
    "method": "GET",
    "httpVersion": "1.1",
    "originalUrl": "/api-docs/swagger-ui-standalone-preset.js",
    "query": {}
  },
  "res": {
    "statusCode": 304
  },
  "responseTime": 9
}
2025-04-03 20:38:28 PM INFO: GET /api-docs/swagger-ui.css 304 1ms 
{
  "req": {
    "url": "/api-docs/swagger-ui.css",
    "headers": {
      "host": "localhost:3000",
      "connection": "keep-alive",
      "sec-ch-ua-platform": "\"Windows\"",
      "user-agent": "Mozilla/5.0 (Windows NT 10.0; Win64; x64) AppleWebKit/537.36 (KHTML, like Gecko) Chrome/135.0.0.0 Safari/537.36",
      "sec-ch-ua": "\"Brave\";v=\"135\", \"Not-A.Brand\";v=\"8\", \"Chromium\";v=\"135\"",
      "sec-ch-ua-mobile": "?0",
      "accept": "text/css,*/*;q=0.1",
      "sec-gpc": "1",
      "accept-language": "en-US,en;q=0.8",
      "sec-fetch-site": "same-origin",
      "sec-fetch-mode": "no-cors",
      "sec-fetch-dest": "style",
      "referer": "http://localhost:3000/api-docs/",
      "accept-encoding": "gzip, deflate, br, zstd",
      "if-none-match": "W/\"25d69-19594a28c8d\"",
      "if-modified-since": "Fri, 14 Mar 2025 12:30:35 GMT"
    },
    "method": "GET",
    "httpVersion": "1.1",
    "originalUrl": "/api-docs/swagger-ui.css",
    "query": {}
  },
  "res": {
    "statusCode": 304
  },
  "responseTime": 1
}
2025-04-03 20:38:28 PM INFO: GET /api-docs/swagger-ui-bundle.js 304 7ms 
{
  "req": {
    "url": "/api-docs/swagger-ui-bundle.js",
    "headers": {
      "host": "localhost:3000",
      "connection": "keep-alive",
      "sec-ch-ua-platform": "\"Windows\"",
      "user-agent": "Mozilla/5.0 (Windows NT 10.0; Win64; x64) AppleWebKit/537.36 (KHTML, like Gecko) Chrome/135.0.0.0 Safari/537.36",
      "sec-ch-ua": "\"Brave\";v=\"135\", \"Not-A.Brand\";v=\"8\", \"Chromium\";v=\"135\"",
      "sec-ch-ua-mobile": "?0",
      "accept": "*/*",
      "sec-gpc": "1",
      "accept-language": "en-US,en;q=0.8",
      "sec-fetch-site": "same-origin",
      "sec-fetch-mode": "no-cors",
      "sec-fetch-dest": "script",
      "referer": "http://localhost:3000/api-docs/",
      "accept-encoding": "gzip, deflate, br, zstd",
      "if-none-match": "W/\"165fd4-19594a28ee5\"",
      "if-modified-since": "Fri, 14 Mar 2025 12:30:36 GMT"
    },
    "method": "GET",
    "httpVersion": "1.1",
    "originalUrl": "/api-docs/swagger-ui-bundle.js",
    "query": {}
  },
  "res": {
    "statusCode": 304
  },
  "responseTime": 7
}
2025-04-03 20:38:28 PM INFO: GET /api-docs/swagger-ui-init.js 304 2ms 
{
  "req": {
    "url": "/api-docs/swagger-ui-init.js",
    "headers": {
      "host": "localhost:3000",
      "connection": "keep-alive",
      "sec-ch-ua-platform": "\"Windows\"",
      "user-agent": "Mozilla/5.0 (Windows NT 10.0; Win64; x64) AppleWebKit/537.36 (KHTML, like Gecko) Chrome/135.0.0.0 Safari/537.36",
      "sec-ch-ua": "\"Brave\";v=\"135\", \"Not-A.Brand\";v=\"8\", \"Chromium\";v=\"135\"",
      "sec-ch-ua-mobile": "?0",
      "accept": "*/*",
      "sec-gpc": "1",
      "accept-language": "en-US,en;q=0.8",
      "sec-fetch-site": "same-origin",
      "sec-fetch-mode": "no-cors",
      "sec-fetch-dest": "script",
      "referer": "http://localhost:3000/api-docs/",
      "accept-encoding": "gzip, deflate, br, zstd",
      "if-none-match": "W/\"109f0-4yhSHlsbruxXCLV2N9lgaKzs1KU\""
    },
    "method": "GET",
    "httpVersion": "1.1",
    "originalUrl": "/api-docs/swagger-ui-init.js",
    "query": {}
  },
  "res": {
    "statusCode": 304
  },
  "responseTime": 2
}
2025-04-03 20:39:43 PM INFO: POST /api/v1/auth/register 201 228ms 
{
  "req": {
    "url": "/api/v1/auth/register",
    "headers": {
      "content-type": "application/json",
      "user-agent": "PostmanRuntime/7.43.3",
      "accept": "*/*",
      "cache-control": "no-cache",
      "postman-token": "c558ddd6-7d3b-4bf2-95c2-de4f0a5acbde",
      "host": "localhost:3000",
      "accept-encoding": "gzip, deflate, br",
      "connection": "keep-alive",
      "content-length": "91"
    },
    "method": "POST",
    "httpVersion": "1.1",
    "originalUrl": "/api/v1/auth/register",
    "query": {}
  },
  "res": {
    "statusCode": 201
  },
  "responseTime": 228
}
2025-04-03 20:40:07 PM INFO: POST /api/v1/auth/login 200 151ms 
{
  "req": {
    "url": "/api/v1/auth/login",
    "headers": {
      "content-type": "application/json",
      "user-agent": "PostmanRuntime/7.43.3",
      "accept": "*/*",
      "cache-control": "no-cache",
      "postman-token": "96169a91-fe88-430f-bd38-9790713b745c",
      "host": "localhost:3000",
      "accept-encoding": "gzip, deflate, br",
      "connection": "keep-alive",
      "content-length": "56"
    },
    "method": "POST",
    "httpVersion": "1.1",
    "originalUrl": "/api/v1/auth/login",
    "query": {}
  },
  "res": {
    "statusCode": 200
  },
  "responseTime": 151
}
2025-04-03 20:41:09 PM INFO: GET /api/v1/products 200 90ms 
{
  "req": {
    "url": "/api/v1/products",
    "headers": {
      "content-type": "application/json",
      "user-agent": "PostmanRuntime/7.43.3",
      "accept": "*/*",
      "cache-control": "no-cache",
      "postman-token": "0ed15f07-c6ae-468c-b665-9a5907238ebf",
      "host": "localhost:3000",
      "accept-encoding": "gzip, deflate, br",
      "connection": "keep-alive",
      "content-length": "56"
    },
    "method": "GET",
    "httpVersion": "1.1",
    "originalUrl": "/api/v1/products",
    "query": {}
  },
  "res": {
    "statusCode": 200
  },
  "responseTime": 90
}
2025-04-03 20:42:58 PM INFO: POST /api/v1/carts 201 67ms 
{
  "req": {
    "url": "/api/v1/carts",
    "headers": {
      "content-type": "application/json",
      "user-agent": "PostmanRuntime/7.43.3",
      "accept": "*/*",
      "cache-control": "no-cache",
      "postman-token": "6d4ba961-bce5-484e-ab81-9374ee402e13",
      "host": "localhost:3000",
      "accept-encoding": "gzip, deflate, br",
      "connection": "keep-alive",
      "content-length": "109"
    },
    "method": "POST",
    "httpVersion": "1.1",
    "originalUrl": "/api/v1/carts",
    "query": {}
  },
  "res": {
    "statusCode": 201
  },
  "responseTime": 67
}
2025-04-03 20:45:08 PM INFO: POST /api/v1/orders 201 52ms 
{
  "req": {
    "url": "/api/v1/orders",
    "headers": {
      "content-type": "application/json",
      "user-agent": "PostmanRuntime/7.43.3",
      "accept": "*/*",
      "cache-control": "no-cache",
      "postman-token": "138bac6a-8954-481f-ad38-c18508de1a04",
      "host": "localhost:3000",
      "accept-encoding": "gzip, deflate, br",
      "connection": "keep-alive",
      "content-length": "46"
    },
    "method": "POST",
    "httpVersion": "1.1",
    "originalUrl": "/api/v1/orders",
    "query": {}
  },
  "res": {
    "statusCode": 201
  },
  "responseTime": 52
}
2025-04-03 20:46:26 PM ERROR: POST /api/v1/payments 500 1865ms 
{
  "req": {
    "url": "/api/v1/payments",
    "headers": {
      "content-type": "application/json",
      "user-agent": "PostmanRuntime/7.43.3",
      "accept": "*/*",
      "cache-control": "no-cache",
      "postman-token": "307d5a0a-086e-4a0a-9aaa-1e8756ea57e4",
      "host": "localhost:3000",
      "accept-encoding": "gzip, deflate, br",
      "connection": "keep-alive",
      "content-length": "37"
    },
    "method": "POST",
    "httpVersion": "1.1",
    "originalUrl": "/api/v1/payments",
    "query": {}
  },
  "res": {
    "statusCode": 500
  },
  "responseTime": 1865
}
2025-04-03 21:44:42 PM INFO: ✅Database is ready for atomicity. 
2025-04-03 21:44:42 PM INFO: ✅ Cart cleanup scheduler started 
2025-04-03 21:44:42 PM INFO: 🚀 Sylessentials ecommerce Server is running on port 3000 in development mode 
2025-04-03 21:48:14 PM INFO: ✅Database is ready for atomicity. 
2025-04-03 21:48:14 PM INFO: ✅ Cart cleanup scheduler started 
2025-04-03 21:48:14 PM INFO: 🚀 Sylessentials ecommerce Server is running on port 3000 in development mode 
2025-04-03 21:49:28 PM WARN: POST /api/v1/payments 400 2085ms 
{
  "req": {
    "url": "/api/v1/payments",
    "headers": {
      "content-type": "application/json",
      "user-agent": "PostmanRuntime/7.43.3",
      "accept": "*/*",
      "cache-control": "no-cache",
      "postman-token": "722cc60d-71d2-43de-8a07-58652d4ef23d",
      "host": "localhost:3000",
      "accept-encoding": "gzip, deflate, br",
      "connection": "keep-alive",
      "content-length": "38"
    },
    "method": "POST",
    "httpVersion": "1.1",
    "originalUrl": "/api/v1/payments",
    "query": {}
  },
  "res": {
    "statusCode": 400
  },
  "responseTime": 2085
}
2025-04-03 21:54:28 PM WARN: POST /api/v1/payments 400 3429ms 
{
  "req": {
    "url": "/api/v1/payments",
    "headers": {
      "content-type": "application/json",
      "user-agent": "PostmanRuntime/7.43.3",
      "accept": "*/*",
      "cache-control": "no-cache",
      "postman-token": "0dc74237-afbe-4892-a192-fd27792b5d29",
      "host": "localhost:3000",
      "accept-encoding": "gzip, deflate, br",
      "connection": "keep-alive",
      "content-length": "57"
    },
    "method": "POST",
    "httpVersion": "1.1",
    "originalUrl": "/api/v1/payments",
    "query": {}
  },
  "res": {
    "statusCode": 400
  },
  "responseTime": 3429
}
2025-04-03 22:02:22 PM INFO: ✅Database is ready for atomicity. 
2025-04-03 22:02:23 PM INFO: ✅ Cart cleanup scheduler started 
2025-04-03 22:02:23 PM INFO: 🚀 Sylessentials ecommerce Server is running on port 3000 in development mode 
2025-04-03 22:03:55 PM INFO: ✅Database is ready for atomicity. 
2025-04-03 22:03:56 PM INFO: ✅ Cart cleanup scheduler started 
2025-04-03 22:03:56 PM INFO: 🚀 Sylessentials ecommerce Server is running on port 3000 in development mode 
2025-04-03 22:04:14 PM ERROR: POST /api/v1/payments 500 3444ms 
{
  "req": {
    "url": "/api/v1/payments",
    "headers": {
      "content-type": "application/json",
      "user-agent": "PostmanRuntime/7.43.3",
      "accept": "*/*",
      "cache-control": "no-cache",
      "postman-token": "1cb0f112-1c85-424a-9ad5-5c7dcaf7f567",
      "host": "localhost:3000",
      "accept-encoding": "gzip, deflate, br",
      "connection": "keep-alive",
      "content-length": "57"
    },
    "method": "POST",
    "httpVersion": "1.1",
    "originalUrl": "/api/v1/payments",
    "query": {}
  },
  "res": {
    "statusCode": 500
  },
  "responseTime": 3444
}
2025-04-03 22:04:54 PM ERROR: POST /api/v1/payments 500 12401ms 
{
  "req": {
    "url": "/api/v1/payments",
    "headers": {
      "content-type": "application/json",
      "user-agent": "PostmanRuntime/7.43.3",
      "accept": "*/*",
      "cache-control": "no-cache",
      "postman-token": "1d6cd14b-ceea-41f7-9ba9-4b478f6d5f93",
      "host": "localhost:3000",
      "accept-encoding": "gzip, deflate, br",
      "connection": "keep-alive",
      "content-length": "38"
    },
    "method": "POST",
    "httpVersion": "1.1",
    "originalUrl": "/api/v1/payments",
    "query": {}
  },
  "res": {
    "statusCode": 500
  },
  "responseTime": 12401
}
2025-04-03 22:09:32 PM INFO: ✅Database is ready for atomicity. 
2025-04-03 22:09:32 PM INFO: ✅ Cart cleanup scheduler started 
2025-04-03 22:09:32 PM INFO: 🚀 Sylessentials ecommerce Server is running on port 3000 in development mode 
2025-04-03 22:10:50 PM INFO: ✅Database is ready for atomicity. 
2025-04-03 22:10:51 PM INFO: ✅ Cart cleanup scheduler started 
2025-04-03 22:10:51 PM INFO: 🚀 Sylessentials ecommerce Server is running on port 3000 in development mode 
2025-04-03 22:11:07 PM WARN: POST /api/v1/payments 400 973ms 
{
  "req": {
    "url": "/api/v1/payments",
    "headers": {
      "content-type": "application/json",
      "user-agent": "PostmanRuntime/7.43.3",
      "accept": "*/*",
      "cache-control": "no-cache",
      "postman-token": "c652d522-6861-448f-a21e-8c83531177df",
      "host": "localhost:3000",
      "accept-encoding": "gzip, deflate, br",
      "connection": "keep-alive",
      "content-length": "38"
    },
    "method": "POST",
    "httpVersion": "1.1",
    "originalUrl": "/api/v1/payments",
    "query": {}
  },
  "res": {
    "statusCode": 400
  },
  "responseTime": 973
}
2025-04-03 22:17:23 PM INFO: ✅Database is ready for atomicity. 
2025-04-03 22:17:23 PM INFO: ✅ Cart cleanup scheduler started 
2025-04-03 22:17:23 PM INFO: 🚀 Sylessentials ecommerce Server is running on port 3000 in development mode 
2025-04-03 22:18:44 PM WARN: POST /api/v1/payments 400 2966ms 
{
  "req": {
    "url": "/api/v1/payments",
    "headers": {
      "content-type": "application/json",
      "user-agent": "PostmanRuntime/7.43.3",
      "accept": "*/*",
      "cache-control": "no-cache",
      "postman-token": "71d171a7-6a6f-4cfa-8498-a31de03b1b7b",
      "host": "localhost:3000",
      "accept-encoding": "gzip, deflate, br",
      "connection": "keep-alive",
      "content-length": "60"
    },
    "method": "POST",
    "httpVersion": "1.1",
    "originalUrl": "/api/v1/payments",
    "query": {}
  },
  "res": {
    "statusCode": 400
  },
  "responseTime": 2966
}
