2025-10-08 16:33:00 PM ERROR: uncaughtException: Route.post() requires a callback function but got a [object Undefined]
Error: Route.post() requires a callback function but got a [object Undefined]
    at Route.<computed> [as post] (/home/mdstorms/sylessentialz-ecommerce/backend/v1/node_modules/express/lib/router/route.js:216:15)
    at proto.<computed> [as post] (/home/mdstorms/sylessentialz-ecommerce/backend/v1/node_modules/express/lib/router/index.js:521:19)
    at file:///home/mdstorms/sylessentialz-ecommerce/backend/v1/routes/_auth.js:84:8
    at ModuleJob.run (node:internal/modules/esm/module_job:195:25)
    at async ModuleLoader.import (node:internal/modules/esm/loader:336:24)
    at async loadESM (node:internal/process/esm_loader:34:7)
    at async handleMainPromise (node:internal/modules/run_main:106:12) 
2025-10-08 16:41:01 PM ERROR: uncaughtException: Route.post() requires a callback function but got a [object Undefined]
Error: Route.post() requires a callback function but got a [object Undefined]
    at Route.<computed> [as post] (/home/mdstorms/sylessentialz-ecommerce/backend/v1/node_modules/express/lib/router/route.js:216:15)
    at proto.<computed> [as post] (/home/mdstorms/sylessentialz-ecommerce/backend/v1/node_modules/express/lib/router/index.js:521:19)
    at file:///home/mdstorms/sylessentialz-ecommerce/backend/v1/routes/_auth.js:84:8
    at ModuleJob.run (node:internal/modules/esm/module_job:195:25)
    at async ModuleLoader.import (node:internal/modules/esm/loader:336:24)
    at async loadESM (node:internal/process/esm_loader:34:7)
    at async handleMainPromise (node:internal/modules/run_main:106:12) 
2025-10-08 16:55:15 PM ERROR: uncaughtException: Route.post() requires a callback function but got a [object Undefined]
Error: Route.post() requires a callback function but got a [object Undefined]
    at Route.<computed> [as post] (/home/mdstorms/sylessentialz-ecommerce/backend/v1/node_modules/express/lib/router/route.js:216:15)
    at proto.<computed> [as post] (/home/mdstorms/sylessentialz-ecommerce/backend/v1/node_modules/express/lib/router/index.js:521:19)
    at file:///home/mdstorms/sylessentialz-ecommerce/backend/v1/routes/_auth.js:140:8
    at ModuleJob.run (node:internal/modules/esm/module_job:195:25)
    at async ModuleLoader.import (node:internal/modules/esm/loader:336:24)
    at async loadESM (node:internal/process/esm_loader:34:7)
    at async handleMainPromise (node:internal/modules/run_main:106:12) 
2025-10-08 16:55:26 PM ERROR: uncaughtException: Route.post() requires a callback function but got a [object Undefined]
Error: Route.post() requires a callback function but got a [object Undefined]
    at Route.<computed> [as post] (/home/mdstorms/sylessentialz-ecommerce/backend/v1/node_modules/express/lib/router/route.js:216:15)
    at proto.<computed> [as post] (/home/mdstorms/sylessentialz-ecommerce/backend/v1/node_modules/express/lib/router/index.js:521:19)
    at file:///home/mdstorms/sylessentialz-ecommerce/backend/v1/routes/_auth.js:158:8
    at ModuleJob.run (node:internal/modules/esm/module_job:195:25)
    at async ModuleLoader.import (node:internal/modules/esm/loader:336:24)
    at async loadESM (node:internal/process/esm_loader:34:7)
    at async handleMainPromise (node:internal/modules/run_main:106:12) 
2025-10-08 16:55:34 PM ERROR: uncaughtException: Route.post() requires a callback function but got a [object Undefined]
Error: Route.post() requires a callback function but got a [object Undefined]
    at Route.<computed> [as post] (/home/mdstorms/sylessentialz-ecommerce/backend/v1/node_modules/express/lib/router/route.js:216:15)
    at proto.<computed> [as post] (/home/mdstorms/sylessentialz-ecommerce/backend/v1/node_modules/express/lib/router/index.js:521:19)
    at file:///home/mdstorms/sylessentialz-ecommerce/backend/v1/routes/_auth.js:185:8
    at ModuleJob.run (node:internal/modules/esm/module_job:195:25)
    at async ModuleLoader.import (node:internal/modules/esm/loader:336:24)
    at async loadESM (node:internal/process/esm_loader:34:7)
    at async handleMainPromise (node:internal/modules/run_main:106:12) 
2025-10-08 16:55:46 PM ERROR: uncaughtException: Route.post() requires a callback function but got a [object Undefined]
Error: Route.post() requires a callback function but got a [object Undefined]
    at Route.<computed> [as post] (/home/mdstorms/sylessentialz-ecommerce/backend/v1/node_modules/express/lib/router/route.js:216:15)
    at proto.<computed> [as post] (/home/mdstorms/sylessentialz-ecommerce/backend/v1/node_modules/express/lib/router/index.js:521:19)
    at file:///home/mdstorms/sylessentialz-ecommerce/backend/v1/routes/_auth.js:215:8
    at ModuleJob.run (node:internal/modules/esm/module_job:195:25)
    at async ModuleLoader.import (node:internal/modules/esm/loader:336:24)
    at async loadESM (node:internal/process/esm_loader:34:7)
    at async handleMainPromise (node:internal/modules/run_main:106:12) 
2025-10-08 16:55:51 PM ERROR: uncaughtException: Route.get() requires a callback function but got a [object Undefined]
Error: Route.get() requires a callback function but got a [object Undefined]
    at Route.<computed> [as get] (/home/mdstorms/sylessentialz-ecommerce/backend/v1/node_modules/express/lib/router/route.js:216:15)
    at proto.<computed> [as get] (/home/mdstorms/sylessentialz-ecommerce/backend/v1/node_modules/express/lib/router/index.js:521:19)
    at file:///home/mdstorms/sylessentialz-ecommerce/backend/v1/routes/_cart.js:57:8
    at ModuleJob.run (node:internal/modules/esm/module_job:195:25)
    at async ModuleLoader.import (node:internal/modules/esm/loader:336:24)
    at async loadESM (node:internal/process/esm_loader:34:7)
    at async handleMainPromise (node:internal/modules/run_main:106:12) 
2025-10-08 16:56:24 PM ERROR: uncaughtException: Route.get() requires a callback function but got a [object Undefined]
Error: Route.get() requires a callback function but got a [object Undefined]
    at Route.<computed> [as get] (/home/mdstorms/sylessentialz-ecommerce/backend/v1/node_modules/express/lib/router/route.js:216:15)
    at proto.<computed> [as get] (/home/mdstorms/sylessentialz-ecommerce/backend/v1/node_modules/express/lib/router/index.js:521:19)
    at file:///home/mdstorms/sylessentialz-ecommerce/backend/v1/routes/_cart.js:57:8
    at ModuleJob.run (node:internal/modules/esm/module_job:195:25)
    at async ModuleLoader.import (node:internal/modules/esm/loader:336:24)
    at async loadESM (node:internal/process/esm_loader:34:7)
    at async handleMainPromise (node:internal/modules/run_main:106:12) 
2025-10-08 16:56:28 PM ERROR: uncaughtException: Route.get() requires a callback function but got a [object Undefined]
Error: Route.get() requires a callback function but got a [object Undefined]
    at Route.<computed> [as get] (/home/mdstorms/sylessentialz-ecommerce/backend/v1/node_modules/express/lib/router/route.js:216:15)
    at proto.<computed> [as get] (/home/mdstorms/sylessentialz-ecommerce/backend/v1/node_modules/express/lib/router/index.js:521:19)
    at file:///home/mdstorms/sylessentialz-ecommerce/backend/v1/routes/_cart.js:89:8
    at ModuleJob.run (node:internal/modules/esm/module_job:195:25)
    at async ModuleLoader.import (node:internal/modules/esm/loader:336:24)
    at async loadESM (node:internal/process/esm_loader:34:7)
    at async handleMainPromise (node:internal/modules/run_main:106:12) 
2025-10-08 16:57:03 PM ERROR: uncaughtException: Route.get() requires a callback function but got a [object Undefined]
Error: Route.get() requires a callback function but got a [object Undefined]
    at Route.<computed> [as get] (/home/mdstorms/sylessentialz-ecommerce/backend/v1/node_modules/express/lib/router/route.js:216:15)
    at proto.<computed> [as get] (/home/mdstorms/sylessentialz-ecommerce/backend/v1/node_modules/express/lib/router/index.js:521:19)
    at file:///home/mdstorms/sylessentialz-ecommerce/backend/v1/routes/_cart.js:89:8
    at ModuleJob.run (node:internal/modules/esm/module_job:195:25)
    at async ModuleLoader.import (node:internal/modules/esm/loader:336:24)
    at async loadESM (node:internal/process/esm_loader:34:7)
    at async handleMainPromise (node:internal/modules/run_main:106:12) 
2025-10-08 16:57:07 PM ERROR: uncaughtException: Route.get() requires a callback function but got a [object Undefined]
Error: Route.get() requires a callback function but got a [object Undefined]
    at Route.<computed> [as get] (/home/mdstorms/sylessentialz-ecommerce/backend/v1/node_modules/express/lib/router/route.js:216:15)
    at proto.<computed> [as get] (/home/mdstorms/sylessentialz-ecommerce/backend/v1/node_modules/express/lib/router/index.js:521:19)
    at file:///home/mdstorms/sylessentialz-ecommerce/backend/v1/routes/_cart.js:119:8
    at ModuleJob.run (node:internal/modules/esm/module_job:195:25)
    at async ModuleLoader.import (node:internal/modules/esm/loader:336:24)
    at async loadESM (node:internal/process/esm_loader:34:7)
    at async handleMainPromise (node:internal/modules/run_main:106:12) 
2025-10-08 16:57:33 PM ERROR: uncaughtException: Route.get() requires a callback function but got a [object Undefined]
Error: Route.get() requires a callback function but got a [object Undefined]
    at Route.<computed> [as get] (/home/mdstorms/sylessentialz-ecommerce/backend/v1/node_modules/express/lib/router/route.js:216:15)
    at proto.<computed> [as get] (/home/mdstorms/sylessentialz-ecommerce/backend/v1/node_modules/express/lib/router/index.js:521:19)
    at file:///home/mdstorms/sylessentialz-ecommerce/backend/v1/routes/_cart.js:119:8
    at ModuleJob.run (node:internal/modules/esm/module_job:195:25)
    at async ModuleLoader.import (node:internal/modules/esm/loader:336:24)
    at async loadESM (node:internal/process/esm_loader:34:7)
    at async handleMainPromise (node:internal/modules/run_main:106:12) 
2025-10-08 16:57:38 PM ERROR: uncaughtException: Route.post() requires a callback function but got a [object Undefined]
Error: Route.post() requires a callback function but got a [object Undefined]
    at Route.<computed> [as post] (/home/mdstorms/sylessentialz-ecommerce/backend/v1/node_modules/express/lib/router/route.js:216:15)
    at proto.<computed> [as post] (/home/mdstorms/sylessentialz-ecommerce/backend/v1/node_modules/express/lib/router/index.js:521:19)
    at file:///home/mdstorms/sylessentialz-ecommerce/backend/v1/routes/_cart.js:159:8
    at ModuleJob.run (node:internal/modules/esm/module_job:195:25)
    at async ModuleLoader.import (node:internal/modules/esm/loader:336:24)
    at async loadESM (node:internal/process/esm_loader:34:7)
    at async handleMainPromise (node:internal/modules/run_main:106:12) 
2025-10-08 16:57:51 PM ERROR: uncaughtException: Route.post() requires a callback function but got a [object Undefined]
Error: Route.post() requires a callback function but got a [object Undefined]
    at Route.<computed> [as post] (/home/mdstorms/sylessentialz-ecommerce/backend/v1/node_modules/express/lib/router/route.js:216:15)
    at proto.<computed> [as post] (/home/mdstorms/sylessentialz-ecommerce/backend/v1/node_modules/express/lib/router/index.js:521:19)
    at file:///home/mdstorms/sylessentialz-ecommerce/backend/v1/routes/_cart.js:159:8
    at ModuleJob.run (node:internal/modules/esm/module_job:195:25)
    at async ModuleLoader.import (node:internal/modules/esm/loader:336:24)
    at async loadESM (node:internal/process/esm_loader:34:7)
    at async handleMainPromise (node:internal/modules/run_main:106:12) 
2025-10-08 16:57:55 PM ERROR: uncaughtException: Route.put() requires a callback function but got a [object Undefined]
Error: Route.put() requires a callback function but got a [object Undefined]
    at Route.<computed> [as put] (/home/mdstorms/sylessentialz-ecommerce/backend/v1/node_modules/express/lib/router/route.js:216:15)
    at proto.<computed> [as put] (/home/mdstorms/sylessentialz-ecommerce/backend/v1/node_modules/express/lib/router/index.js:521:19)
    at file:///home/mdstorms/sylessentialz-ecommerce/backend/v1/routes/_cart.js:209:8
    at ModuleJob.run (node:internal/modules/esm/module_job:195:25)
    at async ModuleLoader.import (node:internal/modules/esm/loader:336:24)
    at async loadESM (node:internal/process/esm_loader:34:7)
    at async handleMainPromise (node:internal/modules/run_main:106:12) 
2025-10-08 16:58:03 PM ERROR: uncaughtException: Route.put() requires a callback function but got a [object Undefined]
Error: Route.put() requires a callback function but got a [object Undefined]
    at Route.<computed> [as put] (/home/mdstorms/sylessentialz-ecommerce/backend/v1/node_modules/express/lib/router/route.js:216:15)
    at proto.<computed> [as put] (/home/mdstorms/sylessentialz-ecommerce/backend/v1/node_modules/express/lib/router/index.js:521:19)
    at file:///home/mdstorms/sylessentialz-ecommerce/backend/v1/routes/_cart.js:209:8
    at ModuleJob.run (node:internal/modules/esm/module_job:195:25)
    at async ModuleLoader.import (node:internal/modules/esm/loader:336:24)
    at async loadESM (node:internal/process/esm_loader:34:7)
    at async handleMainPromise (node:internal/modules/run_main:106:12) 
2025-10-08 16:58:06 PM ERROR: uncaughtException: Route.post() requires a callback function but got a [object Undefined]
Error: Route.post() requires a callback function but got a [object Undefined]
    at Route.<computed> [as post] (/home/mdstorms/sylessentialz-ecommerce/backend/v1/node_modules/express/lib/router/route.js:216:15)
    at proto.<computed> [as post] (/home/mdstorms/sylessentialz-ecommerce/backend/v1/node_modules/express/lib/router/index.js:521:19)
    at file:///home/mdstorms/sylessentialz-ecommerce/backend/v1/routes/_cart.js:247:8
    at ModuleJob.run (node:internal/modules/esm/module_job:195:25)
    at async ModuleLoader.import (node:internal/modules/esm/loader:336:24)
    at async loadESM (node:internal/process/esm_loader:34:7)
    at async handleMainPromise (node:internal/modules/run_main:106:12) 
2025-10-08 16:58:13 PM ERROR: uncaughtException: Route.post() requires a callback function but got a [object Undefined]
Error: Route.post() requires a callback function but got a [object Undefined]
    at Route.<computed> [as post] (/home/mdstorms/sylessentialz-ecommerce/backend/v1/node_modules/express/lib/router/route.js:216:15)
    at proto.<computed> [as post] (/home/mdstorms/sylessentialz-ecommerce/backend/v1/node_modules/express/lib/router/index.js:521:19)
    at file:///home/mdstorms/sylessentialz-ecommerce/backend/v1/routes/_cart.js:247:8
    at ModuleJob.run (node:internal/modules/esm/module_job:195:25)
    at async ModuleLoader.import (node:internal/modules/esm/loader:336:24)
    at async loadESM (node:internal/process/esm_loader:34:7)
    at async handleMainPromise (node:internal/modules/run_main:106:12) 
2025-10-08 16:58:18 PM ERROR: uncaughtException: Route.post() requires a callback function but got a [object Undefined]
Error: Route.post() requires a callback function but got a [object Undefined]
    at Route.<computed> [as post] (/home/mdstorms/sylessentialz-ecommerce/backend/v1/node_modules/express/lib/router/route.js:216:15)
    at proto.<computed> [as post] (/home/mdstorms/sylessentialz-ecommerce/backend/v1/node_modules/express/lib/router/index.js:521:19)
    at file:///home/mdstorms/sylessentialz-ecommerce/backend/v1/routes/_cart.js:284:8
    at ModuleJob.run (node:internal/modules/esm/module_job:195:25)
    at async ModuleLoader.import (node:internal/modules/esm/loader:336:24)
    at async loadESM (node:internal/process/esm_loader:34:7)
    at async handleMainPromise (node:internal/modules/run_main:106:12) 
2025-10-08 16:58:40 PM ERROR: uncaughtException: Route.post() requires a callback function but got a [object Undefined]
Error: Route.post() requires a callback function but got a [object Undefined]
    at Route.<computed> [as post] (/home/mdstorms/sylessentialz-ecommerce/backend/v1/node_modules/express/lib/router/route.js:216:15)
    at proto.<computed> [as post] (/home/mdstorms/sylessentialz-ecommerce/backend/v1/node_modules/express/lib/router/index.js:521:19)
    at file:///home/mdstorms/sylessentialz-ecommerce/backend/v1/routes/_cart.js:284:8
    at ModuleJob.run (node:internal/modules/esm/module_job:195:25)
    at async ModuleLoader.import (node:internal/modules/esm/loader:336:24)
    at async loadESM (node:internal/process/esm_loader:34:7)
    at async handleMainPromise (node:internal/modules/run_main:106:12) 
2025-10-08 16:58:45 PM ERROR: uncaughtException: Route.post() requires a callback function but got a [object Undefined]
Error: Route.post() requires a callback function but got a [object Undefined]
    at Route.<computed> [as post] (/home/mdstorms/sylessentialz-ecommerce/backend/v1/node_modules/express/lib/router/route.js:216:15)
    at proto.<computed> [as post] (/home/mdstorms/sylessentialz-ecommerce/backend/v1/node_modules/express/lib/router/index.js:521:19)
    at file:///home/mdstorms/sylessentialz-ecommerce/backend/v1/routes/_cart.js:318:8
    at ModuleJob.run (node:internal/modules/esm/module_job:195:25)
    at async ModuleLoader.import (node:internal/modules/esm/loader:336:24)
    at async loadESM (node:internal/process/esm_loader:34:7)
    at async handleMainPromise (node:internal/modules/run_main:106:12) 
2025-10-08 16:58:54 PM ERROR: uncaughtException: Route.get() requires a callback function but got a [object Undefined]
Error: Route.get() requires a callback function but got a [object Undefined]
    at Route.<computed> [as get] (/home/mdstorms/sylessentialz-ecommerce/backend/v1/node_modules/express/lib/router/route.js:216:15)
    at proto.<computed> [as get] (/home/mdstorms/sylessentialz-ecommerce/backend/v1/node_modules/express/lib/router/index.js:521:19)
    at file:///home/mdstorms/sylessentialz-ecommerce/backend/v1/routes/_user.js:43:8
    at ModuleJob.run (node:internal/modules/esm/module_job:195:25)
    at async ModuleLoader.import (node:internal/modules/esm/loader:336:24)
    at async loadESM (node:internal/process/esm_loader:34:7)
    at async handleMainPromise (node:internal/modules/run_main:106:12) 
2025-10-08 16:59:24 PM ERROR: uncaughtException: Route.get() requires a callback function but got a [object Undefined]
Error: Route.get() requires a callback function but got a [object Undefined]
    at Route.<computed> [as get] (/home/mdstorms/sylessentialz-ecommerce/backend/v1/node_modules/express/lib/router/route.js:216:15)
    at proto.<computed> [as get] (/home/mdstorms/sylessentialz-ecommerce/backend/v1/node_modules/express/lib/router/index.js:521:19)
    at file:///home/mdstorms/sylessentialz-ecommerce/backend/v1/routes/_user.js:43:8
    at ModuleJob.run (node:internal/modules/esm/module_job:195:25)
    at async ModuleLoader.import (node:internal/modules/esm/loader:336:24)
    at async loadESM (node:internal/process/esm_loader:34:7)
    at async handleMainPromise (node:internal/modules/run_main:106:12) 
2025-10-08 16:59:53 PM ERROR: uncaughtException: Route.get() requires a callback function but got a [object Undefined]
Error: Route.get() requires a callback function but got a [object Undefined]
    at Route.<computed> [as get] (/home/mdstorms/sylessentialz-ecommerce/backend/v1/node_modules/express/lib/router/route.js:216:15)
    at proto.<computed> [as get] (/home/mdstorms/sylessentialz-ecommerce/backend/v1/node_modules/express/lib/router/index.js:521:19)
    at file:///home/mdstorms/sylessentialz-ecommerce/backend/v1/routes/_user.js:43:8
    at ModuleJob.run (node:internal/modules/esm/module_job:195:25)
    at async ModuleLoader.import (node:internal/modules/esm/loader:336:24)
    at async loadESM (node:internal/process/esm_loader:34:7)
    at async handleMainPromise (node:internal/modules/run_main:106:12) 
2025-10-08 17:00:02 PM ERROR: uncaughtException: Route.get() requires a callback function but got a [object Undefined]
Error: Route.get() requires a callback function but got a [object Undefined]
    at Route.<computed> [as get] (/home/mdstorms/sylessentialz-ecommerce/backend/v1/node_modules/express/lib/router/route.js:216:15)
    at proto.<computed> [as get] (/home/mdstorms/sylessentialz-ecommerce/backend/v1/node_modules/express/lib/router/index.js:521:19)
    at file:///home/mdstorms/sylessentialz-ecommerce/backend/v1/routes/_user.js:43:8
    at ModuleJob.run (node:internal/modules/esm/module_job:195:25)
    at async ModuleLoader.import (node:internal/modules/esm/loader:336:24)
    at async loadESM (node:internal/process/esm_loader:34:7)
    at async handleMainPromise (node:internal/modules/run_main:106:12) 
2025-10-08 17:00:07 PM ERROR: uncaughtException: Route.get() requires a callback function but got a [object Undefined]
Error: Route.get() requires a callback function but got a [object Undefined]
    at Route.<computed> [as get] (/home/mdstorms/sylessentialz-ecommerce/backend/v1/node_modules/express/lib/router/route.js:216:15)
    at proto.<computed> [as get] (/home/mdstorms/sylessentialz-ecommerce/backend/v1/node_modules/express/lib/router/index.js:521:19)
    at file:///home/mdstorms/sylessentialz-ecommerce/backend/v1/routes/_user.js:43:8
    at ModuleJob.run (node:internal/modules/esm/module_job:195:25)
    at async ModuleLoader.import (node:internal/modules/esm/loader:336:24)
    at async loadESM (node:internal/process/esm_loader:34:7)
    at async handleMainPromise (node:internal/modules/run_main:106:12) 
2025-10-08 17:00:13 PM ERROR: uncaughtException: Route.get() requires a callback function but got a [object Undefined]
Error: Route.get() requires a callback function but got a [object Undefined]
    at Route.<computed> [as get] (/home/mdstorms/sylessentialz-ecommerce/backend/v1/node_modules/express/lib/router/route.js:216:15)
    at proto.<computed> [as get] (/home/mdstorms/sylessentialz-ecommerce/backend/v1/node_modules/express/lib/router/index.js:521:19)
    at file:///home/mdstorms/sylessentialz-ecommerce/backend/v1/routes/_user.js:43:8
    at ModuleJob.run (node:internal/modules/esm/module_job:195:25)
    at async ModuleLoader.import (node:internal/modules/esm/loader:336:24)
    at async loadESM (node:internal/process/esm_loader:34:7)
    at async handleMainPromise (node:internal/modules/run_main:106:12) 
2025-10-08 17:00:19 PM ERROR: uncaughtException: Route.get() requires a callback function but got a [object Undefined]
Error: Route.get() requires a callback function but got a [object Undefined]
    at Route.<computed> [as get] (/home/mdstorms/sylessentialz-ecommerce/backend/v1/node_modules/express/lib/router/route.js:216:15)
    at proto.<computed> [as get] (/home/mdstorms/sylessentialz-ecommerce/backend/v1/node_modules/express/lib/router/index.js:521:19)
    at file:///home/mdstorms/sylessentialz-ecommerce/backend/v1/routes/_user.js:43:8
    at ModuleJob.run (node:internal/modules/esm/module_job:195:25)
    at async ModuleLoader.import (node:internal/modules/esm/loader:336:24)
    at async loadESM (node:internal/process/esm_loader:34:7)
    at async handleMainPromise (node:internal/modules/run_main:106:12) 
2025-10-08 17:00:26 PM ERROR: uncaughtException: Route.get() requires a callback function but got a [object Undefined]
Error: Route.get() requires a callback function but got a [object Undefined]
    at Route.<computed> [as get] (/home/mdstorms/sylessentialz-ecommerce/backend/v1/node_modules/express/lib/router/route.js:216:15)
    at proto.<computed> [as get] (/home/mdstorms/sylessentialz-ecommerce/backend/v1/node_modules/express/lib/router/index.js:521:19)
    at file:///home/mdstorms/sylessentialz-ecommerce/backend/v1/routes/_user.js:43:8
    at ModuleJob.run (node:internal/modules/esm/module_job:195:25)
    at async ModuleLoader.import (node:internal/modules/esm/loader:336:24)
    at async loadESM (node:internal/process/esm_loader:34:7)
    at async handleMainPromise (node:internal/modules/run_main:106:12) 
2025-10-08 17:00:31 PM ERROR: uncaughtException: Route.get() requires a callback function but got a [object Undefined]
Error: Route.get() requires a callback function but got a [object Undefined]
    at Route.<computed> [as get] (/home/mdstorms/sylessentialz-ecommerce/backend/v1/node_modules/express/lib/router/route.js:216:15)
    at proto.<computed> [as get] (/home/mdstorms/sylessentialz-ecommerce/backend/v1/node_modules/express/lib/router/index.js:521:19)
    at file:///home/mdstorms/sylessentialz-ecommerce/backend/v1/routes/_user.js:43:8
    at ModuleJob.run (node:internal/modules/esm/module_job:195:25)
    at async ModuleLoader.import (node:internal/modules/esm/loader:336:24)
    at async loadESM (node:internal/process/esm_loader:34:7)
    at async handleMainPromise (node:internal/modules/run_main:106:12) 
2025-10-08 17:00:44 PM ERROR: uncaughtException: Route.get() requires a callback function but got a [object Undefined]
Error: Route.get() requires a callback function but got a [object Undefined]
    at Route.<computed> [as get] (/home/mdstorms/sylessentialz-ecommerce/backend/v1/node_modules/express/lib/router/route.js:216:15)
    at proto.<computed> [as get] (/home/mdstorms/sylessentialz-ecommerce/backend/v1/node_modules/express/lib/router/index.js:521:19)
    at file:///home/mdstorms/sylessentialz-ecommerce/backend/v1/routes/_user.js:43:8
    at ModuleJob.run (node:internal/modules/esm/module_job:195:25)
    at async ModuleLoader.import (node:internal/modules/esm/loader:336:24)
    at async loadESM (node:internal/process/esm_loader:34:7)
    at async handleMainPromise (node:internal/modules/run_main:106:12) 
2025-10-08 17:00:51 PM ERROR: uncaughtException: Route.get() requires a callback function but got a [object Undefined]
Error: Route.get() requires a callback function but got a [object Undefined]
    at Route.<computed> [as get] (/home/mdstorms/sylessentialz-ecommerce/backend/v1/node_modules/express/lib/router/route.js:216:15)
    at proto.<computed> [as get] (/home/mdstorms/sylessentialz-ecommerce/backend/v1/node_modules/express/lib/router/index.js:521:19)
    at file:///home/mdstorms/sylessentialz-ecommerce/backend/v1/routes/_user.js:43:8
    at ModuleJob.run (node:internal/modules/esm/module_job:195:25)
    at async ModuleLoader.import (node:internal/modules/esm/loader:336:24)
    at async loadESM (node:internal/process/esm_loader:34:7)
    at async handleMainPromise (node:internal/modules/run_main:106:12) 
2025-10-08 17:00:55 PM ERROR: uncaughtException: Route.get() requires a callback function but got a [object Undefined]
Error: Route.get() requires a callback function but got a [object Undefined]
    at Route.<computed> [as get] (/home/mdstorms/sylessentialz-ecommerce/backend/v1/node_modules/express/lib/router/route.js:216:15)
    at proto.<computed> [as get] (/home/mdstorms/sylessentialz-ecommerce/backend/v1/node_modules/express/lib/router/index.js:521:19)
    at file:///home/mdstorms/sylessentialz-ecommerce/backend/v1/routes/_user.js:43:8
    at ModuleJob.run (node:internal/modules/esm/module_job:195:25)
    at async ModuleLoader.import (node:internal/modules/esm/loader:336:24)
    at async loadESM (node:internal/process/esm_loader:34:7)
    at async handleMainPromise (node:internal/modules/run_main:106:12) 
2025-10-08 17:02:25 PM ERROR: uncaughtException: Route.get() requires a callback function but got a [object Undefined]
Error: Route.get() requires a callback function but got a [object Undefined]
    at Route.<computed> [as get] (/home/mdstorms/sylessentialz-ecommerce/backend/v1/node_modules/express/lib/router/route.js:216:15)
    at proto.<computed> [as get] (/home/mdstorms/sylessentialz-ecommerce/backend/v1/node_modules/express/lib/router/index.js:521:19)
    at file:///home/mdstorms/sylessentialz-ecommerce/backend/v1/routes/_user.js:71:8
    at ModuleJob.run (node:internal/modules/esm/module_job:195:25)
    at async ModuleLoader.import (node:internal/modules/esm/loader:336:24)
    at async loadESM (node:internal/process/esm_loader:34:7)
    at async handleMainPromise (node:internal/modules/run_main:106:12) 
2025-10-08 17:02:31 PM ERROR: uncaughtException: Route.get() requires a callback function but got a [object Undefined]
Error: Route.get() requires a callback function but got a [object Undefined]
    at Route.<computed> [as get] (/home/mdstorms/sylessentialz-ecommerce/backend/v1/node_modules/express/lib/router/route.js:216:15)
    at proto.<computed> [as get] (/home/mdstorms/sylessentialz-ecommerce/backend/v1/node_modules/express/lib/router/index.js:521:19)
    at file:///home/mdstorms/sylessentialz-ecommerce/backend/v1/routes/_user.js:90:8
    at ModuleJob.run (node:internal/modules/esm/module_job:195:25)
    at async ModuleLoader.import (node:internal/modules/esm/loader:336:24)
    at async loadESM (node:internal/process/esm_loader:34:7)
    at async handleMainPromise (node:internal/modules/run_main:106:12) 
2025-10-08 17:02:37 PM ERROR: uncaughtException: Route.put() requires a callback function but got a [object Undefined]
Error: Route.put() requires a callback function but got a [object Undefined]
    at Route.<computed> [as put] (/home/mdstorms/sylessentialz-ecommerce/backend/v1/node_modules/express/lib/router/route.js:216:15)
    at proto.<computed> [as put] (/home/mdstorms/sylessentialz-ecommerce/backend/v1/node_modules/express/lib/router/index.js:521:19)
    at file:///home/mdstorms/sylessentialz-ecommerce/backend/v1/routes/_user.js:120:8
    at ModuleJob.run (node:internal/modules/esm/module_job:195:25)
    at async ModuleLoader.import (node:internal/modules/esm/loader:336:24)
    at async loadESM (node:internal/process/esm_loader:34:7)
    at async handleMainPromise (node:internal/modules/run_main:106:12) 
2025-10-08 17:02:43 PM ERROR: uncaughtException: Route.put() requires a callback function but got a [object Undefined]
Error: Route.put() requires a callback function but got a [object Undefined]
    at Route.<computed> [as put] (/home/mdstorms/sylessentialz-ecommerce/backend/v1/node_modules/express/lib/router/route.js:216:15)
    at proto.<computed> [as put] (/home/mdstorms/sylessentialz-ecommerce/backend/v1/node_modules/express/lib/router/index.js:521:19)
    at file:///home/mdstorms/sylessentialz-ecommerce/backend/v1/routes/_user.js:120:8
    at ModuleJob.run (node:internal/modules/esm/module_job:195:25)
    at async ModuleLoader.import (node:internal/modules/esm/loader:336:24)
    at async loadESM (node:internal/process/esm_loader:34:7)
    at async handleMainPromise (node:internal/modules/run_main:106:12) 
2025-10-08 17:02:49 PM ERROR: uncaughtException: Route.delete() requires a callback function but got a [object Undefined]
Error: Route.delete() requires a callback function but got a [object Undefined]
    at Route.<computed> [as delete] (/home/mdstorms/sylessentialz-ecommerce/backend/v1/node_modules/express/lib/router/route.js:216:15)
    at proto.<computed> [as delete] (/home/mdstorms/sylessentialz-ecommerce/backend/v1/node_modules/express/lib/router/index.js:521:19)
    at file:///home/mdstorms/sylessentialz-ecommerce/backend/v1/routes/_user.js:148:14
    at ModuleJob.run (node:internal/modules/esm/module_job:195:25)
    at async ModuleLoader.import (node:internal/modules/esm/loader:336:24)
    at async loadESM (node:internal/process/esm_loader:34:7)
    at async handleMainPromise (node:internal/modules/run_main:106:12) 
2025-10-08 17:02:57 PM ERROR: uncaughtException: Route.get() requires a callback function but got a [object Undefined]
Error: Route.get() requires a callback function but got a [object Undefined]
    at Route.<computed> [as get] (/home/mdstorms/sylessentialz-ecommerce/backend/v1/node_modules/express/lib/router/route.js:216:15)
    at proto.<computed> [as get] (/home/mdstorms/sylessentialz-ecommerce/backend/v1/node_modules/express/lib/router/index.js:521:19)
    at file:///home/mdstorms/sylessentialz-ecommerce/backend/v1/routes/_product.js:92:8
    at ModuleJob.run (node:internal/modules/esm/module_job:195:25)
    at async ModuleLoader.import (node:internal/modules/esm/loader:336:24)
    at async loadESM (node:internal/process/esm_loader:34:7)
    at async handleMainPromise (node:internal/modules/run_main:106:12) 
2025-10-08 17:03:29 PM ERROR: uncaughtException: Route.get() requires a callback function but got a [object Undefined]
Error: Route.get() requires a callback function but got a [object Undefined]
    at Route.<computed> [as get] (/home/mdstorms/sylessentialz-ecommerce/backend/v1/node_modules/express/lib/router/route.js:216:15)
    at proto.<computed> [as get] (/home/mdstorms/sylessentialz-ecommerce/backend/v1/node_modules/express/lib/router/index.js:521:19)
    at file:///home/mdstorms/sylessentialz-ecommerce/backend/v1/routes/_product.js:145:8
    at ModuleJob.run (node:internal/modules/esm/module_job:195:25)
    at async ModuleLoader.import (node:internal/modules/esm/loader:336:24)
    at async loadESM (node:internal/process/esm_loader:34:7)
    at async handleMainPromise (node:internal/modules/run_main:106:12) 
2025-10-08 17:04:40 PM ERROR: uncaughtException: Route.get() requires a callback function but got a [object Undefined]
Error: Route.get() requires a callback function but got a [object Undefined]
    at Route.<computed> [as get] (/home/mdstorms/sylessentialz-ecommerce/backend/v1/node_modules/express/lib/router/route.js:216:15)
    at proto.<computed> [as get] (/home/mdstorms/sylessentialz-ecommerce/backend/v1/node_modules/express/lib/router/index.js:521:19)
    at file:///home/mdstorms/sylessentialz-ecommerce/backend/v1/routes/_product.js:131:8
    at ModuleJob.run (node:internal/modules/esm/module_job:195:25)
    at async ModuleLoader.import (node:internal/modules/esm/loader:336:24)
    at async loadESM (node:internal/process/esm_loader:34:7)
    at async handleMainPromise (node:internal/modules/run_main:106:12) 
2025-10-08 17:04:43 PM ERROR: uncaughtException: Route.get() requires a callback function but got a [object Undefined]
Error: Route.get() requires a callback function but got a [object Undefined]
    at Route.<computed> [as get] (/home/mdstorms/sylessentialz-ecommerce/backend/v1/node_modules/express/lib/router/route.js:216:15)
    at proto.<computed> [as get] (/home/mdstorms/sylessentialz-ecommerce/backend/v1/node_modules/express/lib/router/index.js:521:19)
    at file:///home/mdstorms/sylessentialz-ecommerce/backend/v1/routes/_product.js:130:8
    at ModuleJob.run (node:internal/modules/esm/module_job:195:25)
    at async ModuleLoader.import (node:internal/modules/esm/loader:336:24)
    at async loadESM (node:internal/process/esm_loader:34:7)
    at async handleMainPromise (node:internal/modules/run_main:106:12) 
2025-10-08 17:04:51 PM ERROR: uncaughtException: Route.post() requires a callback function but got a [object Undefined]
Error: Route.post() requires a callback function but got a [object Undefined]
    at Route.<computed> [as post] (/home/mdstorms/sylessentialz-ecommerce/backend/v1/node_modules/express/lib/router/route.js:216:15)
    at proto.<computed> [as post] (/home/mdstorms/sylessentialz-ecommerce/backend/v1/node_modules/express/lib/router/index.js:521:19)
    at file:///home/mdstorms/sylessentialz-ecommerce/backend/v1/routes/_product.js:186:8
    at ModuleJob.run (node:internal/modules/esm/module_job:195:25)
    at async ModuleLoader.import (node:internal/modules/esm/loader:336:24)
    at async loadESM (node:internal/process/esm_loader:34:7)
    at async handleMainPromise (node:internal/modules/run_main:106:12) 
2025-10-08 17:05:05 PM ERROR: uncaughtException: Route.post() requires a callback function but got a [object Undefined]
Error: Route.post() requires a callback function but got a [object Undefined]
    at Route.<computed> [as post] (/home/mdstorms/sylessentialz-ecommerce/backend/v1/node_modules/express/lib/router/route.js:216:15)
    at proto.<computed> [as post] (/home/mdstorms/sylessentialz-ecommerce/backend/v1/node_modules/express/lib/router/index.js:521:19)
    at file:///home/mdstorms/sylessentialz-ecommerce/backend/v1/routes/_product.js:186:8
    at ModuleJob.run (node:internal/modules/esm/module_job:195:25)
    at async ModuleLoader.import (node:internal/modules/esm/loader:336:24)
    at async loadESM (node:internal/process/esm_loader:34:7)
    at async handleMainPromise (node:internal/modules/run_main:106:12) 
2025-10-08 17:05:10 PM ERROR: uncaughtException: Route.put() requires a callback function but got a [object Undefined]
Error: Route.put() requires a callback function but got a [object Undefined]
    at Route.<computed> [as put] (/home/mdstorms/sylessentialz-ecommerce/backend/v1/node_modules/express/lib/router/route.js:216:15)
    at proto.<computed> [as put] (/home/mdstorms/sylessentialz-ecommerce/backend/v1/node_modules/express/lib/router/index.js:521:19)
    at file:///home/mdstorms/sylessentialz-ecommerce/backend/v1/routes/_product.js:249:8
    at ModuleJob.run (node:internal/modules/esm/module_job:195:25)
    at async ModuleLoader.import (node:internal/modules/esm/loader:336:24)
    at async loadESM (node:internal/process/esm_loader:34:7)
    at async handleMainPromise (node:internal/modules/run_main:106:12) 
2025-10-08 17:05:20 PM ERROR: uncaughtException: Route.delete() requires a callback function but got a [object Undefined]
Error: Route.delete() requires a callback function but got a [object Undefined]
    at Route.<computed> [as delete] (/home/mdstorms/sylessentialz-ecommerce/backend/v1/node_modules/express/lib/router/route.js:216:15)
    at proto.<computed> [as delete] (/home/mdstorms/sylessentialz-ecommerce/backend/v1/node_modules/express/lib/router/index.js:521:19)
    at file:///home/mdstorms/sylessentialz-ecommerce/backend/v1/routes/_product.js:281:14
    at ModuleJob.run (node:internal/modules/esm/module_job:195:25)
    at async ModuleLoader.import (node:internal/modules/esm/loader:336:24)
    at async loadESM (node:internal/process/esm_loader:34:7)
    at async handleMainPromise (node:internal/modules/run_main:106:12) 
2025-10-08 17:05:28 PM ERROR: uncaughtException: Route.post() requires a callback function but got a [object Undefined]
Error: Route.post() requires a callback function but got a [object Undefined]
    at Route.<computed> [as post] (/home/mdstorms/sylessentialz-ecommerce/backend/v1/node_modules/express/lib/router/route.js:216:15)
    at proto.<computed> [as post] (/home/mdstorms/sylessentialz-ecommerce/backend/v1/node_modules/express/lib/router/index.js:521:19)
    at file:///home/mdstorms/sylessentialz-ecommerce/backend/v1/routes/_payment.js:47:8
    at ModuleJob.run (node:internal/modules/esm/module_job:195:25)
    at async ModuleLoader.import (node:internal/modules/esm/loader:336:24)
    at async loadESM (node:internal/process/esm_loader:34:7)
    at async handleMainPromise (node:internal/modules/run_main:106:12) 
2025-10-08 17:05:56 PM ERROR: Failed to connect to MongoDB: connect ECONNREFUSED 127.0.0.1:27017 
2025-10-08 17:10:46 PM ERROR: Failed to connect to Redis: Socket already opened 
2025-10-08 17:11:06 PM ERROR: uncaughtException: EIO: i/o error, write
Error: EIO: i/o error, write
    at writeSync (node:fs:929:3)
    at SyncWriteStream._write (node:internal/fs/sync_write_stream:27:5)
    at writeOrBuffer (node:internal/streams/writable:392:12)
    at _write (node:internal/streams/writable:333:10)
    at Writable.write (node:internal/streams/writable:337:10)
    at Console.log (/home/mdstorms/sylessentialz-ecommerce/backend/v1/node_modules/winston/lib/winston/transports/console.js:87:23)
    at Console._write (/home/mdstorms/sylessentialz-ecommerce/backend/v1/node_modules/winston-transport/modern.js:103:17)
    at doWrite (/home/mdstorms/sylessentialz-ecommerce/backend/v1/node_modules/readable-stream/lib/_stream_writable.js:390:139)
    at writeOrBuffer (/home/mdstorms/sylessentialz-ecommerce/backend/v1/node_modules/readable-stream/lib/_stream_writable.js:381:5)
    at Writable.write (/home/mdstorms/sylessentialz-ecommerce/backend/v1/node_modules/readable-stream/lib/_stream_writable.js:302:11) 
2025-10-08 17:13:04 PM ERROR: Failed to connect to Redis: Socket already opened 
2025-10-08 17:30:06 PM ERROR: Failed to connect to Redis: Socket already opened 
2025-10-08 17:30:40 PM ERROR: Failed to connect to Redis: Socket already opened 
2025-10-08 17:40:36 PM ERROR: uncaughtException: EIO: i/o error, write
Error: EIO: i/o error, write
    at writeSync (node:fs:929:3)
    at SyncWriteStream._write (node:internal/fs/sync_write_stream:27:5)
    at writeOrBuffer (node:internal/streams/writable:392:12)
    at _write (node:internal/streams/writable:333:10)
    at Writable.write (node:internal/streams/writable:337:10)
    at Console.log (/home/mdstorms/sylessentialz-ecommerce/backend/v1/node_modules/winston/lib/winston/transports/console.js:87:23)
    at Console._write (/home/mdstorms/sylessentialz-ecommerce/backend/v1/node_modules/winston-transport/modern.js:103:17)
    at doWrite (/home/mdstorms/sylessentialz-ecommerce/backend/v1/node_modules/readable-stream/lib/_stream_writable.js:390:139)
    at writeOrBuffer (/home/mdstorms/sylessentialz-ecommerce/backend/v1/node_modules/readable-stream/lib/_stream_writable.js:381:5)
    at Writable.write (/home/mdstorms/sylessentialz-ecommerce/backend/v1/node_modules/readable-stream/lib/_stream_writable.js:302:11) 
