2025-03-28 15:35:01 PM ERROR: ❌ MongoDB connection failed: connect ECONNREFUSED 127.0.0.1:27017 (Status: N/A)
2025-03-28 17:21:27 PM ERROR: uncaughtException: listen EADDRINUSE: address already in use :::3000
Error: listen EADDRINUSE: address already in use :::3000
    at Server.setupListenHandle [as _listen2] (node:net:1937:16)
    at listenInCluster (node:net:1994:12)
    at Server.listen (node:net:2099:7)
    at Function.listen (/home/mdstorms/sylessentialz-ecommerce/backend/v1/node_modules/express/lib/application.js:635:24)
    at startServer (file:///home/mdstorms/sylessentialz-ecommerce/backend/v1/app.js:105:28)
    at process.processTicksAndRejections (node:internal/process/task_queues:105:5) (Status: N/A)
2025-03-28 17:23:55 PM ERROR: POST /api/v1/auth/login 500 145ms (Status: 500)
{
  "req": {
    "url": "/api/v1/auth/login",
    "headers": {
      "content-type": "application/json",
      "user-agent": "PostmanRuntime/7.43.2",
      "accept": "*/*",
      "cache-control": "no-cache",
      "postman-token": "dcff80f4-e8ae-410e-acc3-baca4f4810a9",
      "host": "localhost:3000",
      "accept-encoding": "gzip, deflate, br",
      "connection": "keep-alive",
      "content-length": "59"
    },
    "method": "POST",
    "httpVersion": "1.1",
    "originalUrl": "/api/v1/auth/login",
    "query": {}
  },
  "res": {
    "statusCode": 500
  },
  "responseTime": 145
}
2025-03-28 17:35:52 PM ERROR: uncaughtException: listen EADDRINUSE: address already in use :::3000
Error: listen EADDRINUSE: address already in use :::3000
    at Server.setupListenHandle [as _listen2] (node:net:1937:16)
    at listenInCluster (node:net:1994:12)
    at Server.listen (node:net:2099:7)
    at Function.listen (/home/mdstorms/sylessentialz-ecommerce/backend/v1/node_modules/express/lib/application.js:635:24)
    at startServer (file:///home/mdstorms/sylessentialz-ecommerce/backend/v1/app.js:105:28)
    at process.processTicksAndRejections (node:internal/process/task_queues:105:5) (Status: N/A)
2025-03-28 17:37:54 PM ERROR: uncaughtException: listen EADDRINUSE: address already in use :::3000
Error: listen EADDRINUSE: address already in use :::3000
    at Server.setupListenHandle [as _listen2] (node:net:1937:16)
    at listenInCluster (node:net:1994:12)
    at Server.listen (node:net:2099:7)
    at Function.listen (/home/mdstorms/sylessentialz-ecommerce/backend/v1/node_modules/express/lib/application.js:635:24)
    at startServer (file:///home/mdstorms/sylessentialz-ecommerce/backend/v1/app.js:105:28)
    at process.processTicksAndRejections (node:internal/process/task_queues:105:5) (Status: N/A)
2025-03-28 17:55:18 PM ERROR: uncaughtException: write EPIPE
Error: write EPIPE
    at afterWriteDispatched (node:internal/stream_base_commons:159:15)
    at writeGeneric (node:internal/stream_base_commons:150:3)
    at Socket._writeGeneric (node:net:971:11)
    at Socket._write (node:net:983:8)
    at writeOrBuffer (node:internal/streams/writable:572:12)
    at _write (node:internal/streams/writable:501:10)
    at Writable.write (node:internal/streams/writable:510:10)
    at Console.log (/home/mdstorms/sylessentialz-ecommerce/backend/v1/node_modules/winston/lib/winston/transports/console.js:87:23)
    at Console._write (/home/mdstorms/sylessentialz-ecommerce/backend/v1/node_modules/winston-transport/modern.js:103:17)
    at doWrite (/home/mdstorms/sylessentialz-ecommerce/backend/v1/node_modules/readable-stream/lib/_stream_writable.js:390:139) (Status: N/A)
2025-03-28 17:55:18 PM ERROR: uncaughtException: write EPIPE
Error: write EPIPE
    at afterWriteDispatched (node:internal/stream_base_commons:159:15)
    at writeGeneric (node:internal/stream_base_commons:150:3)
    at Socket._writeGeneric (node:net:971:11)
    at Socket._write (node:net:983:8)
    at writeOrBuffer (node:internal/streams/writable:572:12)
    at _write (node:internal/streams/writable:501:10)
    at Writable.write (node:internal/streams/writable:510:10)
    at Console.log (/home/mdstorms/sylessentialz-ecommerce/backend/v1/node_modules/winston/lib/winston/transports/console.js:87:23)
    at Console._write (/home/mdstorms/sylessentialz-ecommerce/backend/v1/node_modules/winston-transport/modern.js:103:17)
    at doWrite (/home/mdstorms/sylessentialz-ecommerce/backend/v1/node_modules/readable-stream/lib/_stream_writable.js:390:139) (Status: N/A)
2025-03-28 17:55:18 PM ERROR: uncaughtException: write EPIPE
Error: write EPIPE
    at afterWriteDispatched (node:internal/stream_base_commons:159:15)
    at writeGeneric (node:internal/stream_base_commons:150:3)
    at Socket._writeGeneric (node:net:971:11)
    at Socket._write (node:net:983:8)
    at writeOrBuffer (node:internal/streams/writable:572:12)
    at _write (node:internal/streams/writable:501:10)
    at Writable.write (node:internal/streams/writable:510:10)
    at Console.log (/home/mdstorms/sylessentialz-ecommerce/backend/v1/node_modules/winston/lib/winston/transports/console.js:87:23)
    at Console._write (/home/mdstorms/sylessentialz-ecommerce/backend/v1/node_modules/winston-transport/modern.js:103:17)
    at doWrite (/home/mdstorms/sylessentialz-ecommerce/backend/v1/node_modules/readable-stream/lib/_stream_writable.js:390:139) (Status: N/A)
2025-03-28 17:55:18 PM ERROR: uncaughtException: write EPIPE
Error: write EPIPE
    at afterWriteDispatched (node:internal/stream_base_commons:159:15)
    at writeGeneric (node:internal/stream_base_commons:150:3)
    at Socket._writeGeneric (node:net:971:11)
    at Socket._write (node:net:983:8)
    at writeOrBuffer (node:internal/streams/writable:572:12)
    at _write (node:internal/streams/writable:501:10)
    at Writable.write (node:internal/streams/writable:510:10)
    at Console.log (/home/mdstorms/sylessentialz-ecommerce/backend/v1/node_modules/winston/lib/winston/transports/console.js:87:23)
    at Console._write (/home/mdstorms/sylessentialz-ecommerce/backend/v1/node_modules/winston-transport/modern.js:103:17)
    at doWrite (/home/mdstorms/sylessentialz-ecommerce/backend/v1/node_modules/readable-stream/lib/_stream_writable.js:390:139) (Status: N/A)
2025-03-28 17:55:18 PM ERROR: uncaughtException: write EPIPE
Error: write EPIPE
    at afterWriteDispatched (node:internal/stream_base_commons:159:15)
    at writeGeneric (node:internal/stream_base_commons:150:3)
    at Socket._writeGeneric (node:net:971:11)
    at Socket._write (node:net:983:8)
    at writeOrBuffer (node:internal/streams/writable:572:12)
    at _write (node:internal/streams/writable:501:10)
    at Writable.write (node:internal/streams/writable:510:10)
    at Console.log (/home/mdstorms/sylessentialz-ecommerce/backend/v1/node_modules/winston/lib/winston/transports/console.js:87:23)
    at Console._write (/home/mdstorms/sylessentialz-ecommerce/backend/v1/node_modules/winston-transport/modern.js:103:17)
    at doWrite (/home/mdstorms/sylessentialz-ecommerce/backend/v1/node_modules/readable-stream/lib/_stream_writable.js:390:139) (Status: N/A)
2025-03-28 17:55:18 PM ERROR: uncaughtException: write EPIPE
Error: write EPIPE
    at afterWriteDispatched (node:internal/stream_base_commons:159:15)
    at writeGeneric (node:internal/stream_base_commons:150:3)
    at Socket._writeGeneric (node:net:971:11)
    at Socket._write (node:net:983:8)
    at writeOrBuffer (node:internal/streams/writable:572:12)
    at _write (node:internal/streams/writable:501:10)
    at Writable.write (node:internal/streams/writable:510:10)
    at Console.log (/home/mdstorms/sylessentialz-ecommerce/backend/v1/node_modules/winston/lib/winston/transports/console.js:87:23)
    at Console._write (/home/mdstorms/sylessentialz-ecommerce/backend/v1/node_modules/winston-transport/modern.js:103:17)
    at doWrite (/home/mdstorms/sylessentialz-ecommerce/backend/v1/node_modules/readable-stream/lib/_stream_writable.js:390:139) (Status: N/A)
2025-03-28 17:55:18 PM ERROR: uncaughtException: write EPIPE
Error: write EPIPE
    at afterWriteDispatched (node:internal/stream_base_commons:159:15)
    at writeGeneric (node:internal/stream_base_commons:150:3)
    at Socket._writeGeneric (node:net:971:11)
    at Socket._write (node:net:983:8)
    at writeOrBuffer (node:internal/streams/writable:572:12)
    at _write (node:internal/streams/writable:501:10)
    at Writable.write (node:internal/streams/writable:510:10)
    at Console.log (/home/mdstorms/sylessentialz-ecommerce/backend/v1/node_modules/winston/lib/winston/transports/console.js:87:23)
    at Console._write (/home/mdstorms/sylessentialz-ecommerce/backend/v1/node_modules/winston-transport/modern.js:103:17)
    at doWrite (/home/mdstorms/sylessentialz-ecommerce/backend/v1/node_modules/readable-stream/lib/_stream_writable.js:390:139) (Status: N/A)
2025-03-28 17:55:18 PM ERROR: uncaughtException: write EPIPE
Error: write EPIPE
    at afterWriteDispatched (node:internal/stream_base_commons:159:15)
    at writeGeneric (node:internal/stream_base_commons:150:3)
    at Socket._writeGeneric (node:net:971:11)
    at Socket._write (node:net:983:8)
    at writeOrBuffer (node:internal/streams/writable:572:12)
    at _write (node:internal/streams/writable:501:10)
    at Writable.write (node:internal/streams/writable:510:10)
    at Console.log (/home/mdstorms/sylessentialz-ecommerce/backend/v1/node_modules/winston/lib/winston/transports/console.js:87:23)
    at Console._write (/home/mdstorms/sylessentialz-ecommerce/backend/v1/node_modules/winston-transport/modern.js:103:17)
    at doWrite (/home/mdstorms/sylessentialz-ecommerce/backend/v1/node_modules/readable-stream/lib/_stream_writable.js:390:139) (Status: N/A)
2025-03-28 17:55:18 PM ERROR: uncaughtException: write EPIPE
Error: write EPIPE
    at afterWriteDispatched (node:internal/stream_base_commons:159:15)
    at writeGeneric (node:internal/stream_base_commons:150:3)
    at Socket._writeGeneric (node:net:971:11)
    at Socket._write (node:net:983:8)
    at writeOrBuffer (node:internal/streams/writable:572:12)
    at _write (node:internal/streams/writable:501:10)
    at Writable.write (node:internal/streams/writable:510:10)
    at Console.log (/home/mdstorms/sylessentialz-ecommerce/backend/v1/node_modules/winston/lib/winston/transports/console.js:87:23)
    at Console._write (/home/mdstorms/sylessentialz-ecommerce/backend/v1/node_modules/winston-transport/modern.js:103:17)
    at doWrite (/home/mdstorms/sylessentialz-ecommerce/backend/v1/node_modules/readable-stream/lib/_stream_writable.js:390:139) (Status: N/A)
2025-03-28 17:55:18 PM ERROR: uncaughtException: write EPIPE
Error: write EPIPE
    at afterWriteDispatched (node:internal/stream_base_commons:159:15)
    at writeGeneric (node:internal/stream_base_commons:150:3)
    at Socket._writeGeneric (node:net:971:11)
    at Socket._write (node:net:983:8)
    at writeOrBuffer (node:internal/streams/writable:572:12)
    at _write (node:internal/streams/writable:501:10)
    at Writable.write (node:internal/streams/writable:510:10)
    at Console.log (/home/mdstorms/sylessentialz-ecommerce/backend/v1/node_modules/winston/lib/winston/transports/console.js:87:23)
    at Console._write (/home/mdstorms/sylessentialz-ecommerce/backend/v1/node_modules/winston-transport/modern.js:103:17)
    at doWrite (/home/mdstorms/sylessentialz-ecommerce/backend/v1/node_modules/readable-stream/lib/_stream_writable.js:390:139) (Status: N/A)
2025-03-28 17:55:18 PM ERROR: uncaughtException: write EPIPE
Error: write EPIPE
    at afterWriteDispatched (node:internal/stream_base_commons:159:15)
    at writeGeneric (node:internal/stream_base_commons:150:3)
    at Socket._writeGeneric (node:net:971:11)
    at Socket._write (node:net:983:8)
    at writeOrBuffer (node:internal/streams/writable:572:12)
    at _write (node:internal/streams/writable:501:10)
    at Writable.write (node:internal/streams/writable:510:10)
    at Console.log (/home/mdstorms/sylessentialz-ecommerce/backend/v1/node_modules/winston/lib/winston/transports/console.js:87:23)
    at Console._write (/home/mdstorms/sylessentialz-ecommerce/backend/v1/node_modules/winston-transport/modern.js:103:17)
    at doWrite (/home/mdstorms/sylessentialz-ecommerce/backend/v1/node_modules/readable-stream/lib/_stream_writable.js:390:139) (Status: N/A)
2025-03-28 17:55:18 PM ERROR: uncaughtException: write EPIPE
Error: write EPIPE
    at afterWriteDispatched (node:internal/stream_base_commons:159:15)
    at writeGeneric (node:internal/stream_base_commons:150:3)
    at Socket._writeGeneric (node:net:971:11)
    at Socket._write (node:net:983:8)
    at writeOrBuffer (node:internal/streams/writable:572:12)
    at _write (node:internal/streams/writable:501:10)
    at Writable.write (node:internal/streams/writable:510:10)
    at console.value (node:internal/console/constructor:291:16)
    at console.warn (node:internal/console/constructor:379:26)
    at writeOut (node:internal/process/warning:56:3) (Status: N/A)
2025-03-28 17:55:18 PM ERROR: uncaughtException: write EPIPE
Error: write EPIPE
    at afterWriteDispatched (node:internal/stream_base_commons:159:15)
    at writeGeneric (node:internal/stream_base_commons:150:3)
    at Socket._writeGeneric (node:net:971:11)
    at Socket._write (node:net:983:8)
    at writeOrBuffer (node:internal/streams/writable:572:12)
    at _write (node:internal/streams/writable:501:10)
    at Writable.write (node:internal/streams/writable:510:10)
    at Console.log (/home/mdstorms/sylessentialz-ecommerce/backend/v1/node_modules/winston/lib/winston/transports/console.js:87:23)
    at Console._write (/home/mdstorms/sylessentialz-ecommerce/backend/v1/node_modules/winston-transport/modern.js:103:17)
    at doWrite (/home/mdstorms/sylessentialz-ecommerce/backend/v1/node_modules/readable-stream/lib/_stream_writable.js:390:139) (Status: N/A)
2025-03-28 17:55:18 PM ERROR: uncaughtException: write EPIPE
Error: write EPIPE
    at afterWriteDispatched (node:internal/stream_base_commons:159:15)
    at writeGeneric (node:internal/stream_base_commons:150:3)
    at Socket._writeGeneric (node:net:971:11)
    at Socket._write (node:net:983:8)
    at writeOrBuffer (node:internal/streams/writable:572:12)
    at _write (node:internal/streams/writable:501:10)
    at Writable.write (node:internal/streams/writable:510:10)
    at console.value (node:internal/console/constructor:291:16)
    at console.warn (node:internal/console/constructor:379:26)
    at writeOut (node:internal/process/warning:56:3) (Status: N/A)
2025-03-28 17:55:18 PM ERROR: uncaughtException: write EPIPE
Error: write EPIPE
    at afterWriteDispatched (node:internal/stream_base_commons:159:15)
    at writeGeneric (node:internal/stream_base_commons:150:3)
    at Socket._writeGeneric (node:net:971:11)
    at Socket._write (node:net:983:8)
    at writeOrBuffer (node:internal/streams/writable:572:12)
    at _write (node:internal/streams/writable:501:10)
    at Writable.write (node:internal/streams/writable:510:10)
    at Console.log (/home/mdstorms/sylessentialz-ecommerce/backend/v1/node_modules/winston/lib/winston/transports/console.js:87:23)
    at Console._write (/home/mdstorms/sylessentialz-ecommerce/backend/v1/node_modules/winston-transport/modern.js:103:17)
    at doWrite (/home/mdstorms/sylessentialz-ecommerce/backend/v1/node_modules/readable-stream/lib/_stream_writable.js:390:139) (Status: N/A)
2025-03-28 17:55:18 PM ERROR: uncaughtException: write EPIPE
Error: write EPIPE
    at afterWriteDispatched (node:internal/stream_base_commons:159:15)
    at writeGeneric (node:internal/stream_base_commons:150:3)
    at Socket._writeGeneric (node:net:971:11)
    at Socket._write (node:net:983:8)
    at writeOrBuffer (node:internal/streams/writable:572:12)
    at _write (node:internal/streams/writable:501:10)
    at Writable.write (node:internal/streams/writable:510:10)
    at Console.log (/home/mdstorms/sylessentialz-ecommerce/backend/v1/node_modules/winston/lib/winston/transports/console.js:87:23)
    at Console._write (/home/mdstorms/sylessentialz-ecommerce/backend/v1/node_modules/winston-transport/modern.js:103:17)
    at doWrite (/home/mdstorms/sylessentialz-ecommerce/backend/v1/node_modules/readable-stream/lib/_stream_writable.js:390:139) (Status: N/A)
2025-03-28 17:55:18 PM ERROR: uncaughtException: write EPIPE
Error: write EPIPE
    at afterWriteDispatched (node:internal/stream_base_commons:159:15)
    at writeGeneric (node:internal/stream_base_commons:150:3)
    at Socket._writeGeneric (node:net:971:11)
    at Socket._write (node:net:983:8)
    at writeOrBuffer (node:internal/streams/writable:572:12)
    at _write (node:internal/streams/writable:501:10)
    at Writable.write (node:internal/streams/writable:510:10)
    at Console.log (/home/mdstorms/sylessentialz-ecommerce/backend/v1/node_modules/winston/lib/winston/transports/console.js:87:23)
    at Console._write (/home/mdstorms/sylessentialz-ecommerce/backend/v1/node_modules/winston-transport/modern.js:103:17)
    at doWrite (/home/mdstorms/sylessentialz-ecommerce/backend/v1/node_modules/readable-stream/lib/_stream_writable.js:390:139) (Status: N/A)
2025-03-28 17:55:18 PM ERROR: uncaughtException: write EPIPE
Error: write EPIPE
    at afterWriteDispatched (node:internal/stream_base_commons:159:15)
    at writeGeneric (node:internal/stream_base_commons:150:3)
    at Socket._writeGeneric (node:net:971:11)
    at Socket._write (node:net:983:8)
    at writeOrBuffer (node:internal/streams/writable:572:12)
    at _write (node:internal/streams/writable:501:10)
    at Writable.write (node:internal/streams/writable:510:10)
    at Console.log (/home/mdstorms/sylessentialz-ecommerce/backend/v1/node_modules/winston/lib/winston/transports/console.js:87:23)
    at Console._write (/home/mdstorms/sylessentialz-ecommerce/backend/v1/node_modules/winston-transport/modern.js:103:17)
    at doWrite (/home/mdstorms/sylessentialz-ecommerce/backend/v1/node_modules/readable-stream/lib/_stream_writable.js:390:139) (Status: N/A)
2025-03-28 17:55:18 PM ERROR: uncaughtException: write EPIPE
Error: write EPIPE
    at afterWriteDispatched (node:internal/stream_base_commons:159:15)
    at writeGeneric (node:internal/stream_base_commons:150:3)
    at Socket._writeGeneric (node:net:971:11)
    at Socket._write (node:net:983:8)
    at writeOrBuffer (node:internal/streams/writable:572:12)
    at _write (node:internal/streams/writable:501:10)
    at Writable.write (node:internal/streams/writable:510:10)
    at Console.log (/home/mdstorms/sylessentialz-ecommerce/backend/v1/node_modules/winston/lib/winston/transports/console.js:87:23)
    at Console._write (/home/mdstorms/sylessentialz-ecommerce/backend/v1/node_modules/winston-transport/modern.js:103:17)
    at doWrite (/home/mdstorms/sylessentialz-ecommerce/backend/v1/node_modules/readable-stream/lib/_stream_writable.js:390:139) (Status: N/A)
2025-03-28 17:55:18 PM ERROR: uncaughtException: write EPIPE
Error: write EPIPE
    at afterWriteDispatched (node:internal/stream_base_commons:159:15)
    at writeGeneric (node:internal/stream_base_commons:150:3)
    at Socket._writeGeneric (node:net:971:11)
    at Socket._write (node:net:983:8)
    at writeOrBuffer (node:internal/streams/writable:572:12)
    at _write (node:internal/streams/writable:501:10)
    at Writable.write (node:internal/streams/writable:510:10)
    at Console.log (/home/mdstorms/sylessentialz-ecommerce/backend/v1/node_modules/winston/lib/winston/transports/console.js:87:23)
    at Console._write (/home/mdstorms/sylessentialz-ecommerce/backend/v1/node_modules/winston-transport/modern.js:103:17)
    at doWrite (/home/mdstorms/sylessentialz-ecommerce/backend/v1/node_modules/readable-stream/lib/_stream_writable.js:390:139) (Status: N/A)
2025-03-28 17:55:18 PM ERROR: uncaughtException: write EPIPE
Error: write EPIPE
    at afterWriteDispatched (node:internal/stream_base_commons:159:15)
    at writeGeneric (node:internal/stream_base_commons:150:3)
    at Socket._writeGeneric (node:net:971:11)
    at Socket._write (node:net:983:8)
    at writeOrBuffer (node:internal/streams/writable:572:12)
    at _write (node:internal/streams/writable:501:10)
    at Writable.write (node:internal/streams/writable:510:10)
    at Console.log (/home/mdstorms/sylessentialz-ecommerce/backend/v1/node_modules/winston/lib/winston/transports/console.js:87:23)
    at Console._write (/home/mdstorms/sylessentialz-ecommerce/backend/v1/node_modules/winston-transport/modern.js:103:17)
    at doWrite (/home/mdstorms/sylessentialz-ecommerce/backend/v1/node_modules/readable-stream/lib/_stream_writable.js:390:139) (Status: N/A)
2025-03-28 17:55:18 PM ERROR: uncaughtException: write EPIPE
Error: write EPIPE
    at afterWriteDispatched (node:internal/stream_base_commons:159:15)
    at writeGeneric (node:internal/stream_base_commons:150:3)
    at Socket._writeGeneric (node:net:971:11)
    at Socket._write (node:net:983:8)
    at writeOrBuffer (node:internal/streams/writable:572:12)
    at _write (node:internal/streams/writable:501:10)
    at Writable.write (node:internal/streams/writable:510:10)
    at Console.log (/home/mdstorms/sylessentialz-ecommerce/backend/v1/node_modules/winston/lib/winston/transports/console.js:87:23)
    at Console._write (/home/mdstorms/sylessentialz-ecommerce/backend/v1/node_modules/winston-transport/modern.js:103:17)
    at doWrite (/home/mdstorms/sylessentialz-ecommerce/backend/v1/node_modules/readable-stream/lib/_stream_writable.js:390:139) (Status: N/A)
2025-03-28 17:55:18 PM ERROR: uncaughtException: write EPIPE
Error: write EPIPE
    at afterWriteDispatched (node:internal/stream_base_commons:159:15)
    at writeGeneric (node:internal/stream_base_commons:150:3)
    at Socket._writeGeneric (node:net:971:11)
    at Socket._write (node:net:983:8)
    at writeOrBuffer (node:internal/streams/writable:572:12)
    at _write (node:internal/streams/writable:501:10)
    at Writable.write (node:internal/streams/writable:510:10)
    at Console.log (/home/mdstorms/sylessentialz-ecommerce/backend/v1/node_modules/winston/lib/winston/transports/console.js:87:23)
    at Console._write (/home/mdstorms/sylessentialz-ecommerce/backend/v1/node_modules/winston-transport/modern.js:103:17)
    at doWrite (/home/mdstorms/sylessentialz-ecommerce/backend/v1/node_modules/readable-stream/lib/_stream_writable.js:390:139) (Status: N/A)
2025-03-28 17:55:18 PM ERROR: uncaughtException: write EPIPE
Error: write EPIPE
    at afterWriteDispatched (node:internal/stream_base_commons:159:15)
    at writeGeneric (node:internal/stream_base_commons:150:3)
    at Socket._writeGeneric (node:net:971:11)
    at Socket._write (node:net:983:8)
    at writeOrBuffer (node:internal/streams/writable:572:12)
    at _write (node:internal/streams/writable:501:10)
    at Writable.write (node:internal/streams/writable:510:10)
    at Console.log (/home/mdstorms/sylessentialz-ecommerce/backend/v1/node_modules/winston/lib/winston/transports/console.js:87:23)
    at Console._write (/home/mdstorms/sylessentialz-ecommerce/backend/v1/node_modules/winston-transport/modern.js:103:17)
    at doWrite (/home/mdstorms/sylessentialz-ecommerce/backend/v1/node_modules/readable-stream/lib/_stream_writable.js:390:139) (Status: N/A)
2025-03-28 17:55:18 PM ERROR: uncaughtException: write EPIPE
Error: write EPIPE
    at afterWriteDispatched (node:internal/stream_base_commons:159:15)
    at writeGeneric (node:internal/stream_base_commons:150:3)
    at Socket._writeGeneric (node:net:971:11)
    at Socket._write (node:net:983:8)
    at writeOrBuffer (node:internal/streams/writable:572:12)
    at _write (node:internal/streams/writable:501:10)
    at Writable.write (node:internal/streams/writable:510:10)
    at Console.log (/home/mdstorms/sylessentialz-ecommerce/backend/v1/node_modules/winston/lib/winston/transports/console.js:87:23)
    at Console._write (/home/mdstorms/sylessentialz-ecommerce/backend/v1/node_modules/winston-transport/modern.js:103:17)
    at doWrite (/home/mdstorms/sylessentialz-ecommerce/backend/v1/node_modules/readable-stream/lib/_stream_writable.js:390:139) (Status: N/A)
2025-03-28 17:55:18 PM ERROR: uncaughtException: write EPIPE
Error: write EPIPE
    at afterWriteDispatched (node:internal/stream_base_commons:159:15)
    at writeGeneric (node:internal/stream_base_commons:150:3)
    at Socket._writeGeneric (node:net:971:11)
    at Socket._write (node:net:983:8)
    at writeOrBuffer (node:internal/streams/writable:572:12)
    at _write (node:internal/streams/writable:501:10)
    at Writable.write (node:internal/streams/writable:510:10)
    at Console.log (/home/mdstorms/sylessentialz-ecommerce/backend/v1/node_modules/winston/lib/winston/transports/console.js:87:23)
    at Console._write (/home/mdstorms/sylessentialz-ecommerce/backend/v1/node_modules/winston-transport/modern.js:103:17)
    at doWrite (/home/mdstorms/sylessentialz-ecommerce/backend/v1/node_modules/readable-stream/lib/_stream_writable.js:390:139) (Status: N/A)
2025-03-28 17:55:18 PM ERROR: uncaughtException: write EPIPE
Error: write EPIPE
    at afterWriteDispatched (node:internal/stream_base_commons:159:15)
    at writeGeneric (node:internal/stream_base_commons:150:3)
    at Socket._writeGeneric (node:net:971:11)
    at Socket._write (node:net:983:8)
    at writeOrBuffer (node:internal/streams/writable:572:12)
    at _write (node:internal/streams/writable:501:10)
    at Writable.write (node:internal/streams/writable:510:10)
    at Console.log (/home/mdstorms/sylessentialz-ecommerce/backend/v1/node_modules/winston/lib/winston/transports/console.js:87:23)
    at Console._write (/home/mdstorms/sylessentialz-ecommerce/backend/v1/node_modules/winston-transport/modern.js:103:17)
    at doWrite (/home/mdstorms/sylessentialz-ecommerce/backend/v1/node_modules/readable-stream/lib/_stream_writable.js:390:139) (Status: N/A)
2025-03-28 17:55:18 PM ERROR: uncaughtException: write EPIPE
Error: write EPIPE
    at afterWriteDispatched (node:internal/stream_base_commons:159:15)
    at writeGeneric (node:internal/stream_base_commons:150:3)
    at Socket._writeGeneric (node:net:971:11)
    at Socket._write (node:net:983:8)
    at writeOrBuffer (node:internal/streams/writable:572:12)
    at _write (node:internal/streams/writable:501:10)
    at Writable.write (node:internal/streams/writable:510:10)
    at Console.log (/home/mdstorms/sylessentialz-ecommerce/backend/v1/node_modules/winston/lib/winston/transports/console.js:87:23)
    at Console._write (/home/mdstorms/sylessentialz-ecommerce/backend/v1/node_modules/winston-transport/modern.js:103:17)
    at doWrite (/home/mdstorms/sylessentialz-ecommerce/backend/v1/node_modules/readable-stream/lib/_stream_writable.js:390:139) (Status: N/A)
2025-03-28 17:55:18 PM ERROR: uncaughtException: write EPIPE
Error: write EPIPE
    at afterWriteDispatched (node:internal/stream_base_commons:159:15)
    at writeGeneric (node:internal/stream_base_commons:150:3)
    at Socket._writeGeneric (node:net:971:11)
    at Socket._write (node:net:983:8)
    at writeOrBuffer (node:internal/streams/writable:572:12)
    at _write (node:internal/streams/writable:501:10)
    at Writable.write (node:internal/streams/writable:510:10)
    at Console.log (/home/mdstorms/sylessentialz-ecommerce/backend/v1/node_modules/winston/lib/winston/transports/console.js:87:23)
    at Console._write (/home/mdstorms/sylessentialz-ecommerce/backend/v1/node_modules/winston-transport/modern.js:103:17)
    at doWrite (/home/mdstorms/sylessentialz-ecommerce/backend/v1/node_modules/readable-stream/lib/_stream_writable.js:390:139) (Status: N/A)
2025-03-28 17:55:18 PM ERROR: uncaughtException: write EPIPE
Error: write EPIPE
    at afterWriteDispatched (node:internal/stream_base_commons:159:15)
    at writeGeneric (node:internal/stream_base_commons:150:3)
    at Socket._writeGeneric (node:net:971:11)
    at Socket._write (node:net:983:8)
    at writeOrBuffer (node:internal/streams/writable:572:12)
    at _write (node:internal/streams/writable:501:10)
    at Writable.write (node:internal/streams/writable:510:10)
    at Console.log (/home/mdstorms/sylessentialz-ecommerce/backend/v1/node_modules/winston/lib/winston/transports/console.js:87:23)
    at Console._write (/home/mdstorms/sylessentialz-ecommerce/backend/v1/node_modules/winston-transport/modern.js:103:17)
    at doWrite (/home/mdstorms/sylessentialz-ecommerce/backend/v1/node_modules/readable-stream/lib/_stream_writable.js:390:139) (Status: N/A)
2025-03-28 17:55:18 PM ERROR: uncaughtException: write EPIPE
Error: write EPIPE
    at afterWriteDispatched (node:internal/stream_base_commons:159:15)
    at writeGeneric (node:internal/stream_base_commons:150:3)
    at Socket._writeGeneric (node:net:971:11)
    at Socket._write (node:net:983:8)
    at writeOrBuffer (node:internal/streams/writable:572:12)
    at _write (node:internal/streams/writable:501:10)
    at Writable.write (node:internal/streams/writable:510:10)
    at console.value (node:internal/console/constructor:291:16)
    at console.warn (node:internal/console/constructor:379:26)
    at writeOut (node:internal/process/warning:56:3) (Status: N/A)
2025-03-28 17:55:18 PM ERROR: uncaughtException: write EPIPE
Error: write EPIPE
    at afterWriteDispatched (node:internal/stream_base_commons:159:15)
    at writeGeneric (node:internal/stream_base_commons:150:3)
    at Socket._writeGeneric (node:net:971:11)
    at Socket._write (node:net:983:8)
    at writeOrBuffer (node:internal/streams/writable:572:12)
    at _write (node:internal/streams/writable:501:10)
    at Writable.write (node:internal/streams/writable:510:10)
    at Console.log (/home/mdstorms/sylessentialz-ecommerce/backend/v1/node_modules/winston/lib/winston/transports/console.js:87:23)
    at Console._write (/home/mdstorms/sylessentialz-ecommerce/backend/v1/node_modules/winston-transport/modern.js:103:17)
    at doWrite (/home/mdstorms/sylessentialz-ecommerce/backend/v1/node_modules/readable-stream/lib/_stream_writable.js:390:139) (Status: N/A)
2025-03-28 17:55:18 PM ERROR: uncaughtException: write EPIPE
Error: write EPIPE
    at afterWriteDispatched (node:internal/stream_base_commons:159:15)
    at writeGeneric (node:internal/stream_base_commons:150:3)
    at Socket._writeGeneric (node:net:971:11)
    at Socket._write (node:net:983:8)
    at writeOrBuffer (node:internal/streams/writable:572:12)
    at _write (node:internal/streams/writable:501:10)
    at Writable.write (node:internal/streams/writable:510:10)
    at console.value (node:internal/console/constructor:291:16)
    at console.warn (node:internal/console/constructor:379:26)
    at writeOut (node:internal/process/warning:56:3) (Status: N/A)
2025-03-28 17:55:18 PM ERROR: uncaughtException: write EPIPE
Error: write EPIPE
    at afterWriteDispatched (node:internal/stream_base_commons:159:15)
    at writeGeneric (node:internal/stream_base_commons:150:3)
    at Socket._writeGeneric (node:net:971:11)
    at Socket._write (node:net:983:8)
    at writeOrBuffer (node:internal/streams/writable:572:12)
    at _write (node:internal/streams/writable:501:10)
    at Writable.write (node:internal/streams/writable:510:10)
    at Console.log (/home/mdstorms/sylessentialz-ecommerce/backend/v1/node_modules/winston/lib/winston/transports/console.js:87:23)
    at Console._write (/home/mdstorms/sylessentialz-ecommerce/backend/v1/node_modules/winston-transport/modern.js:103:17)
    at doWrite (/home/mdstorms/sylessentialz-ecommerce/backend/v1/node_modules/readable-stream/lib/_stream_writable.js:390:139) (Status: N/A)
2025-03-28 17:55:18 PM ERROR: uncaughtException: write EPIPE
Error: write EPIPE
    at afterWriteDispatched (node:internal/stream_base_commons:159:15)
    at writeGeneric (node:internal/stream_base_commons:150:3)
    at Socket._writeGeneric (node:net:971:11)
    at Socket._write (node:net:983:8)
    at writeOrBuffer (node:internal/streams/writable:572:12)
    at _write (node:internal/streams/writable:501:10)
    at Writable.write (node:internal/streams/writable:510:10)
    at Console.log (/home/mdstorms/sylessentialz-ecommerce/backend/v1/node_modules/winston/lib/winston/transports/console.js:87:23)
    at Console._write (/home/mdstorms/sylessentialz-ecommerce/backend/v1/node_modules/winston-transport/modern.js:103:17)
    at doWrite (/home/mdstorms/sylessentialz-ecommerce/backend/v1/node_modules/readable-stream/lib/_stream_writable.js:390:139) (Status: N/A)
2025-03-28 17:55:18 PM ERROR: uncaughtException: write EPIPE
Error: write EPIPE
    at afterWriteDispatched (node:internal/stream_base_commons:159:15)
    at writeGeneric (node:internal/stream_base_commons:150:3)
    at Socket._writeGeneric (node:net:971:11)
    at Socket._write (node:net:983:8)
    at writeOrBuffer (node:internal/streams/writable:572:12)
    at _write (node:internal/streams/writable:501:10)
    at Writable.write (node:internal/streams/writable:510:10)
    at Console.log (/home/mdstorms/sylessentialz-ecommerce/backend/v1/node_modules/winston/lib/winston/transports/console.js:87:23)
    at Console._write (/home/mdstorms/sylessentialz-ecommerce/backend/v1/node_modules/winston-transport/modern.js:103:17)
    at doWrite (/home/mdstorms/sylessentialz-ecommerce/backend/v1/node_modules/readable-stream/lib/_stream_writable.js:390:139) (Status: N/A)
2025-03-28 17:55:18 PM ERROR: uncaughtException: write EPIPE
Error: write EPIPE
    at afterWriteDispatched (node:internal/stream_base_commons:159:15)
    at writeGeneric (node:internal/stream_base_commons:150:3)
    at Socket._writeGeneric (node:net:971:11)
    at Socket._write (node:net:983:8)
    at writeOrBuffer (node:internal/streams/writable:572:12)
    at _write (node:internal/streams/writable:501:10)
    at Writable.write (node:internal/streams/writable:510:10)
    at Console.log (/home/mdstorms/sylessentialz-ecommerce/backend/v1/node_modules/winston/lib/winston/transports/console.js:87:23)
    at Console._write (/home/mdstorms/sylessentialz-ecommerce/backend/v1/node_modules/winston-transport/modern.js:103:17)
    at doWrite (/home/mdstorms/sylessentialz-ecommerce/backend/v1/node_modules/readable-stream/lib/_stream_writable.js:390:139) (Status: N/A)
2025-03-28 17:55:18 PM ERROR: uncaughtException: write EPIPE
Error: write EPIPE
    at afterWriteDispatched (node:internal/stream_base_commons:159:15)
    at writeGeneric (node:internal/stream_base_commons:150:3)
    at Socket._writeGeneric (node:net:971:11)
    at Socket._write (node:net:983:8)
    at writeOrBuffer (node:internal/streams/writable:572:12)
    at _write (node:internal/streams/writable:501:10)
    at Writable.write (node:internal/streams/writable:510:10)
    at Console.log (/home/mdstorms/sylessentialz-ecommerce/backend/v1/node_modules/winston/lib/winston/transports/console.js:87:23)
    at Console._write (/home/mdstorms/sylessentialz-ecommerce/backend/v1/node_modules/winston-transport/modern.js:103:17)
    at doWrite (/home/mdstorms/sylessentialz-ecommerce/backend/v1/node_modules/readable-stream/lib/_stream_writable.js:390:139) (Status: N/A)
2025-03-28 17:55:18 PM ERROR: uncaughtException: write EPIPE
Error: write EPIPE
    at afterWriteDispatched (node:internal/stream_base_commons:159:15)
    at writeGeneric (node:internal/stream_base_commons:150:3)
    at Socket._writeGeneric (node:net:971:11)
    at Socket._write (node:net:983:8)
    at writeOrBuffer (node:internal/streams/writable:572:12)
    at _write (node:internal/streams/writable:501:10)
    at Writable.write (node:internal/streams/writable:510:10)
    at Console.log (/home/mdstorms/sylessentialz-ecommerce/backend/v1/node_modules/winston/lib/winston/transports/console.js:87:23)
    at Console._write (/home/mdstorms/sylessentialz-ecommerce/backend/v1/node_modules/winston-transport/modern.js:103:17)
    at doWrite (/home/mdstorms/sylessentialz-ecommerce/backend/v1/node_modules/readable-stream/lib/_stream_writable.js:390:139) (Status: N/A)
2025-03-28 17:55:18 PM ERROR: uncaughtException: write EPIPE
Error: write EPIPE
    at afterWriteDispatched (node:internal/stream_base_commons:159:15)
    at writeGeneric (node:internal/stream_base_commons:150:3)
    at Socket._writeGeneric (node:net:971:11)
    at Socket._write (node:net:983:8)
    at writeOrBuffer (node:internal/streams/writable:572:12)
    at _write (node:internal/streams/writable:501:10)
    at Writable.write (node:internal/streams/writable:510:10)
    at Console.log (/home/mdstorms/sylessentialz-ecommerce/backend/v1/node_modules/winston/lib/winston/transports/console.js:87:23)
    at Console._write (/home/mdstorms/sylessentialz-ecommerce/backend/v1/node_modules/winston-transport/modern.js:103:17)
    at doWrite (/home/mdstorms/sylessentialz-ecommerce/backend/v1/node_modules/readable-stream/lib/_stream_writable.js:390:139) (Status: N/A)
2025-03-28 17:55:18 PM ERROR: uncaughtException: write EPIPE
Error: write EPIPE
    at afterWriteDispatched (node:internal/stream_base_commons:159:15)
    at writeGeneric (node:internal/stream_base_commons:150:3)
    at Socket._writeGeneric (node:net:971:11)
    at Socket._write (node:net:983:8)
    at writeOrBuffer (node:internal/streams/writable:572:12)
    at _write (node:internal/streams/writable:501:10)
    at Writable.write (node:internal/streams/writable:510:10)
    at Console.log (/home/mdstorms/sylessentialz-ecommerce/backend/v1/node_modules/winston/lib/winston/transports/console.js:87:23)
    at Console._write (/home/mdstorms/sylessentialz-ecommerce/backend/v1/node_modules/winston-transport/modern.js:103:17)
    at doWrite (/home/mdstorms/sylessentialz-ecommerce/backend/v1/node_modules/readable-stream/lib/_stream_writable.js:390:139) (Status: N/A)
2025-03-28 17:55:18 PM ERROR: uncaughtException: write EPIPE
Error: write EPIPE
    at afterWriteDispatched (node:internal/stream_base_commons:159:15)
    at writeGeneric (node:internal/stream_base_commons:150:3)
    at Socket._writeGeneric (node:net:971:11)
    at Socket._write (node:net:983:8)
    at writeOrBuffer (node:internal/streams/writable:572:12)
    at _write (node:internal/streams/writable:501:10)
    at Writable.write (node:internal/streams/writable:510:10)
    at Console.log (/home/mdstorms/sylessentialz-ecommerce/backend/v1/node_modules/winston/lib/winston/transports/console.js:87:23)
    at Console._write (/home/mdstorms/sylessentialz-ecommerce/backend/v1/node_modules/winston-transport/modern.js:103:17)
    at doWrite (/home/mdstorms/sylessentialz-ecommerce/backend/v1/node_modules/readable-stream/lib/_stream_writable.js:390:139) (Status: N/A)
2025-03-28 17:55:18 PM ERROR: uncaughtException: write EPIPE
Error: write EPIPE
    at afterWriteDispatched (node:internal/stream_base_commons:159:15)
    at writeGeneric (node:internal/stream_base_commons:150:3)
    at Socket._writeGeneric (node:net:971:11)
    at Socket._write (node:net:983:8)
    at writeOrBuffer (node:internal/streams/writable:572:12)
    at _write (node:internal/streams/writable:501:10)
    at Writable.write (node:internal/streams/writable:510:10)
    at Console.log (/home/mdstorms/sylessentialz-ecommerce/backend/v1/node_modules/winston/lib/winston/transports/console.js:87:23)
    at Console._write (/home/mdstorms/sylessentialz-ecommerce/backend/v1/node_modules/winston-transport/modern.js:103:17)
    at doWrite (/home/mdstorms/sylessentialz-ecommerce/backend/v1/node_modules/readable-stream/lib/_stream_writable.js:390:139) (Status: N/A)
2025-03-28 17:55:18 PM ERROR: uncaughtException: write EPIPE
Error: write EPIPE
    at afterWriteDispatched (node:internal/stream_base_commons:159:15)
    at writeGeneric (node:internal/stream_base_commons:150:3)
    at Socket._writeGeneric (node:net:971:11)
    at Socket._write (node:net:983:8)
    at writeOrBuffer (node:internal/streams/writable:572:12)
    at _write (node:internal/streams/writable:501:10)
    at Writable.write (node:internal/streams/writable:510:10)
    at Console.log (/home/mdstorms/sylessentialz-ecommerce/backend/v1/node_modules/winston/lib/winston/transports/console.js:87:23)
    at Console._write (/home/mdstorms/sylessentialz-ecommerce/backend/v1/node_modules/winston-transport/modern.js:103:17)
    at doWrite (/home/mdstorms/sylessentialz-ecommerce/backend/v1/node_modules/readable-stream/lib/_stream_writable.js:390:139) (Status: N/A)
2025-03-28 17:55:18 PM ERROR: uncaughtException: write EPIPE
Error: write EPIPE
    at afterWriteDispatched (node:internal/stream_base_commons:159:15)
    at writeGeneric (node:internal/stream_base_commons:150:3)
    at Socket._writeGeneric (node:net:971:11)
    at Socket._write (node:net:983:8)
    at writeOrBuffer (node:internal/streams/writable:572:12)
    at _write (node:internal/streams/writable:501:10)
    at Writable.write (node:internal/streams/writable:510:10)
    at Console.log (/home/mdstorms/sylessentialz-ecommerce/backend/v1/node_modules/winston/lib/winston/transports/console.js:87:23)
    at Console._write (/home/mdstorms/sylessentialz-ecommerce/backend/v1/node_modules/winston-transport/modern.js:103:17)
    at doWrite (/home/mdstorms/sylessentialz-ecommerce/backend/v1/node_modules/readable-stream/lib/_stream_writable.js:390:139) (Status: N/A)
2025-03-28 17:55:18 PM ERROR: uncaughtException: write EPIPE
Error: write EPIPE
    at afterWriteDispatched (node:internal/stream_base_commons:159:15)
    at writeGeneric (node:internal/stream_base_commons:150:3)
    at Socket._writeGeneric (node:net:971:11)
    at Socket._write (node:net:983:8)
    at writeOrBuffer (node:internal/streams/writable:572:12)
    at _write (node:internal/streams/writable:501:10)
    at Writable.write (node:internal/streams/writable:510:10)
    at Console.log (/home/mdstorms/sylessentialz-ecommerce/backend/v1/node_modules/winston/lib/winston/transports/console.js:87:23)
    at Console._write (/home/mdstorms/sylessentialz-ecommerce/backend/v1/node_modules/winston-transport/modern.js:103:17)
    at doWrite (/home/mdstorms/sylessentialz-ecommerce/backend/v1/node_modules/readable-stream/lib/_stream_writable.js:390:139) (Status: N/A)
2025-03-28 17:55:18 PM ERROR: uncaughtException: write EPIPE
Error: write EPIPE
    at afterWriteDispatched (node:internal/stream_base_commons:159:15)
    at writeGeneric (node:internal/stream_base_commons:150:3)
    at Socket._writeGeneric (node:net:971:11)
    at Socket._write (node:net:983:8)
    at writeOrBuffer (node:internal/streams/writable:572:12)
    at _write (node:internal/streams/writable:501:10)
    at Writable.write (node:internal/streams/writable:510:10)
    at Console.log (/home/mdstorms/sylessentialz-ecommerce/backend/v1/node_modules/winston/lib/winston/transports/console.js:87:23)
    at Console._write (/home/mdstorms/sylessentialz-ecommerce/backend/v1/node_modules/winston-transport/modern.js:103:17)
    at doWrite (/home/mdstorms/sylessentialz-ecommerce/backend/v1/node_modules/readable-stream/lib/_stream_writable.js:390:139) (Status: N/A)
2025-03-28 17:55:18 PM ERROR: uncaughtException: write EPIPE
Error: write EPIPE
    at afterWriteDispatched (node:internal/stream_base_commons:159:15)
    at writeGeneric (node:internal/stream_base_commons:150:3)
    at Socket._writeGeneric (node:net:971:11)
    at Socket._write (node:net:983:8)
    at writeOrBuffer (node:internal/streams/writable:572:12)
    at _write (node:internal/streams/writable:501:10)
    at Writable.write (node:internal/streams/writable:510:10)
    at Console.log (/home/mdstorms/sylessentialz-ecommerce/backend/v1/node_modules/winston/lib/winston/transports/console.js:87:23)
    at Console._write (/home/mdstorms/sylessentialz-ecommerce/backend/v1/node_modules/winston-transport/modern.js:103:17)
    at doWrite (/home/mdstorms/sylessentialz-ecommerce/backend/v1/node_modules/readable-stream/lib/_stream_writable.js:390:139) (Status: N/A)
2025-03-28 17:55:18 PM ERROR: uncaughtException: write EPIPE
Error: write EPIPE
    at afterWriteDispatched (node:internal/stream_base_commons:159:15)
    at writeGeneric (node:internal/stream_base_commons:150:3)
    at Socket._writeGeneric (node:net:971:11)
    at Socket._write (node:net:983:8)
    at writeOrBuffer (node:internal/streams/writable:572:12)
    at _write (node:internal/streams/writable:501:10)
    at Writable.write (node:internal/streams/writable:510:10)
    at Console.log (/home/mdstorms/sylessentialz-ecommerce/backend/v1/node_modules/winston/lib/winston/transports/console.js:87:23)
    at Console._write (/home/mdstorms/sylessentialz-ecommerce/backend/v1/node_modules/winston-transport/modern.js:103:17)
    at doWrite (/home/mdstorms/sylessentialz-ecommerce/backend/v1/node_modules/readable-stream/lib/_stream_writable.js:390:139) (Status: N/A)
2025-03-28 17:55:18 PM ERROR: uncaughtException: write EPIPE
Error: write EPIPE
    at afterWriteDispatched (node:internal/stream_base_commons:159:15)
    at writeGeneric (node:internal/stream_base_commons:150:3)
    at Socket._writeGeneric (node:net:971:11)
    at Socket._write (node:net:983:8)
    at writeOrBuffer (node:internal/streams/writable:572:12)
    at _write (node:internal/streams/writable:501:10)
    at Writable.write (node:internal/streams/writable:510:10)
    at Console.log (/home/mdstorms/sylessentialz-ecommerce/backend/v1/node_modules/winston/lib/winston/transports/console.js:87:23)
    at Console._write (/home/mdstorms/sylessentialz-ecommerce/backend/v1/node_modules/winston-transport/modern.js:103:17)
    at doWrite (/home/mdstorms/sylessentialz-ecommerce/backend/v1/node_modules/readable-stream/lib/_stream_writable.js:390:139) (Status: N/A)
2025-03-28 17:55:18 PM ERROR: uncaughtException: write EPIPE
Error: write EPIPE
    at afterWriteDispatched (node:internal/stream_base_commons:159:15)
    at writeGeneric (node:internal/stream_base_commons:150:3)
    at Socket._writeGeneric (node:net:971:11)
    at Socket._write (node:net:983:8)
    at writeOrBuffer (node:internal/streams/writable:572:12)
    at _write (node:internal/streams/writable:501:10)
    at Writable.write (node:internal/streams/writable:510:10)
    at Console.log (/home/mdstorms/sylessentialz-ecommerce/backend/v1/node_modules/winston/lib/winston/transports/console.js:87:23)
    at Console._write (/home/mdstorms/sylessentialz-ecommerce/backend/v1/node_modules/winston-transport/modern.js:103:17)
    at doWrite (/home/mdstorms/sylessentialz-ecommerce/backend/v1/node_modules/readable-stream/lib/_stream_writable.js:390:139) (Status: N/A)
2025-03-28 17:55:18 PM ERROR: uncaughtException: write EPIPE
Error: write EPIPE
    at afterWriteDispatched (node:internal/stream_base_commons:159:15)
    at writeGeneric (node:internal/stream_base_commons:150:3)
    at Socket._writeGeneric (node:net:971:11)
    at Socket._write (node:net:983:8)
    at writeOrBuffer (node:internal/streams/writable:572:12)
    at _write (node:internal/streams/writable:501:10)
    at Writable.write (node:internal/streams/writable:510:10)
    at Console.log (/home/mdstorms/sylessentialz-ecommerce/backend/v1/node_modules/winston/lib/winston/transports/console.js:87:23)
    at Console._write (/home/mdstorms/sylessentialz-ecommerce/backend/v1/node_modules/winston-transport/modern.js:103:17)
    at doWrite (/home/mdstorms/sylessentialz-ecommerce/backend/v1/node_modules/readable-stream/lib/_stream_writable.js:390:139) (Status: N/A)
2025-03-28 17:55:18 PM ERROR: uncaughtException: write EPIPE
Error: write EPIPE
    at afterWriteDispatched (node:internal/stream_base_commons:159:15)
    at writeGeneric (node:internal/stream_base_commons:150:3)
    at Socket._writeGeneric (node:net:971:11)
    at Socket._write (node:net:983:8)
    at writeOrBuffer (node:internal/streams/writable:572:12)
    at _write (node:internal/streams/writable:501:10)
    at Writable.write (node:internal/streams/writable:510:10)
    at Console.log (/home/mdstorms/sylessentialz-ecommerce/backend/v1/node_modules/winston/lib/winston/transports/console.js:87:23)
    at Console._write (/home/mdstorms/sylessentialz-ecommerce/backend/v1/node_modules/winston-transport/modern.js:103:17)
    at doWrite (/home/mdstorms/sylessentialz-ecommerce/backend/v1/node_modules/readable-stream/lib/_stream_writable.js:390:139) (Status: N/A)
2025-03-28 17:55:18 PM ERROR: uncaughtException: write EPIPE
Error: write EPIPE
    at afterWriteDispatched (node:internal/stream_base_commons:159:15)
    at writeGeneric (node:internal/stream_base_commons:150:3)
    at Socket._writeGeneric (node:net:971:11)
    at Socket._write (node:net:983:8)
    at writeOrBuffer (node:internal/streams/writable:572:12)
    at _write (node:internal/streams/writable:501:10)
    at Writable.write (node:internal/streams/writable:510:10)
    at Console.log (/home/mdstorms/sylessentialz-ecommerce/backend/v1/node_modules/winston/lib/winston/transports/console.js:87:23)
    at Console._write (/home/mdstorms/sylessentialz-ecommerce/backend/v1/node_modules/winston-transport/modern.js:103:17)
    at doWrite (/home/mdstorms/sylessentialz-ecommerce/backend/v1/node_modules/readable-stream/lib/_stream_writable.js:390:139) (Status: N/A)
2025-03-28 17:55:18 PM ERROR: uncaughtException: write EPIPE
Error: write EPIPE
    at afterWriteDispatched (node:internal/stream_base_commons:159:15)
    at writeGeneric (node:internal/stream_base_commons:150:3)
    at Socket._writeGeneric (node:net:971:11)
    at Socket._write (node:net:983:8)
    at writeOrBuffer (node:internal/streams/writable:572:12)
    at _write (node:internal/streams/writable:501:10)
    at Writable.write (node:internal/streams/writable:510:10)
    at Console.log (/home/mdstorms/sylessentialz-ecommerce/backend/v1/node_modules/winston/lib/winston/transports/console.js:87:23)
    at Console._write (/home/mdstorms/sylessentialz-ecommerce/backend/v1/node_modules/winston-transport/modern.js:103:17)
    at doWrite (/home/mdstorms/sylessentialz-ecommerce/backend/v1/node_modules/readable-stream/lib/_stream_writable.js:390:139) (Status: N/A)
