2025-04-03 20:05:09 PM ERROR: POST /api/v1/payments 500 38400ms 
{
  "req": {
    "url": "/api/v1/payments",
    "headers": {
      "content-type": "application/json",
      "user-agent": "PostmanRuntime/7.43.3",
      "accept": "*/*",
      "cache-control": "no-cache",
      "postman-token": "05726b00-f685-4438-8a9f-1a559a3d0aa4",
      "host": "localhost:3000",
      "accept-encoding": "gzip, deflate, br",
      "connection": "keep-alive",
      "content-length": "37"
    },
    "method": "POST",
    "httpVersion": "1.1",
    "originalUrl": "/api/v1/payments",
    "query": {}
  },
  "res": {
    "statusCode": 500
  },
  "responseTime": 38400
}
2025-04-03 20:46:26 PM ERROR: POST /api/v1/payments 500 1865ms 
{
  "req": {
    "url": "/api/v1/payments",
    "headers": {
      "content-type": "application/json",
      "user-agent": "PostmanRuntime/7.43.3",
      "accept": "*/*",
      "cache-control": "no-cache",
      "postman-token": "307d5a0a-086e-4a0a-9aaa-1e8756ea57e4",
      "host": "localhost:3000",
      "accept-encoding": "gzip, deflate, br",
      "connection": "keep-alive",
      "content-length": "37"
    },
    "method": "POST",
    "httpVersion": "1.1",
    "originalUrl": "/api/v1/payments",
    "query": {}
  },
  "res": {
    "statusCode": 500
  },
  "responseTime": 1865
}
2025-04-03 22:04:14 PM ERROR: POST /api/v1/payments 500 3444ms 
{
  "req": {
    "url": "/api/v1/payments",
    "headers": {
      "content-type": "application/json",
      "user-agent": "PostmanRuntime/7.43.3",
      "accept": "*/*",
      "cache-control": "no-cache",
      "postman-token": "1cb0f112-1c85-424a-9ad5-5c7dcaf7f567",
      "host": "localhost:3000",
      "accept-encoding": "gzip, deflate, br",
      "connection": "keep-alive",
      "content-length": "57"
    },
    "method": "POST",
    "httpVersion": "1.1",
    "originalUrl": "/api/v1/payments",
    "query": {}
  },
  "res": {
    "statusCode": 500
  },
  "responseTime": 3444
}
2025-04-03 22:04:54 PM ERROR: POST /api/v1/payments 500 12401ms 
{
  "req": {
    "url": "/api/v1/payments",
    "headers": {
      "content-type": "application/json",
      "user-agent": "PostmanRuntime/7.43.3",
      "accept": "*/*",
      "cache-control": "no-cache",
      "postman-token": "1d6cd14b-ceea-41f7-9ba9-4b478f6d5f93",
      "host": "localhost:3000",
      "accept-encoding": "gzip, deflate, br",
      "connection": "keep-alive",
      "content-length": "38"
    },
    "method": "POST",
    "httpVersion": "1.1",
    "originalUrl": "/api/v1/payments",
    "query": {}
  },
  "res": {
    "statusCode": 500
  },
  "responseTime": 12401
}
2025-04-03 22:24:08 PM ERROR: uncaughtException: write EPIPE
Error: write EPIPE
    at afterWriteDispatched (node:internal/stream_base_commons:159:15)
    at writeGeneric (node:internal/stream_base_commons:150:3)
    at Socket._writeGeneric (node:net:971:11)
    at Socket._write (node:net:983:8)
    at writeOrBuffer (node:internal/streams/writable:572:12)
    at _write (node:internal/streams/writable:501:10)
    at Writable.write (node:internal/streams/writable:510:10)
    at console.value (node:internal/console/constructor:291:16)
    at console.log (node:internal/console/constructor:374:26)
    at checkElasticsearch (file:///home/mdstorms/sylessentialz-ecommerce/backend/v1/elasticsearch.js:15:17) 
