2025-03-15T15:02:33.221Z ERROR: uncaughtException: Route.delete() requires a callback function but got a [object Undefined]
Error: Route.delete() requires a callback function but got a [object Undefined]
    at Route.<computed> [as delete] (/home/mdstorms/sylessentialz-ecommerce/backend/v1/node_modules/express/lib/router/route.js:216:15)
    at proto.<computed> [as delete] (/home/mdstorms/sylessentialz-ecommerce/backend/v1/node_modules/express/lib/router/index.js:521:19)
    at file:///home/mdstorms/sylessentialz-ecommerce/backend/v1/routes/_cart.js:164:14
    at ModuleJob.run (node:internal/modules/esm/module_job:271:25)
    at async onImport.tracePromise.__proto__ (node:internal/modules/esm/loader:547:26)
    at async asyncRunEntryPointWithESMLoader (node:internal/modules/run_main:116:5) 
2025-03-15T15:42:13.355Z ERROR: ❌ Internal Server Error: undefined 
2025-03-15T15:42:13.372Z ERROR: POST /api/v1/auth 500 7ms 500
2025-03-15T15:44:42.748Z ERROR: ❌ Database or Elasticsearch connection failed: Cannot read properties of undefined (reading 'statusCode') 
2025-03-15T15:47:04.368Z ERROR: ⚠️ Elasticsearch connection failed (non-critical): Cannot read properties of undefined (reading 'statusCode') 
2025-03-15T15:51:42.651Z ERROR: ⚠️ Elasticsearch connection failed (non-critical): Cannot read properties of undefined (reading 'statusCode') 
2025-03-15T15:52:21.613Z ERROR: ⚠️ Elasticsearch connection failed (non-critical): Cannot read properties of undefined (reading 'statusCode') 
2025-03-15T15:53:41.767Z ERROR: ⚠️ Failed to update Elasticsearch settings: 
2025-03-15T16:07:14.975Z ERROR: POST /api/v1/auth/register 500 275ms 500
2025-03-15T20:09:44.825Z ERROR: POST /api/v1/auth/login 500 120ms 500
2025-03-15T22:00:51.854Z ERROR: POST /api/v1/products/ 500 49ms 500
2025-03-15T22:02:08.194Z ERROR: POST /api/v1/products/ 500 8ms 500
2025-03-15T22:03:59.091Z ERROR: ❌ Internal Server Error: Cannot read properties of undefined (reading 'statusCode') 
2025-03-15T22:05:36.063Z ERROR: ❌ Internal Server Error: Cannot read properties of undefined (reading 'statusCode') 
2025-03-15T22:27:08.668Z ERROR: ❌ Internal Server Error: Cannot read properties of undefined (reading 'statusCode') 
2025-03-15T22:29:38.140Z ERROR: ❌ Internal Server Error: Cannot read properties of undefined (reading 'statusCode') 
2025-03-15T22:29:40.478Z ERROR: ❌ Internal Server Error: Cannot read properties of undefined (reading 'statusCode') 
2025-03-15T22:33:10.521Z ERROR: ❌ Internal Server Error: Cannot read properties of undefined (reading 'statusCode') 
2025-03-15T22:34:24.154Z ERROR: ❌ Internal Server Error: Cannot read properties of undefined (reading 'statusCode') 
2025-03-16T04:21:39.330Z ERROR: GET /api/v1/products/search 500 15ms 500
2025-03-16T04:22:18.072Z ERROR: GET /api/v1/products/search 500 1ms 500
2025-03-16T04:35:44.988Z ERROR: POST /api/v1/products/ 500 27ms 500
2025-03-16T04:38:15.924Z ERROR: uncaughtException: write EPIPE
Error: write EPIPE
    at afterWriteDispatched (node:internal/stream_base_commons:159:15)
    at writeGeneric (node:internal/stream_base_commons:150:3)
    at Socket._writeGeneric (node:net:971:11)
    at Socket._write (node:net:983:8)
    at writeOrBuffer (node:internal/streams/writable:572:12)
    at _write (node:internal/streams/writable:501:10)
    at Writable.write (node:internal/streams/writable:510:10)
    at Console.log (/home/mdstorms/sylessentialz-ecommerce/backend/v1/node_modules/winston/lib/winston/transports/console.js:87:23)
    at Console._write (/home/mdstorms/sylessentialz-ecommerce/backend/v1/node_modules/winston-transport/modern.js:82:19)
    at doWrite (/home/mdstorms/sylessentialz-ecommerce/backend/v1/node_modules/readable-stream/lib/_stream_writable.js:390:139)
    at writeOrBuffer (/home/mdstorms/sylessentialz-ecommerce/backend/v1/node_modules/readable-stream/lib/_stream_writable.js:381:5)
    at Writable.write (/home/mdstorms/sylessentialz-ecommerce/backend/v1/node_modules/readable-stream/lib/_stream_writable.js:302:11)
    at DerivedLogger.ondata (/home/mdstorms/sylessentialz-ecommerce/backend/v1/node_modules/readable-stream/lib/_stream_readable.js:629:20)
    at DerivedLogger.emit (node:events:536:35)
    at addChunk (/home/mdstorms/sylessentialz-ecommerce/backend/v1/node_modules/readable-stream/lib/_stream_readable.js:279:12)
    at readableAddChunk (/home/mdstorms/sylessentialz-ecommerce/backend/v1/node_modules/readable-stream/lib/_stream_readable.js:262:11) 
2025-03-16T04:38:15.925Z ERROR: uncaughtException: write EPIPE
Error: write EPIPE
    at afterWriteDispatched (node:internal/stream_base_commons:159:15)
    at writeGeneric (node:internal/stream_base_commons:150:3)
    at Socket._writeGeneric (node:net:971:11)
    at Socket._write (node:net:983:8)
    at writeOrBuffer (node:internal/streams/writable:572:12)
    at _write (node:internal/streams/writable:501:10)
    at Writable.write (node:internal/streams/writable:510:10)
    at Console.log (/home/mdstorms/sylessentialz-ecommerce/backend/v1/node_modules/winston/lib/winston/transports/console.js:87:23)
    at Console._write (/home/mdstorms/sylessentialz-ecommerce/backend/v1/node_modules/winston-transport/modern.js:82:19)
    at doWrite (/home/mdstorms/sylessentialz-ecommerce/backend/v1/node_modules/readable-stream/lib/_stream_writable.js:390:139)
    at writeOrBuffer (/home/mdstorms/sylessentialz-ecommerce/backend/v1/node_modules/readable-stream/lib/_stream_writable.js:381:5)
    at Writable.write (/home/mdstorms/sylessentialz-ecommerce/backend/v1/node_modules/readable-stream/lib/_stream_writable.js:302:11)
    at DerivedLogger.ondata (/home/mdstorms/sylessentialz-ecommerce/backend/v1/node_modules/readable-stream/lib/_stream_readable.js:629:20)
    at DerivedLogger.emit (node:events:536:35)
    at addChunk (/home/mdstorms/sylessentialz-ecommerce/backend/v1/node_modules/readable-stream/lib/_stream_readable.js:279:12)
    at readableAddChunk (/home/mdstorms/sylessentialz-ecommerce/backend/v1/node_modules/readable-stream/lib/_stream_readable.js:262:11) 
2025-03-16T04:38:15.926Z ERROR: uncaughtException: write EPIPE
Error: write EPIPE
    at afterWriteDispatched (node:internal/stream_base_commons:159:15)
    at writeGeneric (node:internal/stream_base_commons:150:3)
    at Socket._writeGeneric (node:net:971:11)
    at Socket._write (node:net:983:8)
    at writeOrBuffer (node:internal/streams/writable:572:12)
    at _write (node:internal/streams/writable:501:10)
    at Writable.write (node:internal/streams/writable:510:10)
    at Console.log (/home/mdstorms/sylessentialz-ecommerce/backend/v1/node_modules/winston/lib/winston/transports/console.js:87:23)
    at Console._write (/home/mdstorms/sylessentialz-ecommerce/backend/v1/node_modules/winston-transport/modern.js:82:19)
    at doWrite (/home/mdstorms/sylessentialz-ecommerce/backend/v1/node_modules/readable-stream/lib/_stream_writable.js:390:139)
    at writeOrBuffer (/home/mdstorms/sylessentialz-ecommerce/backend/v1/node_modules/readable-stream/lib/_stream_writable.js:381:5)
    at Writable.write (/home/mdstorms/sylessentialz-ecommerce/backend/v1/node_modules/readable-stream/lib/_stream_writable.js:302:11)
    at DerivedLogger.ondata (/home/mdstorms/sylessentialz-ecommerce/backend/v1/node_modules/readable-stream/lib/_stream_readable.js:629:20)
    at DerivedLogger.emit (node:events:536:35)
    at addChunk (/home/mdstorms/sylessentialz-ecommerce/backend/v1/node_modules/readable-stream/lib/_stream_readable.js:279:12)
    at readableAddChunk (/home/mdstorms/sylessentialz-ecommerce/backend/v1/node_modules/readable-stream/lib/_stream_readable.js:262:11) 
2025-03-16T04:38:15.927Z ERROR: uncaughtException: write EPIPE
Error: write EPIPE
    at afterWriteDispatched (node:internal/stream_base_commons:159:15)
    at writeGeneric (node:internal/stream_base_commons:150:3)
    at Socket._writeGeneric (node:net:971:11)
    at Socket._write (node:net:983:8)
    at writeOrBuffer (node:internal/streams/writable:572:12)
    at _write (node:internal/streams/writable:501:10)
    at Writable.write (node:internal/streams/writable:510:10)
    at Console.log (/home/mdstorms/sylessentialz-ecommerce/backend/v1/node_modules/winston/lib/winston/transports/console.js:87:23)
    at Console._write (/home/mdstorms/sylessentialz-ecommerce/backend/v1/node_modules/winston-transport/modern.js:82:19)
    at doWrite (/home/mdstorms/sylessentialz-ecommerce/backend/v1/node_modules/readable-stream/lib/_stream_writable.js:390:139)
    at writeOrBuffer (/home/mdstorms/sylessentialz-ecommerce/backend/v1/node_modules/readable-stream/lib/_stream_writable.js:381:5)
    at Writable.write (/home/mdstorms/sylessentialz-ecommerce/backend/v1/node_modules/readable-stream/lib/_stream_writable.js:302:11)
    at DerivedLogger.ondata (/home/mdstorms/sylessentialz-ecommerce/backend/v1/node_modules/readable-stream/lib/_stream_readable.js:629:20)
    at DerivedLogger.emit (node:events:536:35)
    at addChunk (/home/mdstorms/sylessentialz-ecommerce/backend/v1/node_modules/readable-stream/lib/_stream_readable.js:279:12)
    at readableAddChunk (/home/mdstorms/sylessentialz-ecommerce/backend/v1/node_modules/readable-stream/lib/_stream_readable.js:262:11) 
2025-03-16T04:38:15.928Z ERROR: uncaughtException: write EPIPE
Error: write EPIPE
    at afterWriteDispatched (node:internal/stream_base_commons:159:15)
    at writeGeneric (node:internal/stream_base_commons:150:3)
    at Socket._writeGeneric (node:net:971:11)
    at Socket._write (node:net:983:8)
    at writeOrBuffer (node:internal/streams/writable:572:12)
    at _write (node:internal/streams/writable:501:10)
    at Writable.write (node:internal/streams/writable:510:10)
    at Console.log (/home/mdstorms/sylessentialz-ecommerce/backend/v1/node_modules/winston/lib/winston/transports/console.js:87:23)
    at Console._write (/home/mdstorms/sylessentialz-ecommerce/backend/v1/node_modules/winston-transport/modern.js:82:19)
    at doWrite (/home/mdstorms/sylessentialz-ecommerce/backend/v1/node_modules/readable-stream/lib/_stream_writable.js:390:139)
    at writeOrBuffer (/home/mdstorms/sylessentialz-ecommerce/backend/v1/node_modules/readable-stream/lib/_stream_writable.js:381:5)
    at Writable.write (/home/mdstorms/sylessentialz-ecommerce/backend/v1/node_modules/readable-stream/lib/_stream_writable.js:302:11)
    at DerivedLogger.ondata (/home/mdstorms/sylessentialz-ecommerce/backend/v1/node_modules/readable-stream/lib/_stream_readable.js:629:20)
    at DerivedLogger.emit (node:events:536:35)
    at addChunk (/home/mdstorms/sylessentialz-ecommerce/backend/v1/node_modules/readable-stream/lib/_stream_readable.js:279:12)
    at readableAddChunk (/home/mdstorms/sylessentialz-ecommerce/backend/v1/node_modules/readable-stream/lib/_stream_readable.js:262:11) 
2025-03-16T04:38:15.929Z ERROR: uncaughtException: write EPIPE
Error: write EPIPE
    at afterWriteDispatched (node:internal/stream_base_commons:159:15)
    at writeGeneric (node:internal/stream_base_commons:150:3)
    at Socket._writeGeneric (node:net:971:11)
    at Socket._write (node:net:983:8)
    at writeOrBuffer (node:internal/streams/writable:572:12)
    at _write (node:internal/streams/writable:501:10)
    at Writable.write (node:internal/streams/writable:510:10)
    at Console.log (/home/mdstorms/sylessentialz-ecommerce/backend/v1/node_modules/winston/lib/winston/transports/console.js:87:23)
    at Console._write (/home/mdstorms/sylessentialz-ecommerce/backend/v1/node_modules/winston-transport/modern.js:82:19)
    at doWrite (/home/mdstorms/sylessentialz-ecommerce/backend/v1/node_modules/readable-stream/lib/_stream_writable.js:390:139)
    at writeOrBuffer (/home/mdstorms/sylessentialz-ecommerce/backend/v1/node_modules/readable-stream/lib/_stream_writable.js:381:5)
    at Writable.write (/home/mdstorms/sylessentialz-ecommerce/backend/v1/node_modules/readable-stream/lib/_stream_writable.js:302:11)
    at DerivedLogger.ondata (/home/mdstorms/sylessentialz-ecommerce/backend/v1/node_modules/readable-stream/lib/_stream_readable.js:629:20)
    at DerivedLogger.emit (node:events:536:35)
    at addChunk (/home/mdstorms/sylessentialz-ecommerce/backend/v1/node_modules/readable-stream/lib/_stream_readable.js:279:12)
    at readableAddChunk (/home/mdstorms/sylessentialz-ecommerce/backend/v1/node_modules/readable-stream/lib/_stream_readable.js:262:11) 
2025-03-16T04:38:15.930Z ERROR: uncaughtException: write EPIPE
Error: write EPIPE
    at afterWriteDispatched (node:internal/stream_base_commons:159:15)
    at writeGeneric (node:internal/stream_base_commons:150:3)
    at Socket._writeGeneric (node:net:971:11)
    at Socket._write (node:net:983:8)
    at writeOrBuffer (node:internal/streams/writable:572:12)
    at _write (node:internal/streams/writable:501:10)
    at Writable.write (node:internal/streams/writable:510:10)
    at Console.log (/home/mdstorms/sylessentialz-ecommerce/backend/v1/node_modules/winston/lib/winston/transports/console.js:87:23)
    at Console._write (/home/mdstorms/sylessentialz-ecommerce/backend/v1/node_modules/winston-transport/modern.js:82:19)
    at doWrite (/home/mdstorms/sylessentialz-ecommerce/backend/v1/node_modules/readable-stream/lib/_stream_writable.js:390:139)
    at writeOrBuffer (/home/mdstorms/sylessentialz-ecommerce/backend/v1/node_modules/readable-stream/lib/_stream_writable.js:381:5)
    at Writable.write (/home/mdstorms/sylessentialz-ecommerce/backend/v1/node_modules/readable-stream/lib/_stream_writable.js:302:11)
    at DerivedLogger.ondata (/home/mdstorms/sylessentialz-ecommerce/backend/v1/node_modules/readable-stream/lib/_stream_readable.js:629:20)
    at DerivedLogger.emit (node:events:536:35)
    at addChunk (/home/mdstorms/sylessentialz-ecommerce/backend/v1/node_modules/readable-stream/lib/_stream_readable.js:279:12)
    at readableAddChunk (/home/mdstorms/sylessentialz-ecommerce/backend/v1/node_modules/readable-stream/lib/_stream_readable.js:262:11) 
2025-03-16T04:38:15.931Z ERROR: uncaughtException: write EPIPE
Error: write EPIPE
    at afterWriteDispatched (node:internal/stream_base_commons:159:15)
    at writeGeneric (node:internal/stream_base_commons:150:3)
    at Socket._writeGeneric (node:net:971:11)
    at Socket._write (node:net:983:8)
    at writeOrBuffer (node:internal/streams/writable:572:12)
    at _write (node:internal/streams/writable:501:10)
    at Writable.write (node:internal/streams/writable:510:10)
    at Console.log (/home/mdstorms/sylessentialz-ecommerce/backend/v1/node_modules/winston/lib/winston/transports/console.js:87:23)
    at Console._write (/home/mdstorms/sylessentialz-ecommerce/backend/v1/node_modules/winston-transport/modern.js:82:19)
    at doWrite (/home/mdstorms/sylessentialz-ecommerce/backend/v1/node_modules/readable-stream/lib/_stream_writable.js:390:139)
    at writeOrBuffer (/home/mdstorms/sylessentialz-ecommerce/backend/v1/node_modules/readable-stream/lib/_stream_writable.js:381:5)
    at Writable.write (/home/mdstorms/sylessentialz-ecommerce/backend/v1/node_modules/readable-stream/lib/_stream_writable.js:302:11)
    at DerivedLogger.ondata (/home/mdstorms/sylessentialz-ecommerce/backend/v1/node_modules/readable-stream/lib/_stream_readable.js:629:20)
    at DerivedLogger.emit (node:events:536:35)
    at addChunk (/home/mdstorms/sylessentialz-ecommerce/backend/v1/node_modules/readable-stream/lib/_stream_readable.js:279:12)
    at readableAddChunk (/home/mdstorms/sylessentialz-ecommerce/backend/v1/node_modules/readable-stream/lib/_stream_readable.js:262:11) 
2025-03-16T04:38:15.933Z ERROR: uncaughtException: write EPIPE
Error: write EPIPE
    at afterWriteDispatched (node:internal/stream_base_commons:159:15)
    at writeGeneric (node:internal/stream_base_commons:150:3)
    at Socket._writeGeneric (node:net:971:11)
    at Socket._write (node:net:983:8)
    at writeOrBuffer (node:internal/streams/writable:572:12)
    at _write (node:internal/streams/writable:501:10)
    at Writable.write (node:internal/streams/writable:510:10)
    at Console.log (/home/mdstorms/sylessentialz-ecommerce/backend/v1/node_modules/winston/lib/winston/transports/console.js:87:23)
    at Console._write (/home/mdstorms/sylessentialz-ecommerce/backend/v1/node_modules/winston-transport/modern.js:82:19)
    at doWrite (/home/mdstorms/sylessentialz-ecommerce/backend/v1/node_modules/readable-stream/lib/_stream_writable.js:390:139)
    at writeOrBuffer (/home/mdstorms/sylessentialz-ecommerce/backend/v1/node_modules/readable-stream/lib/_stream_writable.js:381:5)
    at Writable.write (/home/mdstorms/sylessentialz-ecommerce/backend/v1/node_modules/readable-stream/lib/_stream_writable.js:302:11)
    at DerivedLogger.ondata (/home/mdstorms/sylessentialz-ecommerce/backend/v1/node_modules/readable-stream/lib/_stream_readable.js:629:20)
    at DerivedLogger.emit (node:events:536:35)
    at addChunk (/home/mdstorms/sylessentialz-ecommerce/backend/v1/node_modules/readable-stream/lib/_stream_readable.js:279:12)
    at readableAddChunk (/home/mdstorms/sylessentialz-ecommerce/backend/v1/node_modules/readable-stream/lib/_stream_readable.js:262:11) 
2025-03-16T04:38:15.935Z ERROR: uncaughtException: write EPIPE
Error: write EPIPE
    at afterWriteDispatched (node:internal/stream_base_commons:159:15)
    at writeGeneric (node:internal/stream_base_commons:150:3)
    at Socket._writeGeneric (node:net:971:11)
    at Socket._write (node:net:983:8)
    at writeOrBuffer (node:internal/streams/writable:572:12)
    at _write (node:internal/streams/writable:501:10)
    at Writable.write (node:internal/streams/writable:510:10)
    at Console.log (/home/mdstorms/sylessentialz-ecommerce/backend/v1/node_modules/winston/lib/winston/transports/console.js:87:23)
    at Console._write (/home/mdstorms/sylessentialz-ecommerce/backend/v1/node_modules/winston-transport/modern.js:82:19)
    at doWrite (/home/mdstorms/sylessentialz-ecommerce/backend/v1/node_modules/readable-stream/lib/_stream_writable.js:390:139)
    at writeOrBuffer (/home/mdstorms/sylessentialz-ecommerce/backend/v1/node_modules/readable-stream/lib/_stream_writable.js:381:5)
    at Writable.write (/home/mdstorms/sylessentialz-ecommerce/backend/v1/node_modules/readable-stream/lib/_stream_writable.js:302:11)
    at DerivedLogger.ondata (/home/mdstorms/sylessentialz-ecommerce/backend/v1/node_modules/readable-stream/lib/_stream_readable.js:629:20)
    at DerivedLogger.emit (node:events:536:35)
    at addChunk (/home/mdstorms/sylessentialz-ecommerce/backend/v1/node_modules/readable-stream/lib/_stream_readable.js:279:12)
    at readableAddChunk (/home/mdstorms/sylessentialz-ecommerce/backend/v1/node_modules/readable-stream/lib/_stream_readable.js:262:11) 
2025-03-16T04:38:15.936Z ERROR: uncaughtException: write EPIPE
Error: write EPIPE
    at afterWriteDispatched (node:internal/stream_base_commons:159:15)
    at writeGeneric (node:internal/stream_base_commons:150:3)
    at Socket._writeGeneric (node:net:971:11)
    at Socket._write (node:net:983:8)
    at writeOrBuffer (node:internal/streams/writable:572:12)
    at _write (node:internal/streams/writable:501:10)
    at Writable.write (node:internal/streams/writable:510:10)
    at Console.log (/home/mdstorms/sylessentialz-ecommerce/backend/v1/node_modules/winston/lib/winston/transports/console.js:87:23)
    at Console._write (/home/mdstorms/sylessentialz-ecommerce/backend/v1/node_modules/winston-transport/modern.js:82:19)
    at doWrite (/home/mdstorms/sylessentialz-ecommerce/backend/v1/node_modules/readable-stream/lib/_stream_writable.js:390:139)
    at writeOrBuffer (/home/mdstorms/sylessentialz-ecommerce/backend/v1/node_modules/readable-stream/lib/_stream_writable.js:381:5)
    at Writable.write (/home/mdstorms/sylessentialz-ecommerce/backend/v1/node_modules/readable-stream/lib/_stream_writable.js:302:11)
    at DerivedLogger.ondata (/home/mdstorms/sylessentialz-ecommerce/backend/v1/node_modules/readable-stream/lib/_stream_readable.js:629:20)
    at DerivedLogger.emit (node:events:536:35)
    at addChunk (/home/mdstorms/sylessentialz-ecommerce/backend/v1/node_modules/readable-stream/lib/_stream_readable.js:279:12)
    at readableAddChunk (/home/mdstorms/sylessentialz-ecommerce/backend/v1/node_modules/readable-stream/lib/_stream_readable.js:262:11) 
2025-03-16T04:38:15.936Z ERROR: uncaughtException: write EPIPE
Error: write EPIPE
    at afterWriteDispatched (node:internal/stream_base_commons:159:15)
    at writeGeneric (node:internal/stream_base_commons:150:3)
    at Socket._writeGeneric (node:net:971:11)
    at Socket._write (node:net:983:8)
    at writeOrBuffer (node:internal/streams/writable:572:12)
    at _write (node:internal/streams/writable:501:10)
    at Writable.write (node:internal/streams/writable:510:10)
    at console.value (node:internal/console/constructor:291:16)
    at console.warn (node:internal/console/constructor:379:26)
    at writeOut (node:internal/process/warning:56:3)
    at process.onWarning (node:internal/process/warning:132:3)
    at process.emit (node:events:524:28)
    at doEmitWarning (node:internal/process/warning:85:11)
    at process.processTicksAndRejections (node:internal/process/task_queues:89:21) 
2025-03-16T04:38:15.937Z ERROR: uncaughtException: write EPIPE
Error: write EPIPE
    at afterWriteDispatched (node:internal/stream_base_commons:159:15)
    at writeGeneric (node:internal/stream_base_commons:150:3)
    at Socket._writeGeneric (node:net:971:11)
    at Socket._write (node:net:983:8)
    at writeOrBuffer (node:internal/streams/writable:572:12)
    at _write (node:internal/streams/writable:501:10)
    at Writable.write (node:internal/streams/writable:510:10)
    at Console.log (/home/mdstorms/sylessentialz-ecommerce/backend/v1/node_modules/winston/lib/winston/transports/console.js:87:23)
    at Console._write (/home/mdstorms/sylessentialz-ecommerce/backend/v1/node_modules/winston-transport/modern.js:82:19)
    at doWrite (/home/mdstorms/sylessentialz-ecommerce/backend/v1/node_modules/readable-stream/lib/_stream_writable.js:390:139)
    at writeOrBuffer (/home/mdstorms/sylessentialz-ecommerce/backend/v1/node_modules/readable-stream/lib/_stream_writable.js:381:5)
    at Writable.write (/home/mdstorms/sylessentialz-ecommerce/backend/v1/node_modules/readable-stream/lib/_stream_writable.js:302:11)
    at DerivedLogger.ondata (/home/mdstorms/sylessentialz-ecommerce/backend/v1/node_modules/readable-stream/lib/_stream_readable.js:629:20)
    at DerivedLogger.emit (node:events:536:35)
    at addChunk (/home/mdstorms/sylessentialz-ecommerce/backend/v1/node_modules/readable-stream/lib/_stream_readable.js:279:12)
    at readableAddChunk (/home/mdstorms/sylessentialz-ecommerce/backend/v1/node_modules/readable-stream/lib/_stream_readable.js:262:11) 
2025-03-16T04:38:15.938Z ERROR: uncaughtException: write EPIPE
Error: write EPIPE
    at afterWriteDispatched (node:internal/stream_base_commons:159:15)
    at writeGeneric (node:internal/stream_base_commons:150:3)
    at Socket._writeGeneric (node:net:971:11)
    at Socket._write (node:net:983:8)
    at writeOrBuffer (node:internal/streams/writable:572:12)
    at _write (node:internal/streams/writable:501:10)
    at Writable.write (node:internal/streams/writable:510:10)
    at console.value (node:internal/console/constructor:291:16)
    at console.warn (node:internal/console/constructor:379:26)
    at writeOut (node:internal/process/warning:56:3)
    at process.onWarning (node:internal/process/warning:132:3)
    at process.emit (node:events:524:28)
    at doEmitWarning (node:internal/process/warning:85:11)
    at process.processTicksAndRejections (node:internal/process/task_queues:89:21) 
2025-03-16T04:38:15.943Z ERROR: uncaughtException: write EPIPE
Error: write EPIPE
    at afterWriteDispatched (node:internal/stream_base_commons:159:15)
    at writeGeneric (node:internal/stream_base_commons:150:3)
    at Socket._writeGeneric (node:net:971:11)
    at Socket._write (node:net:983:8)
    at writeOrBuffer (node:internal/streams/writable:572:12)
    at _write (node:internal/streams/writable:501:10)
    at Writable.write (node:internal/streams/writable:510:10)
    at Console.log (/home/mdstorms/sylessentialz-ecommerce/backend/v1/node_modules/winston/lib/winston/transports/console.js:87:23)
    at Console._write (/home/mdstorms/sylessentialz-ecommerce/backend/v1/node_modules/winston-transport/modern.js:82:19)
    at doWrite (/home/mdstorms/sylessentialz-ecommerce/backend/v1/node_modules/readable-stream/lib/_stream_writable.js:390:139)
    at writeOrBuffer (/home/mdstorms/sylessentialz-ecommerce/backend/v1/node_modules/readable-stream/lib/_stream_writable.js:381:5)
    at Writable.write (/home/mdstorms/sylessentialz-ecommerce/backend/v1/node_modules/readable-stream/lib/_stream_writable.js:302:11)
    at DerivedLogger.ondata (/home/mdstorms/sylessentialz-ecommerce/backend/v1/node_modules/readable-stream/lib/_stream_readable.js:629:20)
    at DerivedLogger.emit (node:events:536:35)
    at addChunk (/home/mdstorms/sylessentialz-ecommerce/backend/v1/node_modules/readable-stream/lib/_stream_readable.js:279:12)
    at readableAddChunk (/home/mdstorms/sylessentialz-ecommerce/backend/v1/node_modules/readable-stream/lib/_stream_readable.js:262:11) 
2025-03-16T04:38:15.944Z ERROR: uncaughtException: write EPIPE
Error: write EPIPE
    at afterWriteDispatched (node:internal/stream_base_commons:159:15)
    at writeGeneric (node:internal/stream_base_commons:150:3)
    at Socket._writeGeneric (node:net:971:11)
    at Socket._write (node:net:983:8)
    at writeOrBuffer (node:internal/streams/writable:572:12)
    at _write (node:internal/streams/writable:501:10)
    at Writable.write (node:internal/streams/writable:510:10)
    at Console.log (/home/mdstorms/sylessentialz-ecommerce/backend/v1/node_modules/winston/lib/winston/transports/console.js:87:23)
    at Console._write (/home/mdstorms/sylessentialz-ecommerce/backend/v1/node_modules/winston-transport/modern.js:82:19)
    at doWrite (/home/mdstorms/sylessentialz-ecommerce/backend/v1/node_modules/readable-stream/lib/_stream_writable.js:390:139)
    at writeOrBuffer (/home/mdstorms/sylessentialz-ecommerce/backend/v1/node_modules/readable-stream/lib/_stream_writable.js:381:5)
    at Writable.write (/home/mdstorms/sylessentialz-ecommerce/backend/v1/node_modules/readable-stream/lib/_stream_writable.js:302:11)
    at DerivedLogger.ondata (/home/mdstorms/sylessentialz-ecommerce/backend/v1/node_modules/readable-stream/lib/_stream_readable.js:629:20)
    at DerivedLogger.emit (node:events:536:35)
    at addChunk (/home/mdstorms/sylessentialz-ecommerce/backend/v1/node_modules/readable-stream/lib/_stream_readable.js:279:12)
    at readableAddChunk (/home/mdstorms/sylessentialz-ecommerce/backend/v1/node_modules/readable-stream/lib/_stream_readable.js:262:11) 
2025-03-16T04:38:15.945Z ERROR: uncaughtException: write EPIPE
Error: write EPIPE
    at afterWriteDispatched (node:internal/stream_base_commons:159:15)
    at writeGeneric (node:internal/stream_base_commons:150:3)
    at Socket._writeGeneric (node:net:971:11)
    at Socket._write (node:net:983:8)
    at writeOrBuffer (node:internal/streams/writable:572:12)
    at _write (node:internal/streams/writable:501:10)
    at Writable.write (node:internal/streams/writable:510:10)
    at Console.log (/home/mdstorms/sylessentialz-ecommerce/backend/v1/node_modules/winston/lib/winston/transports/console.js:87:23)
    at Console._write (/home/mdstorms/sylessentialz-ecommerce/backend/v1/node_modules/winston-transport/modern.js:82:19)
    at doWrite (/home/mdstorms/sylessentialz-ecommerce/backend/v1/node_modules/readable-stream/lib/_stream_writable.js:390:139)
    at writeOrBuffer (/home/mdstorms/sylessentialz-ecommerce/backend/v1/node_modules/readable-stream/lib/_stream_writable.js:381:5)
    at Writable.write (/home/mdstorms/sylessentialz-ecommerce/backend/v1/node_modules/readable-stream/lib/_stream_writable.js:302:11)
    at DerivedLogger.ondata (/home/mdstorms/sylessentialz-ecommerce/backend/v1/node_modules/readable-stream/lib/_stream_readable.js:629:20)
    at DerivedLogger.emit (node:events:536:35)
    at addChunk (/home/mdstorms/sylessentialz-ecommerce/backend/v1/node_modules/readable-stream/lib/_stream_readable.js:279:12)
    at readableAddChunk (/home/mdstorms/sylessentialz-ecommerce/backend/v1/node_modules/readable-stream/lib/_stream_readable.js:262:11) 
2025-03-16T04:38:15.946Z ERROR: uncaughtException: write EPIPE
Error: write EPIPE
    at afterWriteDispatched (node:internal/stream_base_commons:159:15)
    at writeGeneric (node:internal/stream_base_commons:150:3)
    at Socket._writeGeneric (node:net:971:11)
    at Socket._write (node:net:983:8)
    at writeOrBuffer (node:internal/streams/writable:572:12)
    at _write (node:internal/streams/writable:501:10)
    at Writable.write (node:internal/streams/writable:510:10)
    at Console.log (/home/mdstorms/sylessentialz-ecommerce/backend/v1/node_modules/winston/lib/winston/transports/console.js:87:23)
    at Console._write (/home/mdstorms/sylessentialz-ecommerce/backend/v1/node_modules/winston-transport/modern.js:82:19)
    at doWrite (/home/mdstorms/sylessentialz-ecommerce/backend/v1/node_modules/readable-stream/lib/_stream_writable.js:390:139)
    at writeOrBuffer (/home/mdstorms/sylessentialz-ecommerce/backend/v1/node_modules/readable-stream/lib/_stream_writable.js:381:5)
    at Writable.write (/home/mdstorms/sylessentialz-ecommerce/backend/v1/node_modules/readable-stream/lib/_stream_writable.js:302:11)
    at DerivedLogger.ondata (/home/mdstorms/sylessentialz-ecommerce/backend/v1/node_modules/readable-stream/lib/_stream_readable.js:629:20)
    at DerivedLogger.emit (node:events:536:35)
    at addChunk (/home/mdstorms/sylessentialz-ecommerce/backend/v1/node_modules/readable-stream/lib/_stream_readable.js:279:12)
    at readableAddChunk (/home/mdstorms/sylessentialz-ecommerce/backend/v1/node_modules/readable-stream/lib/_stream_readable.js:262:11) 
2025-03-16T04:38:15.948Z ERROR: uncaughtException: write EPIPE
Error: write EPIPE
    at afterWriteDispatched (node:internal/stream_base_commons:159:15)
    at writeGeneric (node:internal/stream_base_commons:150:3)
    at Socket._writeGeneric (node:net:971:11)
    at Socket._write (node:net:983:8)
    at writeOrBuffer (node:internal/streams/writable:572:12)
    at _write (node:internal/streams/writable:501:10)
    at Writable.write (node:internal/streams/writable:510:10)
    at Console.log (/home/mdstorms/sylessentialz-ecommerce/backend/v1/node_modules/winston/lib/winston/transports/console.js:87:23)
    at Console._write (/home/mdstorms/sylessentialz-ecommerce/backend/v1/node_modules/winston-transport/modern.js:82:19)
    at doWrite (/home/mdstorms/sylessentialz-ecommerce/backend/v1/node_modules/readable-stream/lib/_stream_writable.js:390:139)
    at writeOrBuffer (/home/mdstorms/sylessentialz-ecommerce/backend/v1/node_modules/readable-stream/lib/_stream_writable.js:381:5)
    at Writable.write (/home/mdstorms/sylessentialz-ecommerce/backend/v1/node_modules/readable-stream/lib/_stream_writable.js:302:11)
    at DerivedLogger.ondata (/home/mdstorms/sylessentialz-ecommerce/backend/v1/node_modules/readable-stream/lib/_stream_readable.js:629:20)
    at DerivedLogger.emit (node:events:536:35)
    at addChunk (/home/mdstorms/sylessentialz-ecommerce/backend/v1/node_modules/readable-stream/lib/_stream_readable.js:279:12)
    at readableAddChunk (/home/mdstorms/sylessentialz-ecommerce/backend/v1/node_modules/readable-stream/lib/_stream_readable.js:262:11) 
2025-03-16T04:38:15.949Z ERROR: uncaughtException: write EPIPE
Error: write EPIPE
    at afterWriteDispatched (node:internal/stream_base_commons:159:15)
    at writeGeneric (node:internal/stream_base_commons:150:3)
    at Socket._writeGeneric (node:net:971:11)
    at Socket._write (node:net:983:8)
    at writeOrBuffer (node:internal/streams/writable:572:12)
    at _write (node:internal/streams/writable:501:10)
    at Writable.write (node:internal/streams/writable:510:10)
    at Console.log (/home/mdstorms/sylessentialz-ecommerce/backend/v1/node_modules/winston/lib/winston/transports/console.js:87:23)
    at Console._write (/home/mdstorms/sylessentialz-ecommerce/backend/v1/node_modules/winston-transport/modern.js:82:19)
    at doWrite (/home/mdstorms/sylessentialz-ecommerce/backend/v1/node_modules/readable-stream/lib/_stream_writable.js:390:139)
    at writeOrBuffer (/home/mdstorms/sylessentialz-ecommerce/backend/v1/node_modules/readable-stream/lib/_stream_writable.js:381:5)
    at Writable.write (/home/mdstorms/sylessentialz-ecommerce/backend/v1/node_modules/readable-stream/lib/_stream_writable.js:302:11)
    at DerivedLogger.ondata (/home/mdstorms/sylessentialz-ecommerce/backend/v1/node_modules/readable-stream/lib/_stream_readable.js:629:20)
    at DerivedLogger.emit (node:events:536:35)
    at addChunk (/home/mdstorms/sylessentialz-ecommerce/backend/v1/node_modules/readable-stream/lib/_stream_readable.js:279:12)
    at readableAddChunk (/home/mdstorms/sylessentialz-ecommerce/backend/v1/node_modules/readable-stream/lib/_stream_readable.js:262:11) 
2025-03-16T04:38:15.960Z ERROR: uncaughtException: write EPIPE
Error: write EPIPE
    at afterWriteDispatched (node:internal/stream_base_commons:159:15)
    at writeGeneric (node:internal/stream_base_commons:150:3)
    at Socket._writeGeneric (node:net:971:11)
    at Socket._write (node:net:983:8)
    at writeOrBuffer (node:internal/streams/writable:572:12)
    at _write (node:internal/streams/writable:501:10)
    at Writable.write (node:internal/streams/writable:510:10)
    at Console.log (/home/mdstorms/sylessentialz-ecommerce/backend/v1/node_modules/winston/lib/winston/transports/console.js:87:23)
    at Console._write (/home/mdstorms/sylessentialz-ecommerce/backend/v1/node_modules/winston-transport/modern.js:82:19)
    at doWrite (/home/mdstorms/sylessentialz-ecommerce/backend/v1/node_modules/readable-stream/lib/_stream_writable.js:390:139)
    at writeOrBuffer (/home/mdstorms/sylessentialz-ecommerce/backend/v1/node_modules/readable-stream/lib/_stream_writable.js:381:5)
    at Writable.write (/home/mdstorms/sylessentialz-ecommerce/backend/v1/node_modules/readable-stream/lib/_stream_writable.js:302:11)
    at DerivedLogger.ondata (/home/mdstorms/sylessentialz-ecommerce/backend/v1/node_modules/readable-stream/lib/_stream_readable.js:629:20)
    at DerivedLogger.emit (node:events:536:35)
    at addChunk (/home/mdstorms/sylessentialz-ecommerce/backend/v1/node_modules/readable-stream/lib/_stream_readable.js:279:12)
    at readableAddChunk (/home/mdstorms/sylessentialz-ecommerce/backend/v1/node_modules/readable-stream/lib/_stream_readable.js:262:11) 
2025-03-16T04:38:15.961Z ERROR: uncaughtException: write EPIPE
Error: write EPIPE
    at afterWriteDispatched (node:internal/stream_base_commons:159:15)
    at writeGeneric (node:internal/stream_base_commons:150:3)
    at Socket._writeGeneric (node:net:971:11)
    at Socket._write (node:net:983:8)
    at writeOrBuffer (node:internal/streams/writable:572:12)
    at _write (node:internal/streams/writable:501:10)
    at Writable.write (node:internal/streams/writable:510:10)
    at Console.log (/home/mdstorms/sylessentialz-ecommerce/backend/v1/node_modules/winston/lib/winston/transports/console.js:87:23)
    at Console._write (/home/mdstorms/sylessentialz-ecommerce/backend/v1/node_modules/winston-transport/modern.js:82:19)
    at doWrite (/home/mdstorms/sylessentialz-ecommerce/backend/v1/node_modules/readable-stream/lib/_stream_writable.js:390:139)
    at writeOrBuffer (/home/mdstorms/sylessentialz-ecommerce/backend/v1/node_modules/readable-stream/lib/_stream_writable.js:381:5)
    at Writable.write (/home/mdstorms/sylessentialz-ecommerce/backend/v1/node_modules/readable-stream/lib/_stream_writable.js:302:11)
    at DerivedLogger.ondata (/home/mdstorms/sylessentialz-ecommerce/backend/v1/node_modules/readable-stream/lib/_stream_readable.js:629:20)
    at DerivedLogger.emit (node:events:536:35)
    at addChunk (/home/mdstorms/sylessentialz-ecommerce/backend/v1/node_modules/readable-stream/lib/_stream_readable.js:279:12)
    at readableAddChunk (/home/mdstorms/sylessentialz-ecommerce/backend/v1/node_modules/readable-stream/lib/_stream_readable.js:262:11) 
2025-03-16T04:38:15.963Z ERROR: uncaughtException: write EPIPE
Error: write EPIPE
    at afterWriteDispatched (node:internal/stream_base_commons:159:15)
    at writeGeneric (node:internal/stream_base_commons:150:3)
    at Socket._writeGeneric (node:net:971:11)
    at Socket._write (node:net:983:8)
    at writeOrBuffer (node:internal/streams/writable:572:12)
    at _write (node:internal/streams/writable:501:10)
    at Writable.write (node:internal/streams/writable:510:10)
    at Console.log (/home/mdstorms/sylessentialz-ecommerce/backend/v1/node_modules/winston/lib/winston/transports/console.js:87:23)
    at Console._write (/home/mdstorms/sylessentialz-ecommerce/backend/v1/node_modules/winston-transport/modern.js:82:19)
    at doWrite (/home/mdstorms/sylessentialz-ecommerce/backend/v1/node_modules/readable-stream/lib/_stream_writable.js:390:139)
    at writeOrBuffer (/home/mdstorms/sylessentialz-ecommerce/backend/v1/node_modules/readable-stream/lib/_stream_writable.js:381:5)
    at Writable.write (/home/mdstorms/sylessentialz-ecommerce/backend/v1/node_modules/readable-stream/lib/_stream_writable.js:302:11)
    at DerivedLogger.ondata (/home/mdstorms/sylessentialz-ecommerce/backend/v1/node_modules/readable-stream/lib/_stream_readable.js:629:20)
    at DerivedLogger.emit (node:events:536:35)
    at addChunk (/home/mdstorms/sylessentialz-ecommerce/backend/v1/node_modules/readable-stream/lib/_stream_readable.js:279:12)
    at readableAddChunk (/home/mdstorms/sylessentialz-ecommerce/backend/v1/node_modules/readable-stream/lib/_stream_readable.js:262:11) 
2025-03-16T04:38:15.965Z ERROR: uncaughtException: write EPIPE
Error: write EPIPE
    at afterWriteDispatched (node:internal/stream_base_commons:159:15)
    at writeGeneric (node:internal/stream_base_commons:150:3)
    at Socket._writeGeneric (node:net:971:11)
    at Socket._write (node:net:983:8)
    at writeOrBuffer (node:internal/streams/writable:572:12)
    at _write (node:internal/streams/writable:501:10)
    at Writable.write (node:internal/streams/writable:510:10)
    at Console.log (/home/mdstorms/sylessentialz-ecommerce/backend/v1/node_modules/winston/lib/winston/transports/console.js:87:23)
    at Console._write (/home/mdstorms/sylessentialz-ecommerce/backend/v1/node_modules/winston-transport/modern.js:82:19)
    at doWrite (/home/mdstorms/sylessentialz-ecommerce/backend/v1/node_modules/readable-stream/lib/_stream_writable.js:390:139)
    at writeOrBuffer (/home/mdstorms/sylessentialz-ecommerce/backend/v1/node_modules/readable-stream/lib/_stream_writable.js:381:5)
    at Writable.write (/home/mdstorms/sylessentialz-ecommerce/backend/v1/node_modules/readable-stream/lib/_stream_writable.js:302:11)
    at DerivedLogger.ondata (/home/mdstorms/sylessentialz-ecommerce/backend/v1/node_modules/readable-stream/lib/_stream_readable.js:629:20)
    at DerivedLogger.emit (node:events:536:35)
    at addChunk (/home/mdstorms/sylessentialz-ecommerce/backend/v1/node_modules/readable-stream/lib/_stream_readable.js:279:12)
    at readableAddChunk (/home/mdstorms/sylessentialz-ecommerce/backend/v1/node_modules/readable-stream/lib/_stream_readable.js:262:11) 
2025-03-16T04:38:15.976Z ERROR: uncaughtException: write EPIPE
Error: write EPIPE
    at afterWriteDispatched (node:internal/stream_base_commons:159:15)
    at writeGeneric (node:internal/stream_base_commons:150:3)
    at Socket._writeGeneric (node:net:971:11)
    at Socket._write (node:net:983:8)
    at writeOrBuffer (node:internal/streams/writable:572:12)
    at _write (node:internal/streams/writable:501:10)
    at Writable.write (node:internal/streams/writable:510:10)
    at Console.log (/home/mdstorms/sylessentialz-ecommerce/backend/v1/node_modules/winston/lib/winston/transports/console.js:87:23)
    at Console._write (/home/mdstorms/sylessentialz-ecommerce/backend/v1/node_modules/winston-transport/modern.js:82:19)
    at doWrite (/home/mdstorms/sylessentialz-ecommerce/backend/v1/node_modules/readable-stream/lib/_stream_writable.js:390:139)
    at writeOrBuffer (/home/mdstorms/sylessentialz-ecommerce/backend/v1/node_modules/readable-stream/lib/_stream_writable.js:381:5)
    at Writable.write (/home/mdstorms/sylessentialz-ecommerce/backend/v1/node_modules/readable-stream/lib/_stream_writable.js:302:11)
    at DerivedLogger.ondata (/home/mdstorms/sylessentialz-ecommerce/backend/v1/node_modules/readable-stream/lib/_stream_readable.js:629:20)
    at DerivedLogger.emit (node:events:536:35)
    at addChunk (/home/mdstorms/sylessentialz-ecommerce/backend/v1/node_modules/readable-stream/lib/_stream_readable.js:279:12)
    at readableAddChunk (/home/mdstorms/sylessentialz-ecommerce/backend/v1/node_modules/readable-stream/lib/_stream_readable.js:262:11) 
2025-03-16T04:38:15.977Z ERROR: uncaughtException: write EPIPE
Error: write EPIPE
    at afterWriteDispatched (node:internal/stream_base_commons:159:15)
    at writeGeneric (node:internal/stream_base_commons:150:3)
    at Socket._writeGeneric (node:net:971:11)
    at Socket._write (node:net:983:8)
    at writeOrBuffer (node:internal/streams/writable:572:12)
    at _write (node:internal/streams/writable:501:10)
    at Writable.write (node:internal/streams/writable:510:10)
    at Console.log (/home/mdstorms/sylessentialz-ecommerce/backend/v1/node_modules/winston/lib/winston/transports/console.js:87:23)
    at Console._write (/home/mdstorms/sylessentialz-ecommerce/backend/v1/node_modules/winston-transport/modern.js:82:19)
    at doWrite (/home/mdstorms/sylessentialz-ecommerce/backend/v1/node_modules/readable-stream/lib/_stream_writable.js:390:139)
    at writeOrBuffer (/home/mdstorms/sylessentialz-ecommerce/backend/v1/node_modules/readable-stream/lib/_stream_writable.js:381:5)
    at Writable.write (/home/mdstorms/sylessentialz-ecommerce/backend/v1/node_modules/readable-stream/lib/_stream_writable.js:302:11)
    at DerivedLogger.ondata (/home/mdstorms/sylessentialz-ecommerce/backend/v1/node_modules/readable-stream/lib/_stream_readable.js:629:20)
    at DerivedLogger.emit (node:events:536:35)
    at addChunk (/home/mdstorms/sylessentialz-ecommerce/backend/v1/node_modules/readable-stream/lib/_stream_readable.js:279:12)
    at readableAddChunk (/home/mdstorms/sylessentialz-ecommerce/backend/v1/node_modules/readable-stream/lib/_stream_readable.js:262:11) 
2025-03-16T04:38:15.979Z ERROR: uncaughtException: write EPIPE
Error: write EPIPE
    at afterWriteDispatched (node:internal/stream_base_commons:159:15)
    at writeGeneric (node:internal/stream_base_commons:150:3)
    at Socket._writeGeneric (node:net:971:11)
    at Socket._write (node:net:983:8)
    at writeOrBuffer (node:internal/streams/writable:572:12)
    at _write (node:internal/streams/writable:501:10)
    at Writable.write (node:internal/streams/writable:510:10)
    at Console.log (/home/mdstorms/sylessentialz-ecommerce/backend/v1/node_modules/winston/lib/winston/transports/console.js:87:23)
    at Console._write (/home/mdstorms/sylessentialz-ecommerce/backend/v1/node_modules/winston-transport/modern.js:82:19)
    at doWrite (/home/mdstorms/sylessentialz-ecommerce/backend/v1/node_modules/readable-stream/lib/_stream_writable.js:390:139)
    at writeOrBuffer (/home/mdstorms/sylessentialz-ecommerce/backend/v1/node_modules/readable-stream/lib/_stream_writable.js:381:5)
    at Writable.write (/home/mdstorms/sylessentialz-ecommerce/backend/v1/node_modules/readable-stream/lib/_stream_writable.js:302:11)
    at DerivedLogger.ondata (/home/mdstorms/sylessentialz-ecommerce/backend/v1/node_modules/readable-stream/lib/_stream_readable.js:629:20)
    at DerivedLogger.emit (node:events:536:35)
    at addChunk (/home/mdstorms/sylessentialz-ecommerce/backend/v1/node_modules/readable-stream/lib/_stream_readable.js:279:12)
    at readableAddChunk (/home/mdstorms/sylessentialz-ecommerce/backend/v1/node_modules/readable-stream/lib/_stream_readable.js:262:11) 
2025-03-16T04:38:15.980Z ERROR: uncaughtException: write EPIPE
Error: write EPIPE
    at afterWriteDispatched (node:internal/stream_base_commons:159:15)
    at writeGeneric (node:internal/stream_base_commons:150:3)
    at Socket._writeGeneric (node:net:971:11)
    at Socket._write (node:net:983:8)
    at writeOrBuffer (node:internal/streams/writable:572:12)
    at _write (node:internal/streams/writable:501:10)
    at Writable.write (node:internal/streams/writable:510:10)
    at Console.log (/home/mdstorms/sylessentialz-ecommerce/backend/v1/node_modules/winston/lib/winston/transports/console.js:87:23)
    at Console._write (/home/mdstorms/sylessentialz-ecommerce/backend/v1/node_modules/winston-transport/modern.js:82:19)
    at doWrite (/home/mdstorms/sylessentialz-ecommerce/backend/v1/node_modules/readable-stream/lib/_stream_writable.js:390:139)
    at writeOrBuffer (/home/mdstorms/sylessentialz-ecommerce/backend/v1/node_modules/readable-stream/lib/_stream_writable.js:381:5)
    at Writable.write (/home/mdstorms/sylessentialz-ecommerce/backend/v1/node_modules/readable-stream/lib/_stream_writable.js:302:11)
    at DerivedLogger.ondata (/home/mdstorms/sylessentialz-ecommerce/backend/v1/node_modules/readable-stream/lib/_stream_readable.js:629:20)
    at DerivedLogger.emit (node:events:536:35)
    at addChunk (/home/mdstorms/sylessentialz-ecommerce/backend/v1/node_modules/readable-stream/lib/_stream_readable.js:279:12)
    at readableAddChunk (/home/mdstorms/sylessentialz-ecommerce/backend/v1/node_modules/readable-stream/lib/_stream_readable.js:262:11) 
2025-03-16T04:38:15.982Z ERROR: uncaughtException: write EPIPE
Error: write EPIPE
    at afterWriteDispatched (node:internal/stream_base_commons:159:15)
    at writeGeneric (node:internal/stream_base_commons:150:3)
    at Socket._writeGeneric (node:net:971:11)
    at Socket._write (node:net:983:8)
    at writeOrBuffer (node:internal/streams/writable:572:12)
    at _write (node:internal/streams/writable:501:10)
    at Writable.write (node:internal/streams/writable:510:10)
    at Console.log (/home/mdstorms/sylessentialz-ecommerce/backend/v1/node_modules/winston/lib/winston/transports/console.js:87:23)
    at Console._write (/home/mdstorms/sylessentialz-ecommerce/backend/v1/node_modules/winston-transport/modern.js:82:19)
    at doWrite (/home/mdstorms/sylessentialz-ecommerce/backend/v1/node_modules/readable-stream/lib/_stream_writable.js:390:139)
    at writeOrBuffer (/home/mdstorms/sylessentialz-ecommerce/backend/v1/node_modules/readable-stream/lib/_stream_writable.js:381:5)
    at Writable.write (/home/mdstorms/sylessentialz-ecommerce/backend/v1/node_modules/readable-stream/lib/_stream_writable.js:302:11)
    at DerivedLogger.ondata (/home/mdstorms/sylessentialz-ecommerce/backend/v1/node_modules/readable-stream/lib/_stream_readable.js:629:20)
    at DerivedLogger.emit (node:events:536:35)
    at addChunk (/home/mdstorms/sylessentialz-ecommerce/backend/v1/node_modules/readable-stream/lib/_stream_readable.js:279:12)
    at readableAddChunk (/home/mdstorms/sylessentialz-ecommerce/backend/v1/node_modules/readable-stream/lib/_stream_readable.js:262:11) 
2025-03-16T04:38:16.017Z ERROR: uncaughtException: write EPIPE
Error: write EPIPE
    at afterWriteDispatched (node:internal/stream_base_commons:159:15)
    at writeGeneric (node:internal/stream_base_commons:150:3)
    at Socket._writeGeneric (node:net:971:11)
    at Socket._write (node:net:983:8)
    at writeOrBuffer (node:internal/streams/writable:572:12)
    at _write (node:internal/streams/writable:501:10)
    at Writable.write (node:internal/streams/writable:510:10)
    at Console.log (/home/mdstorms/sylessentialz-ecommerce/backend/v1/node_modules/winston/lib/winston/transports/console.js:87:23)
    at Console._write (/home/mdstorms/sylessentialz-ecommerce/backend/v1/node_modules/winston-transport/modern.js:82:19)
    at doWrite (/home/mdstorms/sylessentialz-ecommerce/backend/v1/node_modules/readable-stream/lib/_stream_writable.js:390:139)
    at writeOrBuffer (/home/mdstorms/sylessentialz-ecommerce/backend/v1/node_modules/readable-stream/lib/_stream_writable.js:381:5)
    at Writable.write (/home/mdstorms/sylessentialz-ecommerce/backend/v1/node_modules/readable-stream/lib/_stream_writable.js:302:11)
    at DerivedLogger.ondata (/home/mdstorms/sylessentialz-ecommerce/backend/v1/node_modules/readable-stream/lib/_stream_readable.js:629:20)
    at DerivedLogger.emit (node:events:536:35)
    at addChunk (/home/mdstorms/sylessentialz-ecommerce/backend/v1/node_modules/readable-stream/lib/_stream_readable.js:279:12)
    at readableAddChunk (/home/mdstorms/sylessentialz-ecommerce/backend/v1/node_modules/readable-stream/lib/_stream_readable.js:262:11) 
2025-03-16T04:38:16.019Z ERROR: uncaughtException: write EPIPE
Error: write EPIPE
    at afterWriteDispatched (node:internal/stream_base_commons:159:15)
    at writeGeneric (node:internal/stream_base_commons:150:3)
    at Socket._writeGeneric (node:net:971:11)
    at Socket._write (node:net:983:8)
    at writeOrBuffer (node:internal/streams/writable:572:12)
    at _write (node:internal/streams/writable:501:10)
    at Writable.write (node:internal/streams/writable:510:10)
    at console.value (node:internal/console/constructor:291:16)
    at console.warn (node:internal/console/constructor:379:26)
    at writeOut (node:internal/process/warning:56:3)
    at process.onWarning (node:internal/process/warning:132:3)
    at process.emit (node:events:524:28)
    at doEmitWarning (node:internal/process/warning:85:11)
    at processTicksAndRejections (node:internal/process/task_queues:89:21)
    at runNextTicks (node:internal/process/task_queues:69:3)
    at process.processImmediate (node:internal/timers:459:9) 
2025-03-16T04:38:16.020Z ERROR: uncaughtException: write EPIPE
Error: write EPIPE
    at afterWriteDispatched (node:internal/stream_base_commons:159:15)
    at writeGeneric (node:internal/stream_base_commons:150:3)
    at Socket._writeGeneric (node:net:971:11)
    at Socket._write (node:net:983:8)
    at writeOrBuffer (node:internal/streams/writable:572:12)
    at _write (node:internal/streams/writable:501:10)
    at Writable.write (node:internal/streams/writable:510:10)
    at Console.log (/home/mdstorms/sylessentialz-ecommerce/backend/v1/node_modules/winston/lib/winston/transports/console.js:87:23)
    at Console._write (/home/mdstorms/sylessentialz-ecommerce/backend/v1/node_modules/winston-transport/modern.js:82:19)
    at doWrite (/home/mdstorms/sylessentialz-ecommerce/backend/v1/node_modules/readable-stream/lib/_stream_writable.js:390:139)
    at writeOrBuffer (/home/mdstorms/sylessentialz-ecommerce/backend/v1/node_modules/readable-stream/lib/_stream_writable.js:381:5)
    at Writable.write (/home/mdstorms/sylessentialz-ecommerce/backend/v1/node_modules/readable-stream/lib/_stream_writable.js:302:11)
    at DerivedLogger.ondata (/home/mdstorms/sylessentialz-ecommerce/backend/v1/node_modules/readable-stream/lib/_stream_readable.js:629:20)
    at DerivedLogger.emit (node:events:536:35)
    at addChunk (/home/mdstorms/sylessentialz-ecommerce/backend/v1/node_modules/readable-stream/lib/_stream_readable.js:279:12)
    at readableAddChunk (/home/mdstorms/sylessentialz-ecommerce/backend/v1/node_modules/readable-stream/lib/_stream_readable.js:262:11) 
2025-03-16T04:38:16.022Z ERROR: uncaughtException: write EPIPE
Error: write EPIPE
    at afterWriteDispatched (node:internal/stream_base_commons:159:15)
    at writeGeneric (node:internal/stream_base_commons:150:3)
    at Socket._writeGeneric (node:net:971:11)
    at Socket._write (node:net:983:8)
    at writeOrBuffer (node:internal/streams/writable:572:12)
    at _write (node:internal/streams/writable:501:10)
    at Writable.write (node:internal/streams/writable:510:10)
    at console.value (node:internal/console/constructor:291:16)
    at console.warn (node:internal/console/constructor:379:26)
    at writeOut (node:internal/process/warning:56:3)
    at process.onWarning (node:internal/process/warning:132:3)
    at process.emit (node:events:524:28)
    at doEmitWarning (node:internal/process/warning:85:11)
    at processTicksAndRejections (node:internal/process/task_queues:89:21)
    at runNextTicks (node:internal/process/task_queues:69:3)
    at process.processImmediate (node:internal/timers:459:9) 
2025-03-16T04:38:16.023Z ERROR: uncaughtException: write EPIPE
Error: write EPIPE
    at afterWriteDispatched (node:internal/stream_base_commons:159:15)
    at writeGeneric (node:internal/stream_base_commons:150:3)
    at Socket._writeGeneric (node:net:971:11)
    at Socket._write (node:net:983:8)
    at writeOrBuffer (node:internal/streams/writable:572:12)
    at _write (node:internal/streams/writable:501:10)
    at Writable.write (node:internal/streams/writable:510:10)
    at Console.log (/home/mdstorms/sylessentialz-ecommerce/backend/v1/node_modules/winston/lib/winston/transports/console.js:87:23)
    at Console._write (/home/mdstorms/sylessentialz-ecommerce/backend/v1/node_modules/winston-transport/modern.js:82:19)
    at doWrite (/home/mdstorms/sylessentialz-ecommerce/backend/v1/node_modules/readable-stream/lib/_stream_writable.js:390:139)
    at writeOrBuffer (/home/mdstorms/sylessentialz-ecommerce/backend/v1/node_modules/readable-stream/lib/_stream_writable.js:381:5)
    at Writable.write (/home/mdstorms/sylessentialz-ecommerce/backend/v1/node_modules/readable-stream/lib/_stream_writable.js:302:11)
    at DerivedLogger.ondata (/home/mdstorms/sylessentialz-ecommerce/backend/v1/node_modules/readable-stream/lib/_stream_readable.js:629:20)
    at DerivedLogger.emit (node:events:536:35)
    at addChunk (/home/mdstorms/sylessentialz-ecommerce/backend/v1/node_modules/readable-stream/lib/_stream_readable.js:279:12)
    at readableAddChunk (/home/mdstorms/sylessentialz-ecommerce/backend/v1/node_modules/readable-stream/lib/_stream_readable.js:262:11) 
2025-03-16T04:38:16.024Z ERROR: uncaughtException: write EPIPE
Error: write EPIPE
    at afterWriteDispatched (node:internal/stream_base_commons:159:15)
    at writeGeneric (node:internal/stream_base_commons:150:3)
    at Socket._writeGeneric (node:net:971:11)
    at Socket._write (node:net:983:8)
    at writeOrBuffer (node:internal/streams/writable:572:12)
    at _write (node:internal/streams/writable:501:10)
    at Writable.write (node:internal/streams/writable:510:10)
    at Console.log (/home/mdstorms/sylessentialz-ecommerce/backend/v1/node_modules/winston/lib/winston/transports/console.js:87:23)
    at Console._write (/home/mdstorms/sylessentialz-ecommerce/backend/v1/node_modules/winston-transport/modern.js:82:19)
    at doWrite (/home/mdstorms/sylessentialz-ecommerce/backend/v1/node_modules/readable-stream/lib/_stream_writable.js:390:139)
    at writeOrBuffer (/home/mdstorms/sylessentialz-ecommerce/backend/v1/node_modules/readable-stream/lib/_stream_writable.js:381:5)
    at Writable.write (/home/mdstorms/sylessentialz-ecommerce/backend/v1/node_modules/readable-stream/lib/_stream_writable.js:302:11)
    at DerivedLogger.ondata (/home/mdstorms/sylessentialz-ecommerce/backend/v1/node_modules/readable-stream/lib/_stream_readable.js:629:20)
    at DerivedLogger.emit (node:events:536:35)
    at addChunk (/home/mdstorms/sylessentialz-ecommerce/backend/v1/node_modules/readable-stream/lib/_stream_readable.js:279:12)
    at readableAddChunk (/home/mdstorms/sylessentialz-ecommerce/backend/v1/node_modules/readable-stream/lib/_stream_readable.js:262:11) 
2025-03-16T04:38:16.025Z ERROR: uncaughtException: write EPIPE
Error: write EPIPE
    at afterWriteDispatched (node:internal/stream_base_commons:159:15)
    at writeGeneric (node:internal/stream_base_commons:150:3)
    at Socket._writeGeneric (node:net:971:11)
    at Socket._write (node:net:983:8)
    at writeOrBuffer (node:internal/streams/writable:572:12)
    at _write (node:internal/streams/writable:501:10)
    at Writable.write (node:internal/streams/writable:510:10)
    at Console.log (/home/mdstorms/sylessentialz-ecommerce/backend/v1/node_modules/winston/lib/winston/transports/console.js:87:23)
    at Console._write (/home/mdstorms/sylessentialz-ecommerce/backend/v1/node_modules/winston-transport/modern.js:82:19)
    at doWrite (/home/mdstorms/sylessentialz-ecommerce/backend/v1/node_modules/readable-stream/lib/_stream_writable.js:390:139)
    at writeOrBuffer (/home/mdstorms/sylessentialz-ecommerce/backend/v1/node_modules/readable-stream/lib/_stream_writable.js:381:5)
    at Writable.write (/home/mdstorms/sylessentialz-ecommerce/backend/v1/node_modules/readable-stream/lib/_stream_writable.js:302:11)
    at DerivedLogger.ondata (/home/mdstorms/sylessentialz-ecommerce/backend/v1/node_modules/readable-stream/lib/_stream_readable.js:629:20)
    at DerivedLogger.emit (node:events:536:35)
    at addChunk (/home/mdstorms/sylessentialz-ecommerce/backend/v1/node_modules/readable-stream/lib/_stream_readable.js:279:12)
    at readableAddChunk (/home/mdstorms/sylessentialz-ecommerce/backend/v1/node_modules/readable-stream/lib/_stream_readable.js:262:11) 
2025-03-16T04:38:16.026Z ERROR: uncaughtException: write EPIPE
Error: write EPIPE
    at afterWriteDispatched (node:internal/stream_base_commons:159:15)
    at writeGeneric (node:internal/stream_base_commons:150:3)
    at Socket._writeGeneric (node:net:971:11)
    at Socket._write (node:net:983:8)
    at writeOrBuffer (node:internal/streams/writable:572:12)
    at _write (node:internal/streams/writable:501:10)
    at Writable.write (node:internal/streams/writable:510:10)
    at Console.log (/home/mdstorms/sylessentialz-ecommerce/backend/v1/node_modules/winston/lib/winston/transports/console.js:87:23)
    at Console._write (/home/mdstorms/sylessentialz-ecommerce/backend/v1/node_modules/winston-transport/modern.js:82:19)
    at doWrite (/home/mdstorms/sylessentialz-ecommerce/backend/v1/node_modules/readable-stream/lib/_stream_writable.js:390:139)
    at writeOrBuffer (/home/mdstorms/sylessentialz-ecommerce/backend/v1/node_modules/readable-stream/lib/_stream_writable.js:381:5)
    at Writable.write (/home/mdstorms/sylessentialz-ecommerce/backend/v1/node_modules/readable-stream/lib/_stream_writable.js:302:11)
    at DerivedLogger.ondata (/home/mdstorms/sylessentialz-ecommerce/backend/v1/node_modules/readable-stream/lib/_stream_readable.js:629:20)
    at DerivedLogger.emit (node:events:536:35)
    at addChunk (/home/mdstorms/sylessentialz-ecommerce/backend/v1/node_modules/readable-stream/lib/_stream_readable.js:279:12)
    at readableAddChunk (/home/mdstorms/sylessentialz-ecommerce/backend/v1/node_modules/readable-stream/lib/_stream_readable.js:262:11) 
2025-03-16T04:38:16.037Z ERROR: uncaughtException: write EPIPE
Error: write EPIPE
    at afterWriteDispatched (node:internal/stream_base_commons:159:15)
    at writeGeneric (node:internal/stream_base_commons:150:3)
    at Socket._writeGeneric (node:net:971:11)
    at Socket._write (node:net:983:8)
    at writeOrBuffer (node:internal/streams/writable:572:12)
    at _write (node:internal/streams/writable:501:10)
    at Writable.write (node:internal/streams/writable:510:10)
    at Console.log (/home/mdstorms/sylessentialz-ecommerce/backend/v1/node_modules/winston/lib/winston/transports/console.js:87:23)
    at Console._write (/home/mdstorms/sylessentialz-ecommerce/backend/v1/node_modules/winston-transport/modern.js:82:19)
    at doWrite (/home/mdstorms/sylessentialz-ecommerce/backend/v1/node_modules/readable-stream/lib/_stream_writable.js:390:139)
    at writeOrBuffer (/home/mdstorms/sylessentialz-ecommerce/backend/v1/node_modules/readable-stream/lib/_stream_writable.js:381:5)
    at Writable.write (/home/mdstorms/sylessentialz-ecommerce/backend/v1/node_modules/readable-stream/lib/_stream_writable.js:302:11)
    at DerivedLogger.ondata (/home/mdstorms/sylessentialz-ecommerce/backend/v1/node_modules/readable-stream/lib/_stream_readable.js:629:20)
    at DerivedLogger.emit (node:events:536:35)
    at addChunk (/home/mdstorms/sylessentialz-ecommerce/backend/v1/node_modules/readable-stream/lib/_stream_readable.js:279:12)
    at readableAddChunk (/home/mdstorms/sylessentialz-ecommerce/backend/v1/node_modules/readable-stream/lib/_stream_readable.js:262:11) 
2025-03-16T04:38:16.038Z ERROR: uncaughtException: write EPIPE
Error: write EPIPE
    at afterWriteDispatched (node:internal/stream_base_commons:159:15)
    at writeGeneric (node:internal/stream_base_commons:150:3)
    at Socket._writeGeneric (node:net:971:11)
    at Socket._write (node:net:983:8)
    at writeOrBuffer (node:internal/streams/writable:572:12)
    at _write (node:internal/streams/writable:501:10)
    at Writable.write (node:internal/streams/writable:510:10)
    at Console.log (/home/mdstorms/sylessentialz-ecommerce/backend/v1/node_modules/winston/lib/winston/transports/console.js:87:23)
    at Console._write (/home/mdstorms/sylessentialz-ecommerce/backend/v1/node_modules/winston-transport/modern.js:82:19)
    at doWrite (/home/mdstorms/sylessentialz-ecommerce/backend/v1/node_modules/readable-stream/lib/_stream_writable.js:390:139)
    at writeOrBuffer (/home/mdstorms/sylessentialz-ecommerce/backend/v1/node_modules/readable-stream/lib/_stream_writable.js:381:5)
    at Writable.write (/home/mdstorms/sylessentialz-ecommerce/backend/v1/node_modules/readable-stream/lib/_stream_writable.js:302:11)
    at DerivedLogger.ondata (/home/mdstorms/sylessentialz-ecommerce/backend/v1/node_modules/readable-stream/lib/_stream_readable.js:629:20)
    at DerivedLogger.emit (node:events:536:35)
    at addChunk (/home/mdstorms/sylessentialz-ecommerce/backend/v1/node_modules/readable-stream/lib/_stream_readable.js:279:12)
    at readableAddChunk (/home/mdstorms/sylessentialz-ecommerce/backend/v1/node_modules/readable-stream/lib/_stream_readable.js:262:11) 
2025-03-16T04:38:16.099Z ERROR: uncaughtException: write EPIPE
Error: write EPIPE
    at afterWriteDispatched (node:internal/stream_base_commons:159:15)
    at writeGeneric (node:internal/stream_base_commons:150:3)
    at Socket._writeGeneric (node:net:971:11)
    at Socket._write (node:net:983:8)
    at writeOrBuffer (node:internal/streams/writable:572:12)
    at _write (node:internal/streams/writable:501:10)
    at Writable.write (node:internal/streams/writable:510:10)
    at Console.log (/home/mdstorms/sylessentialz-ecommerce/backend/v1/node_modules/winston/lib/winston/transports/console.js:87:23)
    at Console._write (/home/mdstorms/sylessentialz-ecommerce/backend/v1/node_modules/winston-transport/modern.js:82:19)
    at doWrite (/home/mdstorms/sylessentialz-ecommerce/backend/v1/node_modules/readable-stream/lib/_stream_writable.js:390:139)
    at writeOrBuffer (/home/mdstorms/sylessentialz-ecommerce/backend/v1/node_modules/readable-stream/lib/_stream_writable.js:381:5)
    at Writable.write (/home/mdstorms/sylessentialz-ecommerce/backend/v1/node_modules/readable-stream/lib/_stream_writable.js:302:11)
    at DerivedLogger.ondata (/home/mdstorms/sylessentialz-ecommerce/backend/v1/node_modules/readable-stream/lib/_stream_readable.js:629:20)
    at DerivedLogger.emit (node:events:536:35)
    at Readable.read (/home/mdstorms/sylessentialz-ecommerce/backend/v1/node_modules/readable-stream/lib/_stream_readable.js:451:26)
    at flow (/home/mdstorms/sylessentialz-ecommerce/backend/v1/node_modules/readable-stream/lib/_stream_readable.js:858:34) 
2025-03-16T04:38:16.099Z ERROR: uncaughtException: write EPIPE
Error: write EPIPE
    at afterWriteDispatched (node:internal/stream_base_commons:159:15)
    at writeGeneric (node:internal/stream_base_commons:150:3)
    at Socket._writeGeneric (node:net:971:11)
    at Socket._write (node:net:983:8)
    at writeOrBuffer (node:internal/streams/writable:572:12)
    at _write (node:internal/streams/writable:501:10)
    at Writable.write (node:internal/streams/writable:510:10)
    at console.value (node:internal/console/constructor:291:16)
    at console.warn (node:internal/console/constructor:379:26)
    at writeOut (node:internal/process/warning:56:3)
    at process.onWarning (node:internal/process/warning:132:3)
    at process.emit (node:events:524:28)
    at doEmitWarning (node:internal/process/warning:85:11)
    at process.processTicksAndRejections (node:internal/process/task_queues:89:21) 
2025-03-16T04:38:16.102Z ERROR: uncaughtException: write EPIPE
Error: write EPIPE
    at afterWriteDispatched (node:internal/stream_base_commons:159:15)
    at writeGeneric (node:internal/stream_base_commons:150:3)
    at Socket._writeGeneric (node:net:971:11)
    at Socket._write (node:net:983:8)
    at writeOrBuffer (node:internal/streams/writable:572:12)
    at _write (node:internal/streams/writable:501:10)
    at Writable.write (node:internal/streams/writable:510:10)
    at Console.log (/home/mdstorms/sylessentialz-ecommerce/backend/v1/node_modules/winston/lib/winston/transports/console.js:87:23)
    at Console._write (/home/mdstorms/sylessentialz-ecommerce/backend/v1/node_modules/winston-transport/modern.js:82:19)
    at doWrite (/home/mdstorms/sylessentialz-ecommerce/backend/v1/node_modules/readable-stream/lib/_stream_writable.js:390:139)
    at writeOrBuffer (/home/mdstorms/sylessentialz-ecommerce/backend/v1/node_modules/readable-stream/lib/_stream_writable.js:381:5)
    at Writable.write (/home/mdstorms/sylessentialz-ecommerce/backend/v1/node_modules/readable-stream/lib/_stream_writable.js:302:11)
    at DerivedLogger.ondata (/home/mdstorms/sylessentialz-ecommerce/backend/v1/node_modules/readable-stream/lib/_stream_readable.js:629:20)
    at DerivedLogger.emit (node:events:536:35)
    at addChunk (/home/mdstorms/sylessentialz-ecommerce/backend/v1/node_modules/readable-stream/lib/_stream_readable.js:279:12)
    at readableAddChunk (/home/mdstorms/sylessentialz-ecommerce/backend/v1/node_modules/readable-stream/lib/_stream_readable.js:262:11) 
2025-03-16T04:38:16.103Z ERROR: uncaughtException: write EPIPE
Error: write EPIPE
    at afterWriteDispatched (node:internal/stream_base_commons:159:15)
    at writeGeneric (node:internal/stream_base_commons:150:3)
    at Socket._writeGeneric (node:net:971:11)
    at Socket._write (node:net:983:8)
    at writeOrBuffer (node:internal/streams/writable:572:12)
    at _write (node:internal/streams/writable:501:10)
    at Writable.write (node:internal/streams/writable:510:10)
    at Console.log (/home/mdstorms/sylessentialz-ecommerce/backend/v1/node_modules/winston/lib/winston/transports/console.js:87:23)
    at Console._write (/home/mdstorms/sylessentialz-ecommerce/backend/v1/node_modules/winston-transport/modern.js:82:19)
    at doWrite (/home/mdstorms/sylessentialz-ecommerce/backend/v1/node_modules/readable-stream/lib/_stream_writable.js:390:139)
    at writeOrBuffer (/home/mdstorms/sylessentialz-ecommerce/backend/v1/node_modules/readable-stream/lib/_stream_writable.js:381:5)
    at Writable.write (/home/mdstorms/sylessentialz-ecommerce/backend/v1/node_modules/readable-stream/lib/_stream_writable.js:302:11)
    at DerivedLogger.ondata (/home/mdstorms/sylessentialz-ecommerce/backend/v1/node_modules/readable-stream/lib/_stream_readable.js:629:20)
    at DerivedLogger.emit (node:events:536:35)
    at addChunk (/home/mdstorms/sylessentialz-ecommerce/backend/v1/node_modules/readable-stream/lib/_stream_readable.js:279:12)
    at readableAddChunk (/home/mdstorms/sylessentialz-ecommerce/backend/v1/node_modules/readable-stream/lib/_stream_readable.js:262:11) 
2025-03-16T04:38:16.104Z ERROR: uncaughtException: write EPIPE
Error: write EPIPE
    at afterWriteDispatched (node:internal/stream_base_commons:159:15)
    at writeGeneric (node:internal/stream_base_commons:150:3)
    at Socket._writeGeneric (node:net:971:11)
    at Socket._write (node:net:983:8)
    at writeOrBuffer (node:internal/streams/writable:572:12)
    at _write (node:internal/streams/writable:501:10)
    at Writable.write (node:internal/streams/writable:510:10)
    at Console.log (/home/mdstorms/sylessentialz-ecommerce/backend/v1/node_modules/winston/lib/winston/transports/console.js:87:23)
    at Console._write (/home/mdstorms/sylessentialz-ecommerce/backend/v1/node_modules/winston-transport/modern.js:82:19)
    at doWrite (/home/mdstorms/sylessentialz-ecommerce/backend/v1/node_modules/readable-stream/lib/_stream_writable.js:390:139)
    at writeOrBuffer (/home/mdstorms/sylessentialz-ecommerce/backend/v1/node_modules/readable-stream/lib/_stream_writable.js:381:5)
    at Writable.write (/home/mdstorms/sylessentialz-ecommerce/backend/v1/node_modules/readable-stream/lib/_stream_writable.js:302:11)
    at DerivedLogger.ondata (/home/mdstorms/sylessentialz-ecommerce/backend/v1/node_modules/readable-stream/lib/_stream_readable.js:629:20)
    at DerivedLogger.emit (node:events:536:35)
    at addChunk (/home/mdstorms/sylessentialz-ecommerce/backend/v1/node_modules/readable-stream/lib/_stream_readable.js:279:12)
    at readableAddChunk (/home/mdstorms/sylessentialz-ecommerce/backend/v1/node_modules/readable-stream/lib/_stream_readable.js:262:11) 
2025-03-16T04:38:16.104Z ERROR: uncaughtException: write EPIPE
Error: write EPIPE
    at afterWriteDispatched (node:internal/stream_base_commons:159:15)
    at writeGeneric (node:internal/stream_base_commons:150:3)
    at Socket._writeGeneric (node:net:971:11)
    at Socket._write (node:net:983:8)
    at writeOrBuffer (node:internal/streams/writable:572:12)
    at _write (node:internal/streams/writable:501:10)
    at Writable.write (node:internal/streams/writable:510:10)
    at Console.log (/home/mdstorms/sylessentialz-ecommerce/backend/v1/node_modules/winston/lib/winston/transports/console.js:87:23)
    at Console._write (/home/mdstorms/sylessentialz-ecommerce/backend/v1/node_modules/winston-transport/modern.js:82:19)
    at doWrite (/home/mdstorms/sylessentialz-ecommerce/backend/v1/node_modules/readable-stream/lib/_stream_writable.js:390:139)
    at writeOrBuffer (/home/mdstorms/sylessentialz-ecommerce/backend/v1/node_modules/readable-stream/lib/_stream_writable.js:381:5)
    at Writable.write (/home/mdstorms/sylessentialz-ecommerce/backend/v1/node_modules/readable-stream/lib/_stream_writable.js:302:11)
    at DerivedLogger.ondata (/home/mdstorms/sylessentialz-ecommerce/backend/v1/node_modules/readable-stream/lib/_stream_readable.js:629:20)
    at DerivedLogger.emit (node:events:536:35)
    at addChunk (/home/mdstorms/sylessentialz-ecommerce/backend/v1/node_modules/readable-stream/lib/_stream_readable.js:279:12)
    at readableAddChunk (/home/mdstorms/sylessentialz-ecommerce/backend/v1/node_modules/readable-stream/lib/_stream_readable.js:262:11) 
2025-03-16T04:38:16.105Z ERROR: uncaughtException: write EPIPE
Error: write EPIPE
    at afterWriteDispatched (node:internal/stream_base_commons:159:15)
    at writeGeneric (node:internal/stream_base_commons:150:3)
    at Socket._writeGeneric (node:net:971:11)
    at Socket._write (node:net:983:8)
    at writeOrBuffer (node:internal/streams/writable:572:12)
    at _write (node:internal/streams/writable:501:10)
    at Writable.write (node:internal/streams/writable:510:10)
    at Console.log (/home/mdstorms/sylessentialz-ecommerce/backend/v1/node_modules/winston/lib/winston/transports/console.js:87:23)
    at Console._write (/home/mdstorms/sylessentialz-ecommerce/backend/v1/node_modules/winston-transport/modern.js:82:19)
    at doWrite (/home/mdstorms/sylessentialz-ecommerce/backend/v1/node_modules/readable-stream/lib/_stream_writable.js:390:139)
    at writeOrBuffer (/home/mdstorms/sylessentialz-ecommerce/backend/v1/node_modules/readable-stream/lib/_stream_writable.js:381:5)
    at Writable.write (/home/mdstorms/sylessentialz-ecommerce/backend/v1/node_modules/readable-stream/lib/_stream_writable.js:302:11)
    at DerivedLogger.ondata (/home/mdstorms/sylessentialz-ecommerce/backend/v1/node_modules/readable-stream/lib/_stream_readable.js:629:20)
    at DerivedLogger.emit (node:events:536:35)
    at addChunk (/home/mdstorms/sylessentialz-ecommerce/backend/v1/node_modules/readable-stream/lib/_stream_readable.js:279:12)
    at readableAddChunk (/home/mdstorms/sylessentialz-ecommerce/backend/v1/node_modules/readable-stream/lib/_stream_readable.js:262:11) 
