2025-03-27 13:44:59 PM ERROR: POST /api/v1/products 500 20ms (Status: 500)
{
  "req": {
    "url": "/api/v1/products",
    "headers": {
      "content-type": "application/json",
      "user-agent": "PostmanRuntime/7.43.2",
      "accept": "*/*",
      "cache-control": "no-cache",
      "postman-token": "d61ecb39-72cf-415f-88d5-4360e22c794b",
      "host": "localhost:3000",
      "accept-encoding": "gzip, deflate, br",
      "connection": "keep-alive",
      "content-length": "105"
    },
    "method": "POST",
    "httpVersion": "1.1",
    "originalUrl": "/api/v1/products",
    "query": {}
  },
  "res": {
    "statusCode": 500
  },
  "responseTime": 20
}
2025-03-27 16:00:59 PM ERROR: POST /api/v1/orders 500 41ms (Status: 500)
{
  "req": {
    "url": "/api/v1/orders",
    "headers": {
      "content-type": "application/json",
      "user-agent": "PostmanRuntime/7.43.2",
      "accept": "*/*",
      "cache-control": "no-cache",
      "postman-token": "428bbdfd-c0fe-4aba-b1a7-b7bc054b81c7",
      "host": "localhost:3000",
      "accept-encoding": "gzip, deflate, br",
      "connection": "keep-alive",
      "content-length": "175"
    },
    "method": "POST",
    "httpVersion": "1.1",
    "originalUrl": "/api/v1/orders",
    "query": {}
  },
  "res": {
    "statusCode": 500
  },
  "responseTime": 41
}
2025-03-27 18:32:40 PM ERROR: GET /api/v1/orders/user 500 5ms (Status: 500)
{
  "req": {
    "url": "/api/v1/orders/user",
    "headers": {
      "content-type": "application/json",
      "user-agent": "PostmanRuntime/7.43.2",
      "accept": "*/*",
      "cache-control": "no-cache",
      "postman-token": "ecd97607-f8e2-4c92-99ee-1b591aff555a",
      "host": "localhost:3000",
      "accept-encoding": "gzip, deflate, br",
      "connection": "keep-alive",
      "content-length": "167"
    },
    "method": "GET",
    "httpVersion": "1.1",
    "originalUrl": "/api/v1/orders/user",
    "query": {}
  },
  "res": {
    "statusCode": 500
  },
  "responseTime": 5
}
2025-03-27 18:55:08 PM ERROR: GET /api/v1/orders/user 500 12ms (Status: 500)
{
  "req": {
    "url": "/api/v1/orders/user",
    "headers": {
      "content-type": "application/json",
      "user-agent": "PostmanRuntime/7.43.2",
      "accept": "*/*",
      "cache-control": "no-cache",
      "postman-token": "0611756b-3e60-45bd-b846-6d5168a9ea3d",
      "host": "localhost:3000",
      "accept-encoding": "gzip, deflate, br",
      "connection": "keep-alive",
      "content-length": "167"
    },
    "method": "GET",
    "httpVersion": "1.1",
    "originalUrl": "/api/v1/orders/user",
    "query": {}
  },
  "res": {
    "statusCode": 500
  },
  "responseTime": 12
}
2025-03-27 18:56:09 PM ERROR: GET /api/v1/orders/user 500 5ms (Status: 500)
{
  "req": {
    "url": "/api/v1/orders/user",
    "headers": {
      "content-type": "application/json",
      "user-agent": "PostmanRuntime/7.43.2",
      "accept": "*/*",
      "cache-control": "no-cache",
      "postman-token": "058b6a6f-0505-4b34-afbf-c909d987a805",
      "host": "localhost:3000",
      "accept-encoding": "gzip, deflate, br",
      "connection": "keep-alive",
      "content-length": "167"
    },
    "method": "GET",
    "httpVersion": "1.1",
    "originalUrl": "/api/v1/orders/user",
    "query": {}
  },
  "res": {
    "statusCode": 500
  },
  "responseTime": 5
}
2025-03-27 19:03:35 PM ERROR: GET /api/v1/orders/user 500 17ms (Status: 500)
{
  "req": {
    "url": "/api/v1/orders/user",
    "headers": {
      "content-type": "application/json",
      "user-agent": "PostmanRuntime/7.43.2",
      "accept": "*/*",
      "cache-control": "no-cache",
      "postman-token": "b8d9be33-9b84-404a-9c97-12e500425970",
      "host": "localhost:3000",
      "accept-encoding": "gzip, deflate, br",
      "connection": "keep-alive",
      "content-length": "167"
    },
    "method": "GET",
    "httpVersion": "1.1",
    "originalUrl": "/api/v1/orders/user",
    "query": {}
  },
  "res": {
    "statusCode": 500
  },
  "responseTime": 17
}
2025-03-27 19:03:37 PM ERROR: GET /api/v1/orders/user 500 3ms (Status: 500)
{
  "req": {
    "url": "/api/v1/orders/user",
    "headers": {
      "content-type": "application/json",
      "user-agent": "PostmanRuntime/7.43.2",
      "accept": "*/*",
      "cache-control": "no-cache",
      "postman-token": "b8834585-00ec-45a6-88d4-ddf4a66bb213",
      "host": "localhost:3000",
      "accept-encoding": "gzip, deflate, br",
      "connection": "keep-alive",
      "content-length": "167"
    },
    "method": "GET",
    "httpVersion": "1.1",
    "originalUrl": "/api/v1/orders/user",
    "query": {}
  },
  "res": {
    "statusCode": 500
  },
  "responseTime": 3
}
