2025-04-02 06:17:38 AM ERROR: uncaughtException: Cannot overwrite `Order` model once compiled.
OverwriteModelError: Cannot overwrite `Order` model once compiled.
    at Mongoose.model (/home/mdstorms/sylessentialz-ecommerce/backend/v1/node_modules/mongoose/lib/mongoose.js:606:13)
    at file:///home/mdstorms/sylessentialz-ecommerce/backend/v1/routes/_order.js:52:25
    at ModuleJob.run (node:internal/modules/esm/module_job:271:25)
    at async onImport.tracePromise.__proto__ (node:internal/modules/esm/loader:547:26)
    at async asyncRunEntryPointWithESMLoader (node:internal/modules/run_main:116:5) (Status: N/A)
2025-04-02 06:26:18 AM ERROR: uncaughtException: Cannot overwrite `Order` model once compiled.
OverwriteModelError: Cannot overwrite `Order` model once compiled.
    at Mongoose.model (/home/mdstorms/sylessentialz-ecommerce/backend/v1/node_modules/mongoose/lib/mongoose.js:606:13)
    at file:///home/mdstorms/sylessentialz-ecommerce/backend/v1/routes/_order.js:52:25
    at ModuleJob.run (node:internal/modules/esm/module_job:271:25)
    at async onImport.tracePromise.__proto__ (node:internal/modules/esm/loader:547:26)
    at async asyncRunEntryPointWithESMLoader (node:internal/modules/run_main:116:5) (Status: N/A)
2025-04-02 18:55:04 PM ERROR: POST /api/v1/products 500 84ms 
{
  "req": {
    "url": "/api/v1/products",
    "headers": {
      "content-type": "application/json",
      "user-agent": "PostmanRuntime/7.43.3",
      "accept": "*/*",
      "cache-control": "no-cache",
      "postman-token": "7ba81856-22a2-4324-a6b0-fefe64caa8b4",
      "host": "localhost:3000",
      "accept-encoding": "gzip, deflate, br",
      "connection": "keep-alive",
      "content-length": "287"
    },
    "method": "POST",
    "httpVersion": "1.1",
    "originalUrl": "/api/v1/products",
    "query": {}
  },
  "res": {
    "statusCode": 500
  },
  "responseTime": 84
}
2025-04-02 19:04:57 PM ERROR: uncaughtException: write EPIPE
Error: write EPIPE
    at afterWriteDispatched (node:internal/stream_base_commons:159:15)
    at writeGeneric (node:internal/stream_base_commons:150:3)
    at Socket._writeGeneric (node:net:971:11)
    at Socket._write (node:net:983:8)
    at writeOrBuffer (node:internal/streams/writable:572:12)
    at _write (node:internal/streams/writable:501:10)
    at Writable.write (node:internal/streams/writable:510:10)
    at console.value (node:internal/console/constructor:291:16)
    at console.log (node:internal/console/constructor:374:26)
    at checkElasticsearch (file:///home/mdstorms/sylessentialz-ecommerce/backend/v1/elasticsearch.js:15:17) 
