2025-04-02 06:17:38 AM ERROR: uncaughtException: Cannot overwrite `Order` model once compiled.
OverwriteModelError: Cannot overwrite `Order` model once compiled.
    at Mongoose.model (/home/mdstorms/sylessentialz-ecommerce/backend/v1/node_modules/mongoose/lib/mongoose.js:606:13)
    at file:///home/mdstorms/sylessentialz-ecommerce/backend/v1/routes/_order.js:52:25
    at ModuleJob.run (node:internal/modules/esm/module_job:271:25)
    at async onImport.tracePromise.__proto__ (node:internal/modules/esm/loader:547:26)
    at async asyncRunEntryPointWithESMLoader (node:internal/modules/run_main:116:5) (Status: N/A)
2025-04-02 06:26:18 AM ERROR: uncaughtException: Cannot overwrite `Order` model once compiled.
OverwriteModelError: Cannot overwrite `Order` model once compiled.
    at Mongoose.model (/home/mdstorms/sylessentialz-ecommerce/backend/v1/node_modules/mongoose/lib/mongoose.js:606:13)
    at file:///home/mdstorms/sylessentialz-ecommerce/backend/v1/routes/_order.js:52:25
    at ModuleJob.run (node:internal/modules/esm/module_job:271:25)
    at async onImport.tracePromise.__proto__ (node:internal/modules/esm/loader:547:26)
    at async asyncRunEntryPointWithESMLoader (node:internal/modules/run_main:116:5) (Status: N/A)
2025-04-02 19:04:57 PM ERROR: uncaughtException: write EPIPE
Error: write EPIPE
    at afterWriteDispatched (node:internal/stream_base_commons:159:15)
    at writeGeneric (node:internal/stream_base_commons:150:3)
    at Socket._writeGeneric (node:net:971:11)
    at Socket._write (node:net:983:8)
    at writeOrBuffer (node:internal/streams/writable:572:12)
    at _write (node:internal/streams/writable:501:10)
    at Writable.write (node:internal/streams/writable:510:10)
    at console.value (node:internal/console/constructor:291:16)
    at console.log (node:internal/console/constructor:374:26)
    at checkElasticsearch (file:///home/mdstorms/sylessentialz-ecommerce/backend/v1/elasticsearch.js:15:17) 
2025-04-03 22:24:08 PM ERROR: uncaughtException: write EPIPE
Error: write EPIPE
    at afterWriteDispatched (node:internal/stream_base_commons:159:15)
    at writeGeneric (node:internal/stream_base_commons:150:3)
    at Socket._writeGeneric (node:net:971:11)
    at Socket._write (node:net:983:8)
    at writeOrBuffer (node:internal/streams/writable:572:12)
    at _write (node:internal/streams/writable:501:10)
    at Writable.write (node:internal/streams/writable:510:10)
    at console.value (node:internal/console/constructor:291:16)
    at console.log (node:internal/console/constructor:374:26)
    at checkElasticsearch (file:///home/mdstorms/sylessentialz-ecommerce/backend/v1/elasticsearch.js:15:17) 
2025-10-08 16:33:00 PM ERROR: uncaughtException: Route.post() requires a callback function but got a [object Undefined]
Error: Route.post() requires a callback function but got a [object Undefined]
    at Route.<computed> [as post] (/home/mdstorms/sylessentialz-ecommerce/backend/v1/node_modules/express/lib/router/route.js:216:15)
    at proto.<computed> [as post] (/home/mdstorms/sylessentialz-ecommerce/backend/v1/node_modules/express/lib/router/index.js:521:19)
    at file:///home/mdstorms/sylessentialz-ecommerce/backend/v1/routes/_auth.js:84:8
    at ModuleJob.run (node:internal/modules/esm/module_job:195:25)
    at async ModuleLoader.import (node:internal/modules/esm/loader:336:24)
    at async loadESM (node:internal/process/esm_loader:34:7)
    at async handleMainPromise (node:internal/modules/run_main:106:12) 
2025-10-08 16:41:01 PM ERROR: uncaughtException: Route.post() requires a callback function but got a [object Undefined]
Error: Route.post() requires a callback function but got a [object Undefined]
    at Route.<computed> [as post] (/home/mdstorms/sylessentialz-ecommerce/backend/v1/node_modules/express/lib/router/route.js:216:15)
    at proto.<computed> [as post] (/home/mdstorms/sylessentialz-ecommerce/backend/v1/node_modules/express/lib/router/index.js:521:19)
    at file:///home/mdstorms/sylessentialz-ecommerce/backend/v1/routes/_auth.js:84:8
    at ModuleJob.run (node:internal/modules/esm/module_job:195:25)
    at async ModuleLoader.import (node:internal/modules/esm/loader:336:24)
    at async loadESM (node:internal/process/esm_loader:34:7)
    at async handleMainPromise (node:internal/modules/run_main:106:12) 
2025-10-08 16:55:15 PM ERROR: uncaughtException: Route.post() requires a callback function but got a [object Undefined]
Error: Route.post() requires a callback function but got a [object Undefined]
    at Route.<computed> [as post] (/home/mdstorms/sylessentialz-ecommerce/backend/v1/node_modules/express/lib/router/route.js:216:15)
    at proto.<computed> [as post] (/home/mdstorms/sylessentialz-ecommerce/backend/v1/node_modules/express/lib/router/index.js:521:19)
    at file:///home/mdstorms/sylessentialz-ecommerce/backend/v1/routes/_auth.js:140:8
    at ModuleJob.run (node:internal/modules/esm/module_job:195:25)
    at async ModuleLoader.import (node:internal/modules/esm/loader:336:24)
    at async loadESM (node:internal/process/esm_loader:34:7)
    at async handleMainPromise (node:internal/modules/run_main:106:12) 
2025-10-08 16:55:26 PM ERROR: uncaughtException: Route.post() requires a callback function but got a [object Undefined]
Error: Route.post() requires a callback function but got a [object Undefined]
    at Route.<computed> [as post] (/home/mdstorms/sylessentialz-ecommerce/backend/v1/node_modules/express/lib/router/route.js:216:15)
    at proto.<computed> [as post] (/home/mdstorms/sylessentialz-ecommerce/backend/v1/node_modules/express/lib/router/index.js:521:19)
    at file:///home/mdstorms/sylessentialz-ecommerce/backend/v1/routes/_auth.js:158:8
    at ModuleJob.run (node:internal/modules/esm/module_job:195:25)
    at async ModuleLoader.import (node:internal/modules/esm/loader:336:24)
    at async loadESM (node:internal/process/esm_loader:34:7)
    at async handleMainPromise (node:internal/modules/run_main:106:12) 
2025-10-08 16:55:34 PM ERROR: uncaughtException: Route.post() requires a callback function but got a [object Undefined]
Error: Route.post() requires a callback function but got a [object Undefined]
    at Route.<computed> [as post] (/home/mdstorms/sylessentialz-ecommerce/backend/v1/node_modules/express/lib/router/route.js:216:15)
    at proto.<computed> [as post] (/home/mdstorms/sylessentialz-ecommerce/backend/v1/node_modules/express/lib/router/index.js:521:19)
    at file:///home/mdstorms/sylessentialz-ecommerce/backend/v1/routes/_auth.js:185:8
    at ModuleJob.run (node:internal/modules/esm/module_job:195:25)
    at async ModuleLoader.import (node:internal/modules/esm/loader:336:24)
    at async loadESM (node:internal/process/esm_loader:34:7)
    at async handleMainPromise (node:internal/modules/run_main:106:12) 
2025-10-08 16:55:46 PM ERROR: uncaughtException: Route.post() requires a callback function but got a [object Undefined]
Error: Route.post() requires a callback function but got a [object Undefined]
    at Route.<computed> [as post] (/home/mdstorms/sylessentialz-ecommerce/backend/v1/node_modules/express/lib/router/route.js:216:15)
    at proto.<computed> [as post] (/home/mdstorms/sylessentialz-ecommerce/backend/v1/node_modules/express/lib/router/index.js:521:19)
    at file:///home/mdstorms/sylessentialz-ecommerce/backend/v1/routes/_auth.js:215:8
    at ModuleJob.run (node:internal/modules/esm/module_job:195:25)
    at async ModuleLoader.import (node:internal/modules/esm/loader:336:24)
    at async loadESM (node:internal/process/esm_loader:34:7)
    at async handleMainPromise (node:internal/modules/run_main:106:12) 
2025-10-08 16:55:51 PM ERROR: uncaughtException: Route.get() requires a callback function but got a [object Undefined]
Error: Route.get() requires a callback function but got a [object Undefined]
    at Route.<computed> [as get] (/home/mdstorms/sylessentialz-ecommerce/backend/v1/node_modules/express/lib/router/route.js:216:15)
    at proto.<computed> [as get] (/home/mdstorms/sylessentialz-ecommerce/backend/v1/node_modules/express/lib/router/index.js:521:19)
    at file:///home/mdstorms/sylessentialz-ecommerce/backend/v1/routes/_cart.js:57:8
    at ModuleJob.run (node:internal/modules/esm/module_job:195:25)
    at async ModuleLoader.import (node:internal/modules/esm/loader:336:24)
    at async loadESM (node:internal/process/esm_loader:34:7)
    at async handleMainPromise (node:internal/modules/run_main:106:12) 
2025-10-08 16:56:24 PM ERROR: uncaughtException: Route.get() requires a callback function but got a [object Undefined]
Error: Route.get() requires a callback function but got a [object Undefined]
    at Route.<computed> [as get] (/home/mdstorms/sylessentialz-ecommerce/backend/v1/node_modules/express/lib/router/route.js:216:15)
    at proto.<computed> [as get] (/home/mdstorms/sylessentialz-ecommerce/backend/v1/node_modules/express/lib/router/index.js:521:19)
    at file:///home/mdstorms/sylessentialz-ecommerce/backend/v1/routes/_cart.js:57:8
    at ModuleJob.run (node:internal/modules/esm/module_job:195:25)
    at async ModuleLoader.import (node:internal/modules/esm/loader:336:24)
    at async loadESM (node:internal/process/esm_loader:34:7)
    at async handleMainPromise (node:internal/modules/run_main:106:12) 
2025-10-08 16:56:28 PM ERROR: uncaughtException: Route.get() requires a callback function but got a [object Undefined]
Error: Route.get() requires a callback function but got a [object Undefined]
    at Route.<computed> [as get] (/home/mdstorms/sylessentialz-ecommerce/backend/v1/node_modules/express/lib/router/route.js:216:15)
    at proto.<computed> [as get] (/home/mdstorms/sylessentialz-ecommerce/backend/v1/node_modules/express/lib/router/index.js:521:19)
    at file:///home/mdstorms/sylessentialz-ecommerce/backend/v1/routes/_cart.js:89:8
    at ModuleJob.run (node:internal/modules/esm/module_job:195:25)
    at async ModuleLoader.import (node:internal/modules/esm/loader:336:24)
    at async loadESM (node:internal/process/esm_loader:34:7)
    at async handleMainPromise (node:internal/modules/run_main:106:12) 
2025-10-08 16:57:03 PM ERROR: uncaughtException: Route.get() requires a callback function but got a [object Undefined]
Error: Route.get() requires a callback function but got a [object Undefined]
    at Route.<computed> [as get] (/home/mdstorms/sylessentialz-ecommerce/backend/v1/node_modules/express/lib/router/route.js:216:15)
    at proto.<computed> [as get] (/home/mdstorms/sylessentialz-ecommerce/backend/v1/node_modules/express/lib/router/index.js:521:19)
    at file:///home/mdstorms/sylessentialz-ecommerce/backend/v1/routes/_cart.js:89:8
    at ModuleJob.run (node:internal/modules/esm/module_job:195:25)
    at async ModuleLoader.import (node:internal/modules/esm/loader:336:24)
    at async loadESM (node:internal/process/esm_loader:34:7)
    at async handleMainPromise (node:internal/modules/run_main:106:12) 
2025-10-08 16:57:07 PM ERROR: uncaughtException: Route.get() requires a callback function but got a [object Undefined]
Error: Route.get() requires a callback function but got a [object Undefined]
    at Route.<computed> [as get] (/home/mdstorms/sylessentialz-ecommerce/backend/v1/node_modules/express/lib/router/route.js:216:15)
    at proto.<computed> [as get] (/home/mdstorms/sylessentialz-ecommerce/backend/v1/node_modules/express/lib/router/index.js:521:19)
    at file:///home/mdstorms/sylessentialz-ecommerce/backend/v1/routes/_cart.js:119:8
    at ModuleJob.run (node:internal/modules/esm/module_job:195:25)
    at async ModuleLoader.import (node:internal/modules/esm/loader:336:24)
    at async loadESM (node:internal/process/esm_loader:34:7)
    at async handleMainPromise (node:internal/modules/run_main:106:12) 
2025-10-08 16:57:33 PM ERROR: uncaughtException: Route.get() requires a callback function but got a [object Undefined]
Error: Route.get() requires a callback function but got a [object Undefined]
    at Route.<computed> [as get] (/home/mdstorms/sylessentialz-ecommerce/backend/v1/node_modules/express/lib/router/route.js:216:15)
    at proto.<computed> [as get] (/home/mdstorms/sylessentialz-ecommerce/backend/v1/node_modules/express/lib/router/index.js:521:19)
    at file:///home/mdstorms/sylessentialz-ecommerce/backend/v1/routes/_cart.js:119:8
    at ModuleJob.run (node:internal/modules/esm/module_job:195:25)
    at async ModuleLoader.import (node:internal/modules/esm/loader:336:24)
    at async loadESM (node:internal/process/esm_loader:34:7)
    at async handleMainPromise (node:internal/modules/run_main:106:12) 
2025-10-08 16:57:38 PM ERROR: uncaughtException: Route.post() requires a callback function but got a [object Undefined]
Error: Route.post() requires a callback function but got a [object Undefined]
    at Route.<computed> [as post] (/home/mdstorms/sylessentialz-ecommerce/backend/v1/node_modules/express/lib/router/route.js:216:15)
    at proto.<computed> [as post] (/home/mdstorms/sylessentialz-ecommerce/backend/v1/node_modules/express/lib/router/index.js:521:19)
    at file:///home/mdstorms/sylessentialz-ecommerce/backend/v1/routes/_cart.js:159:8
    at ModuleJob.run (node:internal/modules/esm/module_job:195:25)
    at async ModuleLoader.import (node:internal/modules/esm/loader:336:24)
    at async loadESM (node:internal/process/esm_loader:34:7)
    at async handleMainPromise (node:internal/modules/run_main:106:12) 
2025-10-08 16:57:51 PM ERROR: uncaughtException: Route.post() requires a callback function but got a [object Undefined]
Error: Route.post() requires a callback function but got a [object Undefined]
    at Route.<computed> [as post] (/home/mdstorms/sylessentialz-ecommerce/backend/v1/node_modules/express/lib/router/route.js:216:15)
    at proto.<computed> [as post] (/home/mdstorms/sylessentialz-ecommerce/backend/v1/node_modules/express/lib/router/index.js:521:19)
    at file:///home/mdstorms/sylessentialz-ecommerce/backend/v1/routes/_cart.js:159:8
    at ModuleJob.run (node:internal/modules/esm/module_job:195:25)
    at async ModuleLoader.import (node:internal/modules/esm/loader:336:24)
    at async loadESM (node:internal/process/esm_loader:34:7)
    at async handleMainPromise (node:internal/modules/run_main:106:12) 
2025-10-08 16:57:55 PM ERROR: uncaughtException: Route.put() requires a callback function but got a [object Undefined]
Error: Route.put() requires a callback function but got a [object Undefined]
    at Route.<computed> [as put] (/home/mdstorms/sylessentialz-ecommerce/backend/v1/node_modules/express/lib/router/route.js:216:15)
    at proto.<computed> [as put] (/home/mdstorms/sylessentialz-ecommerce/backend/v1/node_modules/express/lib/router/index.js:521:19)
    at file:///home/mdstorms/sylessentialz-ecommerce/backend/v1/routes/_cart.js:209:8
    at ModuleJob.run (node:internal/modules/esm/module_job:195:25)
    at async ModuleLoader.import (node:internal/modules/esm/loader:336:24)
    at async loadESM (node:internal/process/esm_loader:34:7)
    at async handleMainPromise (node:internal/modules/run_main:106:12) 
2025-10-08 16:58:03 PM ERROR: uncaughtException: Route.put() requires a callback function but got a [object Undefined]
Error: Route.put() requires a callback function but got a [object Undefined]
    at Route.<computed> [as put] (/home/mdstorms/sylessentialz-ecommerce/backend/v1/node_modules/express/lib/router/route.js:216:15)
    at proto.<computed> [as put] (/home/mdstorms/sylessentialz-ecommerce/backend/v1/node_modules/express/lib/router/index.js:521:19)
    at file:///home/mdstorms/sylessentialz-ecommerce/backend/v1/routes/_cart.js:209:8
    at ModuleJob.run (node:internal/modules/esm/module_job:195:25)
    at async ModuleLoader.import (node:internal/modules/esm/loader:336:24)
    at async loadESM (node:internal/process/esm_loader:34:7)
    at async handleMainPromise (node:internal/modules/run_main:106:12) 
2025-10-08 16:58:06 PM ERROR: uncaughtException: Route.post() requires a callback function but got a [object Undefined]
Error: Route.post() requires a callback function but got a [object Undefined]
    at Route.<computed> [as post] (/home/mdstorms/sylessentialz-ecommerce/backend/v1/node_modules/express/lib/router/route.js:216:15)
    at proto.<computed> [as post] (/home/mdstorms/sylessentialz-ecommerce/backend/v1/node_modules/express/lib/router/index.js:521:19)
    at file:///home/mdstorms/sylessentialz-ecommerce/backend/v1/routes/_cart.js:247:8
    at ModuleJob.run (node:internal/modules/esm/module_job:195:25)
    at async ModuleLoader.import (node:internal/modules/esm/loader:336:24)
    at async loadESM (node:internal/process/esm_loader:34:7)
    at async handleMainPromise (node:internal/modules/run_main:106:12) 
2025-10-08 16:58:13 PM ERROR: uncaughtException: Route.post() requires a callback function but got a [object Undefined]
Error: Route.post() requires a callback function but got a [object Undefined]
    at Route.<computed> [as post] (/home/mdstorms/sylessentialz-ecommerce/backend/v1/node_modules/express/lib/router/route.js:216:15)
    at proto.<computed> [as post] (/home/mdstorms/sylessentialz-ecommerce/backend/v1/node_modules/express/lib/router/index.js:521:19)
    at file:///home/mdstorms/sylessentialz-ecommerce/backend/v1/routes/_cart.js:247:8
    at ModuleJob.run (node:internal/modules/esm/module_job:195:25)
    at async ModuleLoader.import (node:internal/modules/esm/loader:336:24)
    at async loadESM (node:internal/process/esm_loader:34:7)
    at async handleMainPromise (node:internal/modules/run_main:106:12) 
2025-10-08 16:58:18 PM ERROR: uncaughtException: Route.post() requires a callback function but got a [object Undefined]
Error: Route.post() requires a callback function but got a [object Undefined]
    at Route.<computed> [as post] (/home/mdstorms/sylessentialz-ecommerce/backend/v1/node_modules/express/lib/router/route.js:216:15)
    at proto.<computed> [as post] (/home/mdstorms/sylessentialz-ecommerce/backend/v1/node_modules/express/lib/router/index.js:521:19)
    at file:///home/mdstorms/sylessentialz-ecommerce/backend/v1/routes/_cart.js:284:8
    at ModuleJob.run (node:internal/modules/esm/module_job:195:25)
    at async ModuleLoader.import (node:internal/modules/esm/loader:336:24)
    at async loadESM (node:internal/process/esm_loader:34:7)
    at async handleMainPromise (node:internal/modules/run_main:106:12) 
2025-10-08 16:58:40 PM ERROR: uncaughtException: Route.post() requires a callback function but got a [object Undefined]
Error: Route.post() requires a callback function but got a [object Undefined]
    at Route.<computed> [as post] (/home/mdstorms/sylessentialz-ecommerce/backend/v1/node_modules/express/lib/router/route.js:216:15)
    at proto.<computed> [as post] (/home/mdstorms/sylessentialz-ecommerce/backend/v1/node_modules/express/lib/router/index.js:521:19)
    at file:///home/mdstorms/sylessentialz-ecommerce/backend/v1/routes/_cart.js:284:8
    at ModuleJob.run (node:internal/modules/esm/module_job:195:25)
    at async ModuleLoader.import (node:internal/modules/esm/loader:336:24)
    at async loadESM (node:internal/process/esm_loader:34:7)
    at async handleMainPromise (node:internal/modules/run_main:106:12) 
2025-10-08 16:58:45 PM ERROR: uncaughtException: Route.post() requires a callback function but got a [object Undefined]
Error: Route.post() requires a callback function but got a [object Undefined]
    at Route.<computed> [as post] (/home/mdstorms/sylessentialz-ecommerce/backend/v1/node_modules/express/lib/router/route.js:216:15)
    at proto.<computed> [as post] (/home/mdstorms/sylessentialz-ecommerce/backend/v1/node_modules/express/lib/router/index.js:521:19)
    at file:///home/mdstorms/sylessentialz-ecommerce/backend/v1/routes/_cart.js:318:8
    at ModuleJob.run (node:internal/modules/esm/module_job:195:25)
    at async ModuleLoader.import (node:internal/modules/esm/loader:336:24)
    at async loadESM (node:internal/process/esm_loader:34:7)
    at async handleMainPromise (node:internal/modules/run_main:106:12) 
2025-10-08 16:58:54 PM ERROR: uncaughtException: Route.get() requires a callback function but got a [object Undefined]
Error: Route.get() requires a callback function but got a [object Undefined]
    at Route.<computed> [as get] (/home/mdstorms/sylessentialz-ecommerce/backend/v1/node_modules/express/lib/router/route.js:216:15)
    at proto.<computed> [as get] (/home/mdstorms/sylessentialz-ecommerce/backend/v1/node_modules/express/lib/router/index.js:521:19)
    at file:///home/mdstorms/sylessentialz-ecommerce/backend/v1/routes/_user.js:43:8
    at ModuleJob.run (node:internal/modules/esm/module_job:195:25)
    at async ModuleLoader.import (node:internal/modules/esm/loader:336:24)
    at async loadESM (node:internal/process/esm_loader:34:7)
    at async handleMainPromise (node:internal/modules/run_main:106:12) 
2025-10-08 16:59:24 PM ERROR: uncaughtException: Route.get() requires a callback function but got a [object Undefined]
Error: Route.get() requires a callback function but got a [object Undefined]
    at Route.<computed> [as get] (/home/mdstorms/sylessentialz-ecommerce/backend/v1/node_modules/express/lib/router/route.js:216:15)
    at proto.<computed> [as get] (/home/mdstorms/sylessentialz-ecommerce/backend/v1/node_modules/express/lib/router/index.js:521:19)
    at file:///home/mdstorms/sylessentialz-ecommerce/backend/v1/routes/_user.js:43:8
    at ModuleJob.run (node:internal/modules/esm/module_job:195:25)
    at async ModuleLoader.import (node:internal/modules/esm/loader:336:24)
    at async loadESM (node:internal/process/esm_loader:34:7)
    at async handleMainPromise (node:internal/modules/run_main:106:12) 
2025-10-08 16:59:53 PM ERROR: uncaughtException: Route.get() requires a callback function but got a [object Undefined]
Error: Route.get() requires a callback function but got a [object Undefined]
    at Route.<computed> [as get] (/home/mdstorms/sylessentialz-ecommerce/backend/v1/node_modules/express/lib/router/route.js:216:15)
    at proto.<computed> [as get] (/home/mdstorms/sylessentialz-ecommerce/backend/v1/node_modules/express/lib/router/index.js:521:19)
    at file:///home/mdstorms/sylessentialz-ecommerce/backend/v1/routes/_user.js:43:8
    at ModuleJob.run (node:internal/modules/esm/module_job:195:25)
    at async ModuleLoader.import (node:internal/modules/esm/loader:336:24)
    at async loadESM (node:internal/process/esm_loader:34:7)
    at async handleMainPromise (node:internal/modules/run_main:106:12) 
2025-10-08 17:00:02 PM ERROR: uncaughtException: Route.get() requires a callback function but got a [object Undefined]
Error: Route.get() requires a callback function but got a [object Undefined]
    at Route.<computed> [as get] (/home/mdstorms/sylessentialz-ecommerce/backend/v1/node_modules/express/lib/router/route.js:216:15)
    at proto.<computed> [as get] (/home/mdstorms/sylessentialz-ecommerce/backend/v1/node_modules/express/lib/router/index.js:521:19)
    at file:///home/mdstorms/sylessentialz-ecommerce/backend/v1/routes/_user.js:43:8
    at ModuleJob.run (node:internal/modules/esm/module_job:195:25)
    at async ModuleLoader.import (node:internal/modules/esm/loader:336:24)
    at async loadESM (node:internal/process/esm_loader:34:7)
    at async handleMainPromise (node:internal/modules/run_main:106:12) 
2025-10-08 17:00:07 PM ERROR: uncaughtException: Route.get() requires a callback function but got a [object Undefined]
Error: Route.get() requires a callback function but got a [object Undefined]
    at Route.<computed> [as get] (/home/mdstorms/sylessentialz-ecommerce/backend/v1/node_modules/express/lib/router/route.js:216:15)
    at proto.<computed> [as get] (/home/mdstorms/sylessentialz-ecommerce/backend/v1/node_modules/express/lib/router/index.js:521:19)
    at file:///home/mdstorms/sylessentialz-ecommerce/backend/v1/routes/_user.js:43:8
    at ModuleJob.run (node:internal/modules/esm/module_job:195:25)
    at async ModuleLoader.import (node:internal/modules/esm/loader:336:24)
    at async loadESM (node:internal/process/esm_loader:34:7)
    at async handleMainPromise (node:internal/modules/run_main:106:12) 
2025-10-08 17:00:13 PM ERROR: uncaughtException: Route.get() requires a callback function but got a [object Undefined]
Error: Route.get() requires a callback function but got a [object Undefined]
    at Route.<computed> [as get] (/home/mdstorms/sylessentialz-ecommerce/backend/v1/node_modules/express/lib/router/route.js:216:15)
    at proto.<computed> [as get] (/home/mdstorms/sylessentialz-ecommerce/backend/v1/node_modules/express/lib/router/index.js:521:19)
    at file:///home/mdstorms/sylessentialz-ecommerce/backend/v1/routes/_user.js:43:8
    at ModuleJob.run (node:internal/modules/esm/module_job:195:25)
    at async ModuleLoader.import (node:internal/modules/esm/loader:336:24)
    at async loadESM (node:internal/process/esm_loader:34:7)
    at async handleMainPromise (node:internal/modules/run_main:106:12) 
2025-10-08 17:00:19 PM ERROR: uncaughtException: Route.get() requires a callback function but got a [object Undefined]
Error: Route.get() requires a callback function but got a [object Undefined]
    at Route.<computed> [as get] (/home/mdstorms/sylessentialz-ecommerce/backend/v1/node_modules/express/lib/router/route.js:216:15)
    at proto.<computed> [as get] (/home/mdstorms/sylessentialz-ecommerce/backend/v1/node_modules/express/lib/router/index.js:521:19)
    at file:///home/mdstorms/sylessentialz-ecommerce/backend/v1/routes/_user.js:43:8
    at ModuleJob.run (node:internal/modules/esm/module_job:195:25)
    at async ModuleLoader.import (node:internal/modules/esm/loader:336:24)
    at async loadESM (node:internal/process/esm_loader:34:7)
    at async handleMainPromise (node:internal/modules/run_main:106:12) 
2025-10-08 17:00:26 PM ERROR: uncaughtException: Route.get() requires a callback function but got a [object Undefined]
Error: Route.get() requires a callback function but got a [object Undefined]
    at Route.<computed> [as get] (/home/mdstorms/sylessentialz-ecommerce/backend/v1/node_modules/express/lib/router/route.js:216:15)
    at proto.<computed> [as get] (/home/mdstorms/sylessentialz-ecommerce/backend/v1/node_modules/express/lib/router/index.js:521:19)
    at file:///home/mdstorms/sylessentialz-ecommerce/backend/v1/routes/_user.js:43:8
    at ModuleJob.run (node:internal/modules/esm/module_job:195:25)
    at async ModuleLoader.import (node:internal/modules/esm/loader:336:24)
    at async loadESM (node:internal/process/esm_loader:34:7)
    at async handleMainPromise (node:internal/modules/run_main:106:12) 
2025-10-08 17:00:31 PM ERROR: uncaughtException: Route.get() requires a callback function but got a [object Undefined]
Error: Route.get() requires a callback function but got a [object Undefined]
    at Route.<computed> [as get] (/home/mdstorms/sylessentialz-ecommerce/backend/v1/node_modules/express/lib/router/route.js:216:15)
    at proto.<computed> [as get] (/home/mdstorms/sylessentialz-ecommerce/backend/v1/node_modules/express/lib/router/index.js:521:19)
    at file:///home/mdstorms/sylessentialz-ecommerce/backend/v1/routes/_user.js:43:8
    at ModuleJob.run (node:internal/modules/esm/module_job:195:25)
    at async ModuleLoader.import (node:internal/modules/esm/loader:336:24)
    at async loadESM (node:internal/process/esm_loader:34:7)
    at async handleMainPromise (node:internal/modules/run_main:106:12) 
2025-10-08 17:00:44 PM ERROR: uncaughtException: Route.get() requires a callback function but got a [object Undefined]
Error: Route.get() requires a callback function but got a [object Undefined]
    at Route.<computed> [as get] (/home/mdstorms/sylessentialz-ecommerce/backend/v1/node_modules/express/lib/router/route.js:216:15)
    at proto.<computed> [as get] (/home/mdstorms/sylessentialz-ecommerce/backend/v1/node_modules/express/lib/router/index.js:521:19)
    at file:///home/mdstorms/sylessentialz-ecommerce/backend/v1/routes/_user.js:43:8
    at ModuleJob.run (node:internal/modules/esm/module_job:195:25)
    at async ModuleLoader.import (node:internal/modules/esm/loader:336:24)
    at async loadESM (node:internal/process/esm_loader:34:7)
    at async handleMainPromise (node:internal/modules/run_main:106:12) 
2025-10-08 17:00:51 PM ERROR: uncaughtException: Route.get() requires a callback function but got a [object Undefined]
Error: Route.get() requires a callback function but got a [object Undefined]
    at Route.<computed> [as get] (/home/mdstorms/sylessentialz-ecommerce/backend/v1/node_modules/express/lib/router/route.js:216:15)
    at proto.<computed> [as get] (/home/mdstorms/sylessentialz-ecommerce/backend/v1/node_modules/express/lib/router/index.js:521:19)
    at file:///home/mdstorms/sylessentialz-ecommerce/backend/v1/routes/_user.js:43:8
    at ModuleJob.run (node:internal/modules/esm/module_job:195:25)
    at async ModuleLoader.import (node:internal/modules/esm/loader:336:24)
    at async loadESM (node:internal/process/esm_loader:34:7)
    at async handleMainPromise (node:internal/modules/run_main:106:12) 
2025-10-08 17:00:55 PM ERROR: uncaughtException: Route.get() requires a callback function but got a [object Undefined]
Error: Route.get() requires a callback function but got a [object Undefined]
    at Route.<computed> [as get] (/home/mdstorms/sylessentialz-ecommerce/backend/v1/node_modules/express/lib/router/route.js:216:15)
    at proto.<computed> [as get] (/home/mdstorms/sylessentialz-ecommerce/backend/v1/node_modules/express/lib/router/index.js:521:19)
    at file:///home/mdstorms/sylessentialz-ecommerce/backend/v1/routes/_user.js:43:8
    at ModuleJob.run (node:internal/modules/esm/module_job:195:25)
    at async ModuleLoader.import (node:internal/modules/esm/loader:336:24)
    at async loadESM (node:internal/process/esm_loader:34:7)
    at async handleMainPromise (node:internal/modules/run_main:106:12) 
2025-10-08 17:02:25 PM ERROR: uncaughtException: Route.get() requires a callback function but got a [object Undefined]
Error: Route.get() requires a callback function but got a [object Undefined]
    at Route.<computed> [as get] (/home/mdstorms/sylessentialz-ecommerce/backend/v1/node_modules/express/lib/router/route.js:216:15)
    at proto.<computed> [as get] (/home/mdstorms/sylessentialz-ecommerce/backend/v1/node_modules/express/lib/router/index.js:521:19)
    at file:///home/mdstorms/sylessentialz-ecommerce/backend/v1/routes/_user.js:71:8
    at ModuleJob.run (node:internal/modules/esm/module_job:195:25)
    at async ModuleLoader.import (node:internal/modules/esm/loader:336:24)
    at async loadESM (node:internal/process/esm_loader:34:7)
    at async handleMainPromise (node:internal/modules/run_main:106:12) 
2025-10-08 17:02:31 PM ERROR: uncaughtException: Route.get() requires a callback function but got a [object Undefined]
Error: Route.get() requires a callback function but got a [object Undefined]
    at Route.<computed> [as get] (/home/mdstorms/sylessentialz-ecommerce/backend/v1/node_modules/express/lib/router/route.js:216:15)
    at proto.<computed> [as get] (/home/mdstorms/sylessentialz-ecommerce/backend/v1/node_modules/express/lib/router/index.js:521:19)
    at file:///home/mdstorms/sylessentialz-ecommerce/backend/v1/routes/_user.js:90:8
    at ModuleJob.run (node:internal/modules/esm/module_job:195:25)
    at async ModuleLoader.import (node:internal/modules/esm/loader:336:24)
    at async loadESM (node:internal/process/esm_loader:34:7)
    at async handleMainPromise (node:internal/modules/run_main:106:12) 
2025-10-08 17:02:37 PM ERROR: uncaughtException: Route.put() requires a callback function but got a [object Undefined]
Error: Route.put() requires a callback function but got a [object Undefined]
    at Route.<computed> [as put] (/home/mdstorms/sylessentialz-ecommerce/backend/v1/node_modules/express/lib/router/route.js:216:15)
    at proto.<computed> [as put] (/home/mdstorms/sylessentialz-ecommerce/backend/v1/node_modules/express/lib/router/index.js:521:19)
    at file:///home/mdstorms/sylessentialz-ecommerce/backend/v1/routes/_user.js:120:8
    at ModuleJob.run (node:internal/modules/esm/module_job:195:25)
    at async ModuleLoader.import (node:internal/modules/esm/loader:336:24)
    at async loadESM (node:internal/process/esm_loader:34:7)
    at async handleMainPromise (node:internal/modules/run_main:106:12) 
2025-10-08 17:02:43 PM ERROR: uncaughtException: Route.put() requires a callback function but got a [object Undefined]
Error: Route.put() requires a callback function but got a [object Undefined]
    at Route.<computed> [as put] (/home/mdstorms/sylessentialz-ecommerce/backend/v1/node_modules/express/lib/router/route.js:216:15)
    at proto.<computed> [as put] (/home/mdstorms/sylessentialz-ecommerce/backend/v1/node_modules/express/lib/router/index.js:521:19)
    at file:///home/mdstorms/sylessentialz-ecommerce/backend/v1/routes/_user.js:120:8
    at ModuleJob.run (node:internal/modules/esm/module_job:195:25)
    at async ModuleLoader.import (node:internal/modules/esm/loader:336:24)
    at async loadESM (node:internal/process/esm_loader:34:7)
    at async handleMainPromise (node:internal/modules/run_main:106:12) 
2025-10-08 17:02:49 PM ERROR: uncaughtException: Route.delete() requires a callback function but got a [object Undefined]
Error: Route.delete() requires a callback function but got a [object Undefined]
    at Route.<computed> [as delete] (/home/mdstorms/sylessentialz-ecommerce/backend/v1/node_modules/express/lib/router/route.js:216:15)
    at proto.<computed> [as delete] (/home/mdstorms/sylessentialz-ecommerce/backend/v1/node_modules/express/lib/router/index.js:521:19)
    at file:///home/mdstorms/sylessentialz-ecommerce/backend/v1/routes/_user.js:148:14
    at ModuleJob.run (node:internal/modules/esm/module_job:195:25)
    at async ModuleLoader.import (node:internal/modules/esm/loader:336:24)
    at async loadESM (node:internal/process/esm_loader:34:7)
    at async handleMainPromise (node:internal/modules/run_main:106:12) 
2025-10-08 17:02:57 PM ERROR: uncaughtException: Route.get() requires a callback function but got a [object Undefined]
Error: Route.get() requires a callback function but got a [object Undefined]
    at Route.<computed> [as get] (/home/mdstorms/sylessentialz-ecommerce/backend/v1/node_modules/express/lib/router/route.js:216:15)
    at proto.<computed> [as get] (/home/mdstorms/sylessentialz-ecommerce/backend/v1/node_modules/express/lib/router/index.js:521:19)
    at file:///home/mdstorms/sylessentialz-ecommerce/backend/v1/routes/_product.js:92:8
    at ModuleJob.run (node:internal/modules/esm/module_job:195:25)
    at async ModuleLoader.import (node:internal/modules/esm/loader:336:24)
    at async loadESM (node:internal/process/esm_loader:34:7)
    at async handleMainPromise (node:internal/modules/run_main:106:12) 
2025-10-08 17:03:29 PM ERROR: uncaughtException: Route.get() requires a callback function but got a [object Undefined]
Error: Route.get() requires a callback function but got a [object Undefined]
    at Route.<computed> [as get] (/home/mdstorms/sylessentialz-ecommerce/backend/v1/node_modules/express/lib/router/route.js:216:15)
    at proto.<computed> [as get] (/home/mdstorms/sylessentialz-ecommerce/backend/v1/node_modules/express/lib/router/index.js:521:19)
    at file:///home/mdstorms/sylessentialz-ecommerce/backend/v1/routes/_product.js:145:8
    at ModuleJob.run (node:internal/modules/esm/module_job:195:25)
    at async ModuleLoader.import (node:internal/modules/esm/loader:336:24)
    at async loadESM (node:internal/process/esm_loader:34:7)
    at async handleMainPromise (node:internal/modules/run_main:106:12) 
2025-10-08 17:04:40 PM ERROR: uncaughtException: Route.get() requires a callback function but got a [object Undefined]
Error: Route.get() requires a callback function but got a [object Undefined]
    at Route.<computed> [as get] (/home/mdstorms/sylessentialz-ecommerce/backend/v1/node_modules/express/lib/router/route.js:216:15)
    at proto.<computed> [as get] (/home/mdstorms/sylessentialz-ecommerce/backend/v1/node_modules/express/lib/router/index.js:521:19)
    at file:///home/mdstorms/sylessentialz-ecommerce/backend/v1/routes/_product.js:131:8
    at ModuleJob.run (node:internal/modules/esm/module_job:195:25)
    at async ModuleLoader.import (node:internal/modules/esm/loader:336:24)
    at async loadESM (node:internal/process/esm_loader:34:7)
    at async handleMainPromise (node:internal/modules/run_main:106:12) 
2025-10-08 17:04:43 PM ERROR: uncaughtException: Route.get() requires a callback function but got a [object Undefined]
Error: Route.get() requires a callback function but got a [object Undefined]
    at Route.<computed> [as get] (/home/mdstorms/sylessentialz-ecommerce/backend/v1/node_modules/express/lib/router/route.js:216:15)
    at proto.<computed> [as get] (/home/mdstorms/sylessentialz-ecommerce/backend/v1/node_modules/express/lib/router/index.js:521:19)
    at file:///home/mdstorms/sylessentialz-ecommerce/backend/v1/routes/_product.js:130:8
    at ModuleJob.run (node:internal/modules/esm/module_job:195:25)
    at async ModuleLoader.import (node:internal/modules/esm/loader:336:24)
    at async loadESM (node:internal/process/esm_loader:34:7)
    at async handleMainPromise (node:internal/modules/run_main:106:12) 
2025-10-08 17:04:51 PM ERROR: uncaughtException: Route.post() requires a callback function but got a [object Undefined]
Error: Route.post() requires a callback function but got a [object Undefined]
    at Route.<computed> [as post] (/home/mdstorms/sylessentialz-ecommerce/backend/v1/node_modules/express/lib/router/route.js:216:15)
    at proto.<computed> [as post] (/home/mdstorms/sylessentialz-ecommerce/backend/v1/node_modules/express/lib/router/index.js:521:19)
    at file:///home/mdstorms/sylessentialz-ecommerce/backend/v1/routes/_product.js:186:8
    at ModuleJob.run (node:internal/modules/esm/module_job:195:25)
    at async ModuleLoader.import (node:internal/modules/esm/loader:336:24)
    at async loadESM (node:internal/process/esm_loader:34:7)
    at async handleMainPromise (node:internal/modules/run_main:106:12) 
2025-10-08 17:05:05 PM ERROR: uncaughtException: Route.post() requires a callback function but got a [object Undefined]
Error: Route.post() requires a callback function but got a [object Undefined]
    at Route.<computed> [as post] (/home/mdstorms/sylessentialz-ecommerce/backend/v1/node_modules/express/lib/router/route.js:216:15)
    at proto.<computed> [as post] (/home/mdstorms/sylessentialz-ecommerce/backend/v1/node_modules/express/lib/router/index.js:521:19)
    at file:///home/mdstorms/sylessentialz-ecommerce/backend/v1/routes/_product.js:186:8
    at ModuleJob.run (node:internal/modules/esm/module_job:195:25)
    at async ModuleLoader.import (node:internal/modules/esm/loader:336:24)
    at async loadESM (node:internal/process/esm_loader:34:7)
    at async handleMainPromise (node:internal/modules/run_main:106:12) 
2025-10-08 17:05:10 PM ERROR: uncaughtException: Route.put() requires a callback function but got a [object Undefined]
Error: Route.put() requires a callback function but got a [object Undefined]
    at Route.<computed> [as put] (/home/mdstorms/sylessentialz-ecommerce/backend/v1/node_modules/express/lib/router/route.js:216:15)
    at proto.<computed> [as put] (/home/mdstorms/sylessentialz-ecommerce/backend/v1/node_modules/express/lib/router/index.js:521:19)
    at file:///home/mdstorms/sylessentialz-ecommerce/backend/v1/routes/_product.js:249:8
    at ModuleJob.run (node:internal/modules/esm/module_job:195:25)
    at async ModuleLoader.import (node:internal/modules/esm/loader:336:24)
    at async loadESM (node:internal/process/esm_loader:34:7)
    at async handleMainPromise (node:internal/modules/run_main:106:12) 
2025-10-08 17:05:20 PM ERROR: uncaughtException: Route.delete() requires a callback function but got a [object Undefined]
Error: Route.delete() requires a callback function but got a [object Undefined]
    at Route.<computed> [as delete] (/home/mdstorms/sylessentialz-ecommerce/backend/v1/node_modules/express/lib/router/route.js:216:15)
    at proto.<computed> [as delete] (/home/mdstorms/sylessentialz-ecommerce/backend/v1/node_modules/express/lib/router/index.js:521:19)
    at file:///home/mdstorms/sylessentialz-ecommerce/backend/v1/routes/_product.js:281:14
    at ModuleJob.run (node:internal/modules/esm/module_job:195:25)
    at async ModuleLoader.import (node:internal/modules/esm/loader:336:24)
    at async loadESM (node:internal/process/esm_loader:34:7)
    at async handleMainPromise (node:internal/modules/run_main:106:12) 
2025-10-08 17:05:28 PM ERROR: uncaughtException: Route.post() requires a callback function but got a [object Undefined]
Error: Route.post() requires a callback function but got a [object Undefined]
    at Route.<computed> [as post] (/home/mdstorms/sylessentialz-ecommerce/backend/v1/node_modules/express/lib/router/route.js:216:15)
    at proto.<computed> [as post] (/home/mdstorms/sylessentialz-ecommerce/backend/v1/node_modules/express/lib/router/index.js:521:19)
    at file:///home/mdstorms/sylessentialz-ecommerce/backend/v1/routes/_payment.js:47:8
    at ModuleJob.run (node:internal/modules/esm/module_job:195:25)
    at async ModuleLoader.import (node:internal/modules/esm/loader:336:24)
    at async loadESM (node:internal/process/esm_loader:34:7)
    at async handleMainPromise (node:internal/modules/run_main:106:12) 
2025-10-09 08:43:19 AM ERROR: uncaughtException: EIO: i/o error, write
Error: EIO: i/o error, write
    at writeSync (node:fs:929:3)
    at SyncWriteStream._write (node:internal/fs/sync_write_stream:27:5)
    at writeOrBuffer (node:internal/streams/writable:392:12)
    at _write (node:internal/streams/writable:333:10)
    at Writable.write (node:internal/streams/writable:337:10)
    at Console.log (/home/mdstorms/sylessentialz-ecommerce/backend/v1/node_modules/winston/lib/winston/transports/console.js:87:23)
    at Console._write (/home/mdstorms/sylessentialz-ecommerce/backend/v1/node_modules/winston-transport/modern.js:103:17)
    at doWrite (/home/mdstorms/sylessentialz-ecommerce/backend/v1/node_modules/readable-stream/lib/_stream_writable.js:390:139)
    at writeOrBuffer (/home/mdstorms/sylessentialz-ecommerce/backend/v1/node_modules/readable-stream/lib/_stream_writable.js:381:5)
    at Writable.write (/home/mdstorms/sylessentialz-ecommerce/backend/v1/node_modules/readable-stream/lib/_stream_writable.js:302:11) 
2025-10-09 14:22:32 PM ERROR: uncaughtException: EIO: i/o error, write
Error: EIO: i/o error, write
    at writeSync (node:fs:929:3)
    at SyncWriteStream._write (node:internal/fs/sync_write_stream:27:5)
    at writeOrBuffer (node:internal/streams/writable:392:12)
    at _write (node:internal/streams/writable:333:10)
    at Writable.write (node:internal/streams/writable:337:10)
    at Console.log (/home/mdstorms/sylessentialz-ecommerce/backend/v1/node_modules/winston/lib/winston/transports/console.js:87:23)
    at Console._write (/home/mdstorms/sylessentialz-ecommerce/backend/v1/node_modules/winston-transport/modern.js:103:17)
    at doWrite (/home/mdstorms/sylessentialz-ecommerce/backend/v1/node_modules/readable-stream/lib/_stream_writable.js:390:139)
    at writeOrBuffer (/home/mdstorms/sylessentialz-ecommerce/backend/v1/node_modules/readable-stream/lib/_stream_writable.js:381:5)
    at Writable.write (/home/mdstorms/sylessentialz-ecommerce/backend/v1/node_modules/readable-stream/lib/_stream_writable.js:302:11) 
2025-10-09 15:56:31 PM ERROR: uncaughtException: listen EADDRINUSE: address already in use :::3000
Error: listen EADDRINUSE: address already in use :::3000
    at Server.setupListenHandle [as _listen2] (node:net:1811:16)
    at listenInCluster (node:net:1859:12)
    at Server.listen (node:net:1947:7)
    at Function.listen (/home/mdstorms/sylessentialz-ecommerce/backend/v1/node_modules/express/lib/application.js:635:24)
    at start (file:///home/mdstorms/sylessentialz-ecommerce/backend/v1/server.js:21:24)
    at process.processTicksAndRejections (node:internal/process/task_queues:95:5) 
2025-10-09 15:58:31 PM ERROR: uncaughtException: listen EADDRINUSE: address already in use :::3000
Error: listen EADDRINUSE: address already in use :::3000
    at Server.setupListenHandle [as _listen2] (node:net:1811:16)
    at listenInCluster (node:net:1859:12)
    at Server.listen (node:net:1947:7)
    at Function.listen (/home/mdstorms/sylessentialz-ecommerce/backend/v1/node_modules/express/lib/application.js:635:24)
    at start (file:///home/mdstorms/sylessentialz-ecommerce/backend/v1/server.js:21:24)
    at process.processTicksAndRejections (node:internal/process/task_queues:95:5) 
