2024-05-29T23:21:28.175Z INFO: GET /api-docs/ 304 6ms 304
2024-05-29T23:21:28.239Z INFO: GET /api-docs/swagger-ui.css 304 2ms 304
2024-05-29T23:21:28.243Z INFO: GET /api-docs/swagger-ui-bundle.js 304 0ms 304
2024-05-29T23:21:28.246Z INFO: GET /api-docs/swagger-ui-standalone-preset.js 304 0ms 304
2024-05-29T23:21:28.252Z INFO: GET /api-docs/swagger-ui-init.js 304 1ms 304
2024-05-29T23:21:28.749Z INFO: GET /api-docs/favicon-32x32.png 304 1ms 304
2024-05-29T23:21:53.309Z INFO: POST /api/v1/auth/login 200 370ms 200
2024-05-29T23:23:59.115Z WARN: POST /api/v1/api/v1/products 404 1ms 404
2024-05-29T23:24:56.405Z WARN: POST /api/v1/api/v1/products 404 1ms 404
2024-05-29T23:24:57.429Z WARN: POST /api/v1/api/v1/products 404 1ms 404
2024-05-29T23:24:58.053Z WARN: POST /api/v1/api/v1/products 404 0ms 404
2024-05-29T23:24:58.502Z WARN: POST /api/v1/api/v1/products 404 0ms 404
2024-05-29T23:24:58.728Z WARN: POST /api/v1/api/v1/products 404 0ms 404
2024-05-29T23:25:05.707Z WARN: POST /api/v1/api/v1/products 404 0ms 404
2024-05-30T21:59:59.529Z ERROR: POST /api/v1/auth/forgot-password 500 2626ms 500
2024-05-30T22:21:49.127Z ERROR: POST /api/v1/auth/forgot-password 500 4057ms 500
2024-05-30T22:22:35.049Z INFO: POST /api/v1/auth/login 200 643ms 200
2024-05-30T22:35:56.724Z ERROR: POST /api/v1/auth/forgot-password 500 2946ms 500
2024-05-30T22:39:54.728Z ERROR: POST /api/v1/auth/forgot-password 500 12234ms 500
2024-05-30T22:40:37.361Z ERROR: POST /api/v1/auth/forgot-password 500 2879ms 500
2024-05-30T23:15:21.977Z ERROR: POST /api/v1/auth/forgot-password 500 17069ms 500
2024-05-30T23:26:51.590Z ERROR: POST /api/v1/auth/forgot-password 500 3380ms 500
2024-05-30T23:26:58.664Z ERROR: POST /api/v1/auth/forgot-password 500 2996ms 500
2024-05-30T23:33:00.063Z ERROR: POST /api/v1/auth/forgot-password 500 2248ms 500
2024-05-30T23:36:45.256Z ERROR: POST /api/v1/auth/forgot-password 500 3012ms 500
2024-05-31T03:24:29.358Z ERROR: POST /api/v1/auth/forgot-password 500 3196ms 500
2024-05-31T03:54:02.406Z ERROR: POST /api/v1/auth/forgot-password 500 2638ms 500
2024-05-31T04:25:02.070Z INFO: POST /api/v1/auth/login 200 962ms 200
2024-05-31T04:27:54.919Z INFO: POST /api/v1/auth/login 200 1026ms 200
