2024-05-29T23:08:04.020Z ERROR: uncaughtException: app.user is not a function
TypeError: app.user is not a function
    at file:///home/mdstorms/sylessentialz-ecommerce/backend/app.js:23:5
    at ModuleJob.run (node:internal/modules/esm/module_job:222:25)
    at async ModuleLoader.import (node:internal/modules/esm/loader:323:24)
    at async loadESM (node:internal/process/esm_loader:28:7)
    at async handleMainPromise (node:internal/modules/run_main:120:12) 
2024-05-29T23:08:30.864Z ERROR: uncaughtException: app.user is not a function
TypeError: app.user is not a function
    at file:///home/mdstorms/sylessentialz-ecommerce/backend/app.js:23:5
    at ModuleJob.run (node:internal/modules/esm/module_job:222:25)
    at async ModuleLoader.import (node:internal/modules/esm/loader:323:24)
    at async loadESM (node:internal/process/esm_loader:28:7)
    at async handleMainPromise (node:internal/modules/run_main:120:12) 
2024-05-30T21:59:59.529Z ERROR: POST /api/v1/auth/forgot-password 500 2626ms 500
2024-05-30T22:21:49.127Z ERROR: POST /api/v1/auth/forgot-password 500 4057ms 500
2024-05-30T22:35:56.724Z ERROR: POST /api/v1/auth/forgot-password 500 2946ms 500
2024-05-30T22:39:54.728Z ERROR: POST /api/v1/auth/forgot-password 500 12234ms 500
2024-05-30T22:40:37.361Z ERROR: POST /api/v1/auth/forgot-password 500 2879ms 500
2024-05-30T23:15:21.977Z ERROR: POST /api/v1/auth/forgot-password 500 17069ms 500
2024-05-30T23:26:51.590Z ERROR: POST /api/v1/auth/forgot-password 500 3380ms 500
2024-05-30T23:26:58.664Z ERROR: POST /api/v1/auth/forgot-password 500 2996ms 500
2024-05-30T23:33:00.063Z ERROR: POST /api/v1/auth/forgot-password 500 2248ms 500
2024-05-30T23:36:45.256Z ERROR: POST /api/v1/auth/forgot-password 500 3012ms 500
2024-05-31T03:24:29.358Z ERROR: POST /api/v1/auth/forgot-password 500 3196ms 500
2024-05-31T03:54:02.406Z ERROR: POST /api/v1/auth/forgot-password 500 2638ms 500
2024-06-20T19:29:07.822Z ERROR: POST /api/v1/auth/forgot-password 500 2708ms 500
2024-06-21T16:39:22.641Z ERROR: POST /api/v1/auth/register 500 522ms 500
2024-06-26T10:54:39.579Z ERROR: GET /api/v1/products/search?query=Electronics 500 17ms 500
2024-06-26T10:54:56.147Z ERROR: GET /api/v1/products/search?query=%22Electronics%22 500 2ms 500
2024-06-26T10:55:07.454Z ERROR: GET /api/v1/products/search?q=%22Electronics%22 500 3ms 500
2024-06-26T10:57:29.921Z ERROR: GET /api/v1/products/search?q=Electronics 500 2ms 500
2024-06-26T10:59:11.693Z ERROR: GET /api/v1/products/search?q=Gadgets 500 6ms 500
2024-07-01T11:49:37.084Z ERROR: POST /api/v1/auth/login 500 1301ms 500
2024-07-01T17:37:34.222Z ERROR: uncaughtException: HttpStatus is not defined
ReferenceError: HttpStatus is not defined
    at login_user (file:///home/mdstorms/sylessentialz-ecommerce/backend/controllers/_authController.js:42:34)
    at process.processTicksAndRejections (node:internal/process/task_queues:95:5) 
2024-07-01T17:40:24.543Z ERROR: uncaughtException: HttpStatus is not defined
ReferenceError: HttpStatus is not defined
    at login_user (file:///home/mdstorms/sylessentialz-ecommerce/backend/controllers/_authController.js:42:34)
    at process.processTicksAndRejections (node:internal/process/task_queues:95:5) 
2024-07-01T17:42:57.764Z ERROR: uncaughtException: HttpStatus is not defined
ReferenceError: HttpStatus is not defined
    at login_user (file:///home/mdstorms/sylessentialz-ecommerce/backend/controllers/_authController.js:42:34)
    at process.processTicksAndRejections (node:internal/process/task_queues:95:5) 
